

================================================================
== Vitis HLS Report for 'relu_ap_fixed_16_6_5_3_0_ap_fixed_16_6_5_3_0_relu_config4_s'
================================================================
* Date:           Tue Jan 28 04:08:22 2025

* Version:        2022.2 (Build 3670227 on Oct 13 2022)
* Project:        myproject_prj
* Solution:       solution1 (Vivado IP Flow Target)
* Product family: virtexuplus
* Target device:  xcu250-figd2104-2L-e


================================================================
== Performance Estimates
================================================================
+ Timing: 
    * Summary: 
    +--------+---------+----------+------------+
    |  Clock |  Target | Estimated| Uncertainty|
    +--------+---------+----------+------------+
    |ap_clk  |  5.00 ns|  0.969 ns|     1.35 ns|
    +--------+---------+----------+------------+

+ Latency: 
    * Summary: 
    +---------+---------+----------+----------+-----+-----+---------+
    |  Latency (cycles) |  Latency (absolute) |  Interval | Pipeline|
    |   min   |   max   |    min   |    max   | min | max |   Type  |
    +---------+---------+----------+----------+-----+-----+---------+
    |        0|        0|      0 ns|      0 ns|    1|    1|      yes|
    +---------+---------+----------+----------+-----+-----+---------+

    + Detail: 
        * Instance: 
        N/A

        * Loop: 
        N/A



================================================================
== Utilization Estimates
================================================================
* Summary: 
+---------------------+---------+-------+---------+---------+------+
|         Name        | BRAM_18K|  DSP  |    FF   |   LUT   | URAM |
+---------------------+---------+-------+---------+---------+------+
|DSP                  |        -|      -|        -|        -|     -|
|Expression           |        -|      -|        0|     1792|     -|
|FIFO                 |        -|      -|        -|        -|     -|
|Instance             |        -|      -|        -|        -|     -|
|Memory               |        -|      -|        -|        -|     -|
|Multiplexer          |        -|      -|        -|        -|     -|
|Register             |        -|      -|        -|        -|     -|
+---------------------+---------+-------+---------+---------+------+
|Total                |        0|      0|        0|     1792|     0|
+---------------------+---------+-------+---------+---------+------+
|Available SLR        |     1344|   3072|   864000|   432000|   320|
+---------------------+---------+-------+---------+---------+------+
|Utilization SLR (%)  |        0|      0|        0|       ~0|     0|
+---------------------+---------+-------+---------+---------+------+
|Available            |     5376|  12288|  3456000|  1728000|  1280|
+---------------------+---------+-------+---------+---------+------+
|Utilization (%)      |        0|      0|        0|       ~0|     0|
+---------------------+---------+-------+---------+---------+------+

+ Detail: 
    * Instance: 
    N/A

    * DSP: 
    N/A

    * Memory: 
    N/A

    * FIFO: 
    N/A

    * Expression: 
    +---------------------------+----------+----+---+----+------------+------------+
    |       Variable Name       | Operation| DSP| FF| LUT| Bitwidth P0| Bitwidth P1|
    +---------------------------+----------+----+---+----+------------+------------+
    |icmp_ln1649_32_fu_802_p2   |      icmp|   0|  0|  13|          16|           1|
    |icmp_ln1649_33_fu_820_p2   |      icmp|   0|  0|  13|          16|           1|
    |icmp_ln1649_34_fu_838_p2   |      icmp|   0|  0|  13|          16|           1|
    |icmp_ln1649_35_fu_856_p2   |      icmp|   0|  0|  13|          16|           1|
    |icmp_ln1649_36_fu_874_p2   |      icmp|   0|  0|  13|          16|           1|
    |icmp_ln1649_37_fu_892_p2   |      icmp|   0|  0|  13|          16|           1|
    |icmp_ln1649_38_fu_910_p2   |      icmp|   0|  0|  13|          16|           1|
    |icmp_ln1649_39_fu_928_p2   |      icmp|   0|  0|  13|          16|           1|
    |icmp_ln1649_40_fu_946_p2   |      icmp|   0|  0|  13|          16|           1|
    |icmp_ln1649_41_fu_964_p2   |      icmp|   0|  0|  13|          16|           1|
    |icmp_ln1649_42_fu_982_p2   |      icmp|   0|  0|  13|          16|           1|
    |icmp_ln1649_43_fu_1000_p2  |      icmp|   0|  0|  13|          16|           1|
    |icmp_ln1649_44_fu_1018_p2  |      icmp|   0|  0|  13|          16|           1|
    |icmp_ln1649_45_fu_1036_p2  |      icmp|   0|  0|  13|          16|           1|
    |icmp_ln1649_46_fu_1054_p2  |      icmp|   0|  0|  13|          16|           1|
    |icmp_ln1649_47_fu_1072_p2  |      icmp|   0|  0|  13|          16|           1|
    |icmp_ln1649_48_fu_1090_p2  |      icmp|   0|  0|  13|          16|           1|
    |icmp_ln1649_49_fu_1108_p2  |      icmp|   0|  0|  13|          16|           1|
    |icmp_ln1649_50_fu_1126_p2  |      icmp|   0|  0|  13|          16|           1|
    |icmp_ln1649_51_fu_1144_p2  |      icmp|   0|  0|  13|          16|           1|
    |icmp_ln1649_52_fu_1162_p2  |      icmp|   0|  0|  13|          16|           1|
    |icmp_ln1649_53_fu_1180_p2  |      icmp|   0|  0|  13|          16|           1|
    |icmp_ln1649_54_fu_1198_p2  |      icmp|   0|  0|  13|          16|           1|
    |icmp_ln1649_55_fu_1216_p2  |      icmp|   0|  0|  13|          16|           1|
    |icmp_ln1649_56_fu_1234_p2  |      icmp|   0|  0|  13|          16|           1|
    |icmp_ln1649_57_fu_1252_p2  |      icmp|   0|  0|  13|          16|           1|
    |icmp_ln1649_58_fu_1270_p2  |      icmp|   0|  0|  13|          16|           1|
    |icmp_ln1649_59_fu_1288_p2  |      icmp|   0|  0|  13|          16|           1|
    |icmp_ln1649_60_fu_1306_p2  |      icmp|   0|  0|  13|          16|           1|
    |icmp_ln1649_61_fu_1324_p2  |      icmp|   0|  0|  13|          16|           1|
    |icmp_ln1649_62_fu_1342_p2  |      icmp|   0|  0|  13|          16|           1|
    |icmp_ln1649_63_fu_1360_p2  |      icmp|   0|  0|  13|          16|           1|
    |icmp_ln1649_64_fu_1378_p2  |      icmp|   0|  0|  13|          16|           1|
    |icmp_ln1649_65_fu_1396_p2  |      icmp|   0|  0|  13|          16|           1|
    |icmp_ln1649_66_fu_1414_p2  |      icmp|   0|  0|  13|          16|           1|
    |icmp_ln1649_67_fu_1432_p2  |      icmp|   0|  0|  13|          16|           1|
    |icmp_ln1649_68_fu_1450_p2  |      icmp|   0|  0|  13|          16|           1|
    |icmp_ln1649_69_fu_1468_p2  |      icmp|   0|  0|  13|          16|           1|
    |icmp_ln1649_70_fu_1486_p2  |      icmp|   0|  0|  13|          16|           1|
    |icmp_ln1649_71_fu_1504_p2  |      icmp|   0|  0|  13|          16|           1|
    |icmp_ln1649_72_fu_1522_p2  |      icmp|   0|  0|  13|          16|           1|
    |icmp_ln1649_73_fu_1540_p2  |      icmp|   0|  0|  13|          16|           1|
    |icmp_ln1649_74_fu_1558_p2  |      icmp|   0|  0|  13|          16|           1|
    |icmp_ln1649_75_fu_1576_p2  |      icmp|   0|  0|  13|          16|           1|
    |icmp_ln1649_76_fu_1594_p2  |      icmp|   0|  0|  13|          16|           1|
    |icmp_ln1649_77_fu_1612_p2  |      icmp|   0|  0|  13|          16|           1|
    |icmp_ln1649_78_fu_1630_p2  |      icmp|   0|  0|  13|          16|           1|
    |icmp_ln1649_79_fu_1648_p2  |      icmp|   0|  0|  13|          16|           1|
    |icmp_ln1649_80_fu_1666_p2  |      icmp|   0|  0|  13|          16|           1|
    |icmp_ln1649_81_fu_1684_p2  |      icmp|   0|  0|  13|          16|           1|
    |icmp_ln1649_82_fu_1702_p2  |      icmp|   0|  0|  13|          16|           1|
    |icmp_ln1649_83_fu_1720_p2  |      icmp|   0|  0|  13|          16|           1|
    |icmp_ln1649_84_fu_1738_p2  |      icmp|   0|  0|  13|          16|           1|
    |icmp_ln1649_85_fu_1756_p2  |      icmp|   0|  0|  13|          16|           1|
    |icmp_ln1649_86_fu_1774_p2  |      icmp|   0|  0|  13|          16|           1|
    |icmp_ln1649_87_fu_1792_p2  |      icmp|   0|  0|  13|          16|           1|
    |icmp_ln1649_88_fu_1810_p2  |      icmp|   0|  0|  13|          16|           1|
    |icmp_ln1649_89_fu_1828_p2  |      icmp|   0|  0|  13|          16|           1|
    |icmp_ln1649_90_fu_1846_p2  |      icmp|   0|  0|  13|          16|           1|
    |icmp_ln1649_91_fu_1864_p2  |      icmp|   0|  0|  13|          16|           1|
    |icmp_ln1649_92_fu_1882_p2  |      icmp|   0|  0|  13|          16|           1|
    |icmp_ln1649_93_fu_1900_p2  |      icmp|   0|  0|  13|          16|           1|
    |icmp_ln1649_94_fu_1918_p2  |      icmp|   0|  0|  13|          16|           1|
    |icmp_ln1649_fu_784_p2      |      icmp|   0|  0|  13|          16|           1|
    |datareg_V_32_fu_808_p3     |    select|   0|  0|  15|           1|          15|
    |datareg_V_33_fu_826_p3     |    select|   0|  0|  15|           1|          15|
    |datareg_V_34_fu_844_p3     |    select|   0|  0|  15|           1|          15|
    |datareg_V_35_fu_862_p3     |    select|   0|  0|  15|           1|          15|
    |datareg_V_36_fu_880_p3     |    select|   0|  0|  15|           1|          15|
    |datareg_V_37_fu_898_p3     |    select|   0|  0|  15|           1|          15|
    |datareg_V_38_fu_916_p3     |    select|   0|  0|  15|           1|          15|
    |datareg_V_39_fu_934_p3     |    select|   0|  0|  15|           1|          15|
    |datareg_V_40_fu_952_p3     |    select|   0|  0|  15|           1|          15|
    |datareg_V_41_fu_970_p3     |    select|   0|  0|  15|           1|          15|
    |datareg_V_42_fu_988_p3     |    select|   0|  0|  15|           1|          15|
    |datareg_V_43_fu_1006_p3    |    select|   0|  0|  15|           1|          15|
    |datareg_V_44_fu_1024_p3    |    select|   0|  0|  15|           1|          15|
    |datareg_V_45_fu_1042_p3    |    select|   0|  0|  15|           1|          15|
    |datareg_V_46_fu_1060_p3    |    select|   0|  0|  15|           1|          15|
    |datareg_V_47_fu_1078_p3    |    select|   0|  0|  15|           1|          15|
    |datareg_V_48_fu_1096_p3    |    select|   0|  0|  15|           1|          15|
    |datareg_V_49_fu_1114_p3    |    select|   0|  0|  15|           1|          15|
    |datareg_V_50_fu_1132_p3    |    select|   0|  0|  15|           1|          15|
    |datareg_V_51_fu_1150_p3    |    select|   0|  0|  15|           1|          15|
    |datareg_V_52_fu_1168_p3    |    select|   0|  0|  15|           1|          15|
    |datareg_V_53_fu_1186_p3    |    select|   0|  0|  15|           1|          15|
    |datareg_V_54_fu_1204_p3    |    select|   0|  0|  15|           1|          15|
    |datareg_V_55_fu_1222_p3    |    select|   0|  0|  15|           1|          15|
    |datareg_V_56_fu_1240_p3    |    select|   0|  0|  15|           1|          15|
    |datareg_V_57_fu_1258_p3    |    select|   0|  0|  15|           1|          15|
    |datareg_V_58_fu_1276_p3    |    select|   0|  0|  15|           1|          15|
    |datareg_V_59_fu_1294_p3    |    select|   0|  0|  15|           1|          15|
    |datareg_V_60_fu_1312_p3    |    select|   0|  0|  15|           1|          15|
    |datareg_V_61_fu_1330_p3    |    select|   0|  0|  15|           1|          15|
    |datareg_V_62_fu_1348_p3    |    select|   0|  0|  15|           1|          15|
    |datareg_V_63_fu_1366_p3    |    select|   0|  0|  15|           1|          15|
    |datareg_V_64_fu_1384_p3    |    select|   0|  0|  15|           1|          15|
    |datareg_V_65_fu_1402_p3    |    select|   0|  0|  15|           1|          15|
    |datareg_V_66_fu_1420_p3    |    select|   0|  0|  15|           1|          15|
    |datareg_V_67_fu_1438_p3    |    select|   0|  0|  15|           1|          15|
    |datareg_V_68_fu_1456_p3    |    select|   0|  0|  15|           1|          15|
    |datareg_V_69_fu_1474_p3    |    select|   0|  0|  15|           1|          15|
    |datareg_V_70_fu_1492_p3    |    select|   0|  0|  15|           1|          15|
    |datareg_V_71_fu_1510_p3    |    select|   0|  0|  15|           1|          15|
    |datareg_V_72_fu_1528_p3    |    select|   0|  0|  15|           1|          15|
    |datareg_V_73_fu_1546_p3    |    select|   0|  0|  15|           1|          15|
    |datareg_V_74_fu_1564_p3    |    select|   0|  0|  15|           1|          15|
    |datareg_V_75_fu_1582_p3    |    select|   0|  0|  15|           1|          15|
    |datareg_V_76_fu_1600_p3    |    select|   0|  0|  15|           1|          15|
    |datareg_V_77_fu_1618_p3    |    select|   0|  0|  15|           1|          15|
    |datareg_V_78_fu_1636_p3    |    select|   0|  0|  15|           1|          15|
    |datareg_V_79_fu_1654_p3    |    select|   0|  0|  15|           1|          15|
    |datareg_V_80_fu_1672_p3    |    select|   0|  0|  15|           1|          15|
    |datareg_V_81_fu_1690_p3    |    select|   0|  0|  15|           1|          15|
    |datareg_V_82_fu_1708_p3    |    select|   0|  0|  15|           1|          15|
    |datareg_V_83_fu_1726_p3    |    select|   0|  0|  15|           1|          15|
    |datareg_V_84_fu_1744_p3    |    select|   0|  0|  15|           1|          15|
    |datareg_V_85_fu_1762_p3    |    select|   0|  0|  15|           1|          15|
    |datareg_V_86_fu_1780_p3    |    select|   0|  0|  15|           1|          15|
    |datareg_V_87_fu_1798_p3    |    select|   0|  0|  15|           1|          15|
    |datareg_V_88_fu_1816_p3    |    select|   0|  0|  15|           1|          15|
    |datareg_V_89_fu_1834_p3    |    select|   0|  0|  15|           1|          15|
    |datareg_V_90_fu_1852_p3    |    select|   0|  0|  15|           1|          15|
    |datareg_V_91_fu_1870_p3    |    select|   0|  0|  15|           1|          15|
    |datareg_V_92_fu_1888_p3    |    select|   0|  0|  15|           1|          15|
    |datareg_V_93_fu_1906_p3    |    select|   0|  0|  15|           1|          15|
    |datareg_V_94_fu_1924_p3    |    select|   0|  0|  15|           1|          15|
    |datareg_V_fu_790_p3        |    select|   0|  0|  15|           1|          15|
    +---------------------------+----------+----+---+----+------------+------------+
    |Total                      |          |   0|  0|1792|        1088|        1024|
    +---------------------------+----------+----+---+----+------------+------------+

    * Multiplexer: 
    N/A

    * Register: 
    N/A



================================================================
== Interface
================================================================
* Summary: 
+--------------+-----+-----+------------+------------------------------------------------------------------------+--------------+
|   RTL Ports  | Dir | Bits|  Protocol  |                              Source Object                             |    C Type    |
+--------------+-----+-----+------------+------------------------------------------------------------------------+--------------+
|ap_ready      |  out|    1|  ap_ctrl_hs|  relu<ap_fixed<16, 6, 5, 3, 0>, ap_fixed<16, 6, 5, 3, 0>, relu_config4>|  return value|
|ap_return_0   |  out|   16|  ap_ctrl_hs|  relu<ap_fixed<16, 6, 5, 3, 0>, ap_fixed<16, 6, 5, 3, 0>, relu_config4>|  return value|
|ap_return_1   |  out|   16|  ap_ctrl_hs|  relu<ap_fixed<16, 6, 5, 3, 0>, ap_fixed<16, 6, 5, 3, 0>, relu_config4>|  return value|
|ap_return_2   |  out|   16|  ap_ctrl_hs|  relu<ap_fixed<16, 6, 5, 3, 0>, ap_fixed<16, 6, 5, 3, 0>, relu_config4>|  return value|
|ap_return_3   |  out|   16|  ap_ctrl_hs|  relu<ap_fixed<16, 6, 5, 3, 0>, ap_fixed<16, 6, 5, 3, 0>, relu_config4>|  return value|
|ap_return_4   |  out|   16|  ap_ctrl_hs|  relu<ap_fixed<16, 6, 5, 3, 0>, ap_fixed<16, 6, 5, 3, 0>, relu_config4>|  return value|
|ap_return_5   |  out|   16|  ap_ctrl_hs|  relu<ap_fixed<16, 6, 5, 3, 0>, ap_fixed<16, 6, 5, 3, 0>, relu_config4>|  return value|
|ap_return_6   |  out|   16|  ap_ctrl_hs|  relu<ap_fixed<16, 6, 5, 3, 0>, ap_fixed<16, 6, 5, 3, 0>, relu_config4>|  return value|
|ap_return_7   |  out|   16|  ap_ctrl_hs|  relu<ap_fixed<16, 6, 5, 3, 0>, ap_fixed<16, 6, 5, 3, 0>, relu_config4>|  return value|
|ap_return_8   |  out|   16|  ap_ctrl_hs|  relu<ap_fixed<16, 6, 5, 3, 0>, ap_fixed<16, 6, 5, 3, 0>, relu_config4>|  return value|
|ap_return_9   |  out|   16|  ap_ctrl_hs|  relu<ap_fixed<16, 6, 5, 3, 0>, ap_fixed<16, 6, 5, 3, 0>, relu_config4>|  return value|
|ap_return_10  |  out|   16|  ap_ctrl_hs|  relu<ap_fixed<16, 6, 5, 3, 0>, ap_fixed<16, 6, 5, 3, 0>, relu_config4>|  return value|
|ap_return_11  |  out|   16|  ap_ctrl_hs|  relu<ap_fixed<16, 6, 5, 3, 0>, ap_fixed<16, 6, 5, 3, 0>, relu_config4>|  return value|
|ap_return_12  |  out|   16|  ap_ctrl_hs|  relu<ap_fixed<16, 6, 5, 3, 0>, ap_fixed<16, 6, 5, 3, 0>, relu_config4>|  return value|
|ap_return_13  |  out|   16|  ap_ctrl_hs|  relu<ap_fixed<16, 6, 5, 3, 0>, ap_fixed<16, 6, 5, 3, 0>, relu_config4>|  return value|
|ap_return_14  |  out|   16|  ap_ctrl_hs|  relu<ap_fixed<16, 6, 5, 3, 0>, ap_fixed<16, 6, 5, 3, 0>, relu_config4>|  return value|
|ap_return_15  |  out|   16|  ap_ctrl_hs|  relu<ap_fixed<16, 6, 5, 3, 0>, ap_fixed<16, 6, 5, 3, 0>, relu_config4>|  return value|
|ap_return_16  |  out|   16|  ap_ctrl_hs|  relu<ap_fixed<16, 6, 5, 3, 0>, ap_fixed<16, 6, 5, 3, 0>, relu_config4>|  return value|
|ap_return_17  |  out|   16|  ap_ctrl_hs|  relu<ap_fixed<16, 6, 5, 3, 0>, ap_fixed<16, 6, 5, 3, 0>, relu_config4>|  return value|
|ap_return_18  |  out|   16|  ap_ctrl_hs|  relu<ap_fixed<16, 6, 5, 3, 0>, ap_fixed<16, 6, 5, 3, 0>, relu_config4>|  return value|
|ap_return_19  |  out|   16|  ap_ctrl_hs|  relu<ap_fixed<16, 6, 5, 3, 0>, ap_fixed<16, 6, 5, 3, 0>, relu_config4>|  return value|
|ap_return_20  |  out|   16|  ap_ctrl_hs|  relu<ap_fixed<16, 6, 5, 3, 0>, ap_fixed<16, 6, 5, 3, 0>, relu_config4>|  return value|
|ap_return_21  |  out|   16|  ap_ctrl_hs|  relu<ap_fixed<16, 6, 5, 3, 0>, ap_fixed<16, 6, 5, 3, 0>, relu_config4>|  return value|
|ap_return_22  |  out|   16|  ap_ctrl_hs|  relu<ap_fixed<16, 6, 5, 3, 0>, ap_fixed<16, 6, 5, 3, 0>, relu_config4>|  return value|
|ap_return_23  |  out|   16|  ap_ctrl_hs|  relu<ap_fixed<16, 6, 5, 3, 0>, ap_fixed<16, 6, 5, 3, 0>, relu_config4>|  return value|
|ap_return_24  |  out|   16|  ap_ctrl_hs|  relu<ap_fixed<16, 6, 5, 3, 0>, ap_fixed<16, 6, 5, 3, 0>, relu_config4>|  return value|
|ap_return_25  |  out|   16|  ap_ctrl_hs|  relu<ap_fixed<16, 6, 5, 3, 0>, ap_fixed<16, 6, 5, 3, 0>, relu_config4>|  return value|
|ap_return_26  |  out|   16|  ap_ctrl_hs|  relu<ap_fixed<16, 6, 5, 3, 0>, ap_fixed<16, 6, 5, 3, 0>, relu_config4>|  return value|
|ap_return_27  |  out|   16|  ap_ctrl_hs|  relu<ap_fixed<16, 6, 5, 3, 0>, ap_fixed<16, 6, 5, 3, 0>, relu_config4>|  return value|
|ap_return_28  |  out|   16|  ap_ctrl_hs|  relu<ap_fixed<16, 6, 5, 3, 0>, ap_fixed<16, 6, 5, 3, 0>, relu_config4>|  return value|
|ap_return_29  |  out|   16|  ap_ctrl_hs|  relu<ap_fixed<16, 6, 5, 3, 0>, ap_fixed<16, 6, 5, 3, 0>, relu_config4>|  return value|
|ap_return_30  |  out|   16|  ap_ctrl_hs|  relu<ap_fixed<16, 6, 5, 3, 0>, ap_fixed<16, 6, 5, 3, 0>, relu_config4>|  return value|
|ap_return_31  |  out|   16|  ap_ctrl_hs|  relu<ap_fixed<16, 6, 5, 3, 0>, ap_fixed<16, 6, 5, 3, 0>, relu_config4>|  return value|
|ap_return_32  |  out|   16|  ap_ctrl_hs|  relu<ap_fixed<16, 6, 5, 3, 0>, ap_fixed<16, 6, 5, 3, 0>, relu_config4>|  return value|
|ap_return_33  |  out|   16|  ap_ctrl_hs|  relu<ap_fixed<16, 6, 5, 3, 0>, ap_fixed<16, 6, 5, 3, 0>, relu_config4>|  return value|
|ap_return_34  |  out|   16|  ap_ctrl_hs|  relu<ap_fixed<16, 6, 5, 3, 0>, ap_fixed<16, 6, 5, 3, 0>, relu_config4>|  return value|
|ap_return_35  |  out|   16|  ap_ctrl_hs|  relu<ap_fixed<16, 6, 5, 3, 0>, ap_fixed<16, 6, 5, 3, 0>, relu_config4>|  return value|
|ap_return_36  |  out|   16|  ap_ctrl_hs|  relu<ap_fixed<16, 6, 5, 3, 0>, ap_fixed<16, 6, 5, 3, 0>, relu_config4>|  return value|
|ap_return_37  |  out|   16|  ap_ctrl_hs|  relu<ap_fixed<16, 6, 5, 3, 0>, ap_fixed<16, 6, 5, 3, 0>, relu_config4>|  return value|
|ap_return_38  |  out|   16|  ap_ctrl_hs|  relu<ap_fixed<16, 6, 5, 3, 0>, ap_fixed<16, 6, 5, 3, 0>, relu_config4>|  return value|
|ap_return_39  |  out|   16|  ap_ctrl_hs|  relu<ap_fixed<16, 6, 5, 3, 0>, ap_fixed<16, 6, 5, 3, 0>, relu_config4>|  return value|
|ap_return_40  |  out|   16|  ap_ctrl_hs|  relu<ap_fixed<16, 6, 5, 3, 0>, ap_fixed<16, 6, 5, 3, 0>, relu_config4>|  return value|
|ap_return_41  |  out|   16|  ap_ctrl_hs|  relu<ap_fixed<16, 6, 5, 3, 0>, ap_fixed<16, 6, 5, 3, 0>, relu_config4>|  return value|
|ap_return_42  |  out|   16|  ap_ctrl_hs|  relu<ap_fixed<16, 6, 5, 3, 0>, ap_fixed<16, 6, 5, 3, 0>, relu_config4>|  return value|
|ap_return_43  |  out|   16|  ap_ctrl_hs|  relu<ap_fixed<16, 6, 5, 3, 0>, ap_fixed<16, 6, 5, 3, 0>, relu_config4>|  return value|
|ap_return_44  |  out|   16|  ap_ctrl_hs|  relu<ap_fixed<16, 6, 5, 3, 0>, ap_fixed<16, 6, 5, 3, 0>, relu_config4>|  return value|
|ap_return_45  |  out|   16|  ap_ctrl_hs|  relu<ap_fixed<16, 6, 5, 3, 0>, ap_fixed<16, 6, 5, 3, 0>, relu_config4>|  return value|
|ap_return_46  |  out|   16|  ap_ctrl_hs|  relu<ap_fixed<16, 6, 5, 3, 0>, ap_fixed<16, 6, 5, 3, 0>, relu_config4>|  return value|
|ap_return_47  |  out|   16|  ap_ctrl_hs|  relu<ap_fixed<16, 6, 5, 3, 0>, ap_fixed<16, 6, 5, 3, 0>, relu_config4>|  return value|
|ap_return_48  |  out|   16|  ap_ctrl_hs|  relu<ap_fixed<16, 6, 5, 3, 0>, ap_fixed<16, 6, 5, 3, 0>, relu_config4>|  return value|
|ap_return_49  |  out|   16|  ap_ctrl_hs|  relu<ap_fixed<16, 6, 5, 3, 0>, ap_fixed<16, 6, 5, 3, 0>, relu_config4>|  return value|
|ap_return_50  |  out|   16|  ap_ctrl_hs|  relu<ap_fixed<16, 6, 5, 3, 0>, ap_fixed<16, 6, 5, 3, 0>, relu_config4>|  return value|
|ap_return_51  |  out|   16|  ap_ctrl_hs|  relu<ap_fixed<16, 6, 5, 3, 0>, ap_fixed<16, 6, 5, 3, 0>, relu_config4>|  return value|
|ap_return_52  |  out|   16|  ap_ctrl_hs|  relu<ap_fixed<16, 6, 5, 3, 0>, ap_fixed<16, 6, 5, 3, 0>, relu_config4>|  return value|
|ap_return_53  |  out|   16|  ap_ctrl_hs|  relu<ap_fixed<16, 6, 5, 3, 0>, ap_fixed<16, 6, 5, 3, 0>, relu_config4>|  return value|
|ap_return_54  |  out|   16|  ap_ctrl_hs|  relu<ap_fixed<16, 6, 5, 3, 0>, ap_fixed<16, 6, 5, 3, 0>, relu_config4>|  return value|
|ap_return_55  |  out|   16|  ap_ctrl_hs|  relu<ap_fixed<16, 6, 5, 3, 0>, ap_fixed<16, 6, 5, 3, 0>, relu_config4>|  return value|
|ap_return_56  |  out|   16|  ap_ctrl_hs|  relu<ap_fixed<16, 6, 5, 3, 0>, ap_fixed<16, 6, 5, 3, 0>, relu_config4>|  return value|
|ap_return_57  |  out|   16|  ap_ctrl_hs|  relu<ap_fixed<16, 6, 5, 3, 0>, ap_fixed<16, 6, 5, 3, 0>, relu_config4>|  return value|
|ap_return_58  |  out|   16|  ap_ctrl_hs|  relu<ap_fixed<16, 6, 5, 3, 0>, ap_fixed<16, 6, 5, 3, 0>, relu_config4>|  return value|
|ap_return_59  |  out|   16|  ap_ctrl_hs|  relu<ap_fixed<16, 6, 5, 3, 0>, ap_fixed<16, 6, 5, 3, 0>, relu_config4>|  return value|
|ap_return_60  |  out|   16|  ap_ctrl_hs|  relu<ap_fixed<16, 6, 5, 3, 0>, ap_fixed<16, 6, 5, 3, 0>, relu_config4>|  return value|
|ap_return_61  |  out|   16|  ap_ctrl_hs|  relu<ap_fixed<16, 6, 5, 3, 0>, ap_fixed<16, 6, 5, 3, 0>, relu_config4>|  return value|
|ap_return_62  |  out|   16|  ap_ctrl_hs|  relu<ap_fixed<16, 6, 5, 3, 0>, ap_fixed<16, 6, 5, 3, 0>, relu_config4>|  return value|
|ap_return_63  |  out|   16|  ap_ctrl_hs|  relu<ap_fixed<16, 6, 5, 3, 0>, ap_fixed<16, 6, 5, 3, 0>, relu_config4>|  return value|
|p_read        |   in|   16|     ap_none|                                                                  p_read|        scalar|
|p_read1       |   in|   16|     ap_none|                                                                 p_read1|        scalar|
|p_read2       |   in|   16|     ap_none|                                                                 p_read2|        scalar|
|p_read3       |   in|   16|     ap_none|                                                                 p_read3|        scalar|
|p_read4       |   in|   16|     ap_none|                                                                 p_read4|        scalar|
|p_read5       |   in|   16|     ap_none|                                                                 p_read5|        scalar|
|p_read6       |   in|   16|     ap_none|                                                                 p_read6|        scalar|
|p_read7       |   in|   16|     ap_none|                                                                 p_read7|        scalar|
|p_read8       |   in|   16|     ap_none|                                                                 p_read8|        scalar|
|p_read9       |   in|   16|     ap_none|                                                                 p_read9|        scalar|
|p_read10      |   in|   16|     ap_none|                                                                p_read10|        scalar|
|p_read11      |   in|   16|     ap_none|                                                                p_read11|        scalar|
|p_read12      |   in|   16|     ap_none|                                                                p_read12|        scalar|
|p_read13      |   in|   16|     ap_none|                                                                p_read13|        scalar|
|p_read14      |   in|   16|     ap_none|                                                                p_read14|        scalar|
|p_read15      |   in|   16|     ap_none|                                                                p_read15|        scalar|
|p_read16      |   in|   16|     ap_none|                                                                p_read16|        scalar|
|p_read17      |   in|   16|     ap_none|                                                                p_read17|        scalar|
|p_read18      |   in|   16|     ap_none|                                                                p_read18|        scalar|
|p_read19      |   in|   16|     ap_none|                                                                p_read19|        scalar|
|p_read20      |   in|   16|     ap_none|                                                                p_read20|        scalar|
|p_read21      |   in|   16|     ap_none|                                                                p_read21|        scalar|
|p_read22      |   in|   16|     ap_none|                                                                p_read22|        scalar|
|p_read23      |   in|   16|     ap_none|                                                                p_read23|        scalar|
|p_read24      |   in|   16|     ap_none|                                                                p_read24|        scalar|
|p_read25      |   in|   16|     ap_none|                                                                p_read25|        scalar|
|p_read26      |   in|   16|     ap_none|                                                                p_read26|        scalar|
|p_read27      |   in|   16|     ap_none|                                                                p_read27|        scalar|
|p_read28      |   in|   16|     ap_none|                                                                p_read28|        scalar|
|p_read29      |   in|   16|     ap_none|                                                                p_read29|        scalar|
|p_read30      |   in|   16|     ap_none|                                                                p_read30|        scalar|
|p_read31      |   in|   16|     ap_none|                                                                p_read31|        scalar|
|p_read32      |   in|   16|     ap_none|                                                                p_read32|        scalar|
|p_read33      |   in|   16|     ap_none|                                                                p_read33|        scalar|
|p_read34      |   in|   16|     ap_none|                                                                p_read34|        scalar|
|p_read35      |   in|   16|     ap_none|                                                                p_read35|        scalar|
|p_read36      |   in|   16|     ap_none|                                                                p_read36|        scalar|
|p_read37      |   in|   16|     ap_none|                                                                p_read37|        scalar|
|p_read38      |   in|   16|     ap_none|                                                                p_read38|        scalar|
|p_read39      |   in|   16|     ap_none|                                                                p_read39|        scalar|
|p_read40      |   in|   16|     ap_none|                                                                p_read40|        scalar|
|p_read41      |   in|   16|     ap_none|                                                                p_read41|        scalar|
|p_read42      |   in|   16|     ap_none|                                                                p_read42|        scalar|
|p_read43      |   in|   16|     ap_none|                                                                p_read43|        scalar|
|p_read44      |   in|   16|     ap_none|                                                                p_read44|        scalar|
|p_read45      |   in|   16|     ap_none|                                                                p_read45|        scalar|
|p_read46      |   in|   16|     ap_none|                                                                p_read46|        scalar|
|p_read47      |   in|   16|     ap_none|                                                                p_read47|        scalar|
|p_read48      |   in|   16|     ap_none|                                                                p_read48|        scalar|
|p_read49      |   in|   16|     ap_none|                                                                p_read49|        scalar|
|p_read50      |   in|   16|     ap_none|                                                                p_read50|        scalar|
|p_read51      |   in|   16|     ap_none|                                                                p_read51|        scalar|
|p_read52      |   in|   16|     ap_none|                                                                p_read52|        scalar|
|p_read53      |   in|   16|     ap_none|                                                                p_read53|        scalar|
|p_read54      |   in|   16|     ap_none|                                                                p_read54|        scalar|
|p_read55      |   in|   16|     ap_none|                                                                p_read55|        scalar|
|p_read56      |   in|   16|     ap_none|                                                                p_read56|        scalar|
|p_read57      |   in|   16|     ap_none|                                                                p_read57|        scalar|
|p_read58      |   in|   16|     ap_none|                                                                p_read58|        scalar|
|p_read59      |   in|   16|     ap_none|                                                                p_read59|        scalar|
|p_read60      |   in|   16|     ap_none|                                                                p_read60|        scalar|
|p_read61      |   in|   16|     ap_none|                                                                p_read61|        scalar|
|p_read62      |   in|   16|     ap_none|                                                                p_read62|        scalar|
|p_read63      |   in|   16|     ap_none|                                                                p_read63|        scalar|
+--------------+-----+-----+------------+------------------------------------------------------------------------+--------------+

