1.329046607017517 1.1251555681228638
1.0550220012664795 1.0070643424987793
0.9712556600570679 0.9449994564056396
0.9183067083358765 0.9004788994789124
0.8823301792144775 0.8725036978721619
0.8594861030578613 0.8548287749290466
0.8441179990768433 0.841877818107605
0.8328037261962891 0.8322150707244873
0.8234730362892151 0.8237026333808899
0.8154501914978027 0.8160510063171387
0.8083980083465576 0.809908390045166
0.8022400736808777 0.8038204312324524
0.7967036962509155 0.7987107634544373
0.7920815348625183 0.7945991158485413
0.7881127595901489 0.790855348110199
0.7845491170883179 0.7875236868858337
0.7813812494277954 0.7848182320594788
0.7784723043441772 0.7817647457122803
0.775843620300293 0.7796414494514465
0.7734140753746033 0.7772125601768494
0.7712388634681702 0.775093138217926
0.7691590785980225 0.7733789086341858
0.7671303749084473 0.7715192437171936
0.7653023600578308 0.7695783376693726
0.7635335922241211 0.7679286599159241
0.7618971467018127 0.7663434147834778
0.7602748870849609 0.7647299766540527
0.7587111592292786 0.7636249661445618
0.7572463750839233 0.7617729902267456
0.755825400352478 0.7602985501289368
