Tue Jan 28 04:03:44 2025: Running xcd server. This server was built by gradle.
Tue Jan 28 04:03:44 2025: Server was asked to start on port: '43533'
Tue Jan 28 04:03:44 2025: Server is using token UUID: '304bad33-49c9-44bf-a860-b0c61ac4a1dd'
Tue Jan 28 04:03:44 2025: SESSION_MGR: creating session with session uuid: '6d04a3e9-ade5-4ab9-8d63-1f78fcd2ec76' and name 'default'
Tue Jan 28 04:03:44 2025: Attempting to start server on port '43533'
Tue Jan 28 04:03:44 2025: XCD main fifo: created main fifo '/tmp/xcdmain304bad33-49c9-44bf-a860-b0c61ac4a1dd', fd read = 13
Tue Jan 28 04:03:44 2025: Running Dispatch Server
Tue Jan 28 04:03:44 2025: Version 2.2.0
Tue Jan 28 04:03:49 2025: Dispatch Server: Accepted socket connection from client
Tue Jan 28 04:03:49 2025: Starting Socket connection
Tue Jan 28 04:03:49 2025: EXCHANGE_TOKEN received, server token: 304bad33-49c9-44bf-a860-b0c61ac4a1dd, passed token: 304bad33-49c9-44bf-a860-b0c61ac4a1dd
Tue Jan 28 04:03:49 2025: SESSION_MGR: creating session with session uuid: '2b1c4671-db15-43f1-8edb-39e13c08ba67' and name 'vitis_hls'
Tue Jan 28 04:03:49 2025: KERNEL_SVC: creating session with uuid: '2b1c4671-db15-43f1-8edb-39e13c08ba67' and name 'vitis_hls'
Tue Jan 28 04:03:49 2025: GUIDANCE_SMGR: creating guidance session with uuid: '2b1c4671-db15-43f1-8edb-39e13c08ba67' and name 'vitis_hls'
Tue Jan 28 04:09:39 2025: STOP_SERVER received, server token: 304bad33-49c9-44bf-a860-b0c61ac4a1dd, passed token: 304bad33-49c9-44bf-a860-b0c61ac4a1dd
Tue Jan 28 04:09:39 2025: Socket received request to stop server.
Tue Jan 28 04:09:39 2025: Dispatch Server: do_await_stop
Tue Jan 28 04:09:39 2025: Dispatch Server: stopping mainFifo_
Tue Jan 28 04:09:39 2025: XCD main fifo: Stopping
Tue Jan 28 04:09:39 2025: XCD main fifo: do_read error code: Operation canceled
Tue Jan 28 04:09:39 2025: XCD main fifo: bytes_transferred: 0
Tue Jan 28 04:09:39 2025: SERVER: destructor for server bound to port 43533
Tue Jan 28 04:09:39 2025: XCD main fifo: Good unlink of /tmp/xcdmain304bad33-49c9-44bf-a860-b0c61ac4a1dd
Tue Jan 28 04:09:39 2025: Server exiting with status 0.
Tue Jan 28 04:09:39 2025: Closing log file.
