/home/xilinx/6nrp-hls4ml/model_1/hls4ml_prj/myproject_prj/solution1/.autopilot/db/myproject.pp.0.cpp:28360:7: warning: Added loop label VITIS_LOOP_1211_1:   [xilinx-label-all-loops]
      for (i = 0; i < __N - 1; ++i) {
      ^~~
      VITIS_LOOP_1211_1: 
/home/xilinx/6nrp-hls4ml/model_1/hls4ml_prj/myproject_prj/solution1/.autopilot/db/myproject.pp.0.cpp:28360:7: note: FIX-IT applied suggested code changes
/home/xilinx/6nrp-hls4ml/model_1/hls4ml_prj/myproject_prj/solution1/.autopilot/db/myproject.pp.0.cpp:29334:5: warning: Added loop label VITIS_LOOP_676_1:   [xilinx-label-all-loops]
    for (unsigned i = low; i != high; ++i) {
    ^~~
    VITIS_LOOP_676_1: 
/home/xilinx/6nrp-hls4ml/model_1/hls4ml_prj/myproject_prj/solution1/.autopilot/db/myproject.pp.0.cpp:29334:5: note: FIX-IT applied suggested code changes
/home/xilinx/6nrp-hls4ml/model_1/hls4ml_prj/myproject_prj/solution1/.autopilot/db/myproject.pp.0.cpp:29348:5: warning: Added loop label VITIS_LOOP_690_1:   [xilinx-label-all-loops]
    for (unsigned i = low; i != high; ++i) {
    ^~~
    VITIS_LOOP_690_1: 
/home/xilinx/6nrp-hls4ml/model_1/hls4ml_prj/myproject_prj/solution1/.autopilot/db/myproject.pp.0.cpp:29348:5: note: FIX-IT applied suggested code changes
/home/xilinx/6nrp-hls4ml/model_1/hls4ml_prj/myproject_prj/solution1/.autopilot/db/myproject.pp.0.cpp:29362:5: warning: Added loop label VITIS_LOOP_704_1:   [xilinx-label-all-loops]
    for (unsigned i = low; i != high; ++i) {
    ^~~
    VITIS_LOOP_704_1: 
/home/xilinx/6nrp-hls4ml/model_1/hls4ml_prj/myproject_prj/solution1/.autopilot/db/myproject.pp.0.cpp:29362:5: note: FIX-IT applied suggested code changes
/home/xilinx/6nrp-hls4ml/model_1/hls4ml_prj/myproject_prj/solution1/.autopilot/db/myproject.pp.0.cpp:30961:7: warning: Added loop label VITIS_LOOP_1245_1:   [xilinx-label-all-loops]
      for (i = 0; i < __N - 1; ++i) {
      ^~~
      VITIS_LOOP_1245_1: 
/home/xilinx/6nrp-hls4ml/model_1/hls4ml_prj/myproject_prj/solution1/.autopilot/db/myproject.pp.0.cpp:30961:7: note: FIX-IT applied suggested code changes
/home/xilinx/6nrp-hls4ml/model_1/hls4ml_prj/myproject_prj/solution1/.autopilot/db/myproject.pp.0.cpp:32946:9: warning: Added loop label VITIS_LOOP_27_1:   [xilinx-label-all-loops]
        for (unsigned i = 0; i < N; i++) {
        ^~~
        VITIS_LOOP_27_1: 
/home/xilinx/6nrp-hls4ml/model_1/hls4ml_prj/myproject_prj/solution1/.autopilot/db/myproject.pp.0.cpp:32946:9: note: FIX-IT applied suggested code changes
/home/xilinx/6nrp-hls4ml/model_1/hls4ml_prj/myproject_prj/solution1/.autopilot/db/myproject.pp.0.cpp:32959:9: warning: Added loop label VITIS_LOOP_40_1:   [xilinx-label-all-loops]
        for (size_t i = 0; i < N; i++) {
        ^~~
        VITIS_LOOP_40_1: 
/home/xilinx/6nrp-hls4ml/model_1/hls4ml_prj/myproject_prj/solution1/.autopilot/db/myproject.pp.0.cpp:32959:9: note: FIX-IT applied suggested code changes
/home/xilinx/6nrp-hls4ml/model_1/hls4ml_prj/myproject_prj/solution1/.autopilot/db/myproject.pp.0.cpp:55853:5: warning: Added loop label VITIS_LOOP_265_1:   [xilinx-label-all-loops]
    for (typename std::vector<src_T>::const_iterator i = in_begin; i != in_end; ++i) {
    ^~~
    VITIS_LOOP_265_1: 
/home/xilinx/6nrp-hls4ml/model_1/hls4ml_prj/myproject_prj/solution1/.autopilot/db/myproject.pp.0.cpp:55853:5: note: FIX-IT applied suggested code changes
/home/xilinx/6nrp-hls4ml/model_1/hls4ml_prj/myproject_prj/solution1/.autopilot/db/myproject.pp.0.cpp:55863:5: warning: Added loop label VITIS_LOOP_275_1:   [xilinx-label-all-loops]
    for (auto i = 0; i < SIZE; i++)
    ^~~
    VITIS_LOOP_275_1: 
/home/xilinx/6nrp-hls4ml/model_1/hls4ml_prj/myproject_prj/solution1/.autopilot/db/myproject.pp.0.cpp:55863:5: note: FIX-IT applied suggested code changes
/home/xilinx/6nrp-hls4ml/model_1/hls4ml_prj/myproject_prj/solution1/.autopilot/db/myproject.pp.0.cpp:55874:5: warning: Added loop label VITIS_LOOP_286_1:   [xilinx-label-all-loops]
    for (int i = 0; i < SIZE; i++) {
    ^~~
    VITIS_LOOP_286_1: 
/home/xilinx/6nrp-hls4ml/model_1/hls4ml_prj/myproject_prj/solution1/.autopilot/db/myproject.pp.0.cpp:55874:5: note: FIX-IT applied suggested code changes
/home/xilinx/6nrp-hls4ml/model_1/hls4ml_prj/myproject_prj/solution1/.autopilot/db/myproject.pp.0.cpp:55881:5: warning: Added loop label VITIS_LOOP_293_1:   [xilinx-label-all-loops]
    for (int i = 0; i < SIZE / res_T::size; i++) {
    ^~~
    VITIS_LOOP_293_1: 
/home/xilinx/6nrp-hls4ml/model_1/hls4ml_prj/myproject_prj/solution1/.autopilot/db/myproject.pp.0.cpp:55881:5: note: FIX-IT applied suggested code changes
/home/xilinx/6nrp-hls4ml/model_1/hls4ml_prj/myproject_prj/solution1/.autopilot/db/myproject.pp.0.cpp:55883:9: warning: Added loop label VITIS_LOOP_295_2:   [xilinx-label-all-loops]
        for (int j = 0; j < res_T::size; j++) {
        ^~~
        VITIS_LOOP_295_2: 
/home/xilinx/6nrp-hls4ml/model_1/hls4ml_prj/myproject_prj/solution1/.autopilot/db/myproject.pp.0.cpp:55883:9: note: FIX-IT applied suggested code changes
/home/xilinx/6nrp-hls4ml/model_1/hls4ml_prj/myproject_prj/solution1/.autopilot/db/myproject.pp.0.cpp:55895:5: warning: Added loop label VITIS_LOOP_307_1:   [xilinx-label-all-loops]
    for (int i = 0; i < SIZE / data_T::size; i++) {
    ^~~
    VITIS_LOOP_307_1: 
/home/xilinx/6nrp-hls4ml/model_1/hls4ml_prj/myproject_prj/solution1/.autopilot/db/myproject.pp.0.cpp:55895:5: note: FIX-IT applied suggested code changes
/home/xilinx/6nrp-hls4ml/model_1/hls4ml_prj/myproject_prj/solution1/.autopilot/db/myproject.pp.0.cpp:55897:9: warning: Added loop label VITIS_LOOP_309_2:   [xilinx-label-all-loops]
        for (int j = 0; j < data_T::size; j++) {
        ^~~
        VITIS_LOOP_309_2: 
/home/xilinx/6nrp-hls4ml/model_1/hls4ml_prj/myproject_prj/solution1/.autopilot/db/myproject.pp.0.cpp:55897:9: note: FIX-IT applied suggested code changes
/home/xilinx/6nrp-hls4ml/model_1/hls4ml_prj/myproject_prj/solution1/.autopilot/db/myproject.pp.0.cpp:55912:5: warning: Added loop label VITIS_LOOP_324_1:   [xilinx-label-all-loops]
    for (int ii = 0; ii < nrows; ii++) {
    ^~~
    VITIS_LOOP_324_1: 
/home/xilinx/6nrp-hls4ml/model_1/hls4ml_prj/myproject_prj/solution1/.autopilot/db/myproject.pp.0.cpp:55912:5: note: FIX-IT applied suggested code changes
/home/xilinx/6nrp-hls4ml/model_1/hls4ml_prj/myproject_prj/solution1/.autopilot/db/myproject.pp.0.cpp:55932:5: warning: Added loop label VITIS_LOOP_344_1:   [xilinx-label-all-loops]
    for (int ii = 0; ii < nrows; ii++) {
    ^~~
    VITIS_LOOP_344_1: 
/home/xilinx/6nrp-hls4ml/model_1/hls4ml_prj/myproject_prj/solution1/.autopilot/db/myproject.pp.0.cpp:55932:5: note: FIX-IT applied suggested code changes
/home/xilinx/6nrp-hls4ml/model_1/hls4ml_prj/myproject_prj/solution1/.autopilot/db/myproject.pp.0.cpp:55933:9: warning: Added loop label VITIS_LOOP_345_2:   [xilinx-label-all-loops]
        for (int jj = 0; jj < ncols; jj++) {
        ^~~
        VITIS_LOOP_345_2: 
/home/xilinx/6nrp-hls4ml/model_1/hls4ml_prj/myproject_prj/solution1/.autopilot/db/myproject.pp.0.cpp:55933:9: note: FIX-IT applied suggested code changes
/home/xilinx/6nrp-hls4ml/model_1/hls4ml_prj/myproject_prj/solution1/.autopilot/db/myproject.pp.0.cpp:55948:5: warning: Added loop label VITIS_LOOP_360_1:   [xilinx-label-all-loops]
    for (int ii = 0; ii < N_IN; ii++) {
    ^~~
    VITIS_LOOP_360_1: 
/home/xilinx/6nrp-hls4ml/model_1/hls4ml_prj/myproject_prj/solution1/.autopilot/db/myproject.pp.0.cpp:55948:5: note: FIX-IT applied suggested code changes
/home/xilinx/6nrp-hls4ml/model_1/hls4ml_prj/myproject_prj/solution1/.autopilot/db/myproject.pp.0.cpp:55955:5: warning: Added loop label VITIS_LOOP_367_1:   [xilinx-label-all-loops]
    for (int ii = 0; ii < N_IN; ii++) {
    ^~~
    VITIS_LOOP_367_1: 
/home/xilinx/6nrp-hls4ml/model_1/hls4ml_prj/myproject_prj/solution1/.autopilot/db/myproject.pp.0.cpp:55955:5: note: FIX-IT applied suggested code changes
/home/xilinx/6nrp-hls4ml/model_1/hls4ml_prj/myproject_prj/solution1/.autopilot/db/myproject.pp.0.cpp:56265:5: warning: Added loop label VITIS_LOOP_136_1:   [xilinx-label-all-loops]
    for (int ii = 0; ii < CONFIG_T::out_width / CONFIG_T::reuse_factor; ii++) {
    ^~~
    VITIS_LOOP_136_1: 
/home/xilinx/6nrp-hls4ml/model_1/hls4ml_prj/myproject_prj/solution1/.autopilot/db/myproject.pp.0.cpp:56265:5: note: FIX-IT applied suggested code changes
/home/xilinx/6nrp-hls4ml/model_1/hls4ml_prj/myproject_prj/solution1/.autopilot/db/myproject.pp.0.cpp:56266:9: warning: Added loop label VITIS_LOOP_137_2:   [xilinx-label-all-loops]
        for (int ff = 0; ff < CONFIG_T::n_filt; ff++) {
        ^~~
        VITIS_LOOP_137_2: 
/home/xilinx/6nrp-hls4ml/model_1/hls4ml_prj/myproject_prj/solution1/.autopilot/db/myproject.pp.0.cpp:56266:9: note: FIX-IT applied suggested code changes
/home/xilinx/6nrp-hls4ml/model_1/hls4ml_prj/myproject_prj/solution1/.autopilot/db/myproject.pp.0.cpp:56287:5: warning: Added loop label VITIS_LOOP_158_3:   [xilinx-label-all-loops]
    for (int ii = 0; ii < CONFIG_T::out_width / CONFIG_T::reuse_factor; ii++) {
    ^~~
    VITIS_LOOP_158_3: 
/home/xilinx/6nrp-hls4ml/model_1/hls4ml_prj/myproject_prj/solution1/.autopilot/db/myproject.pp.0.cpp:56287:5: note: FIX-IT applied suggested code changes
/home/xilinx/6nrp-hls4ml/model_1/hls4ml_prj/myproject_prj/solution1/.autopilot/db/myproject.pp.0.cpp:56288:9: warning: Added loop label VITIS_LOOP_159_4:   [xilinx-label-all-loops]
        for (int ff = 0; ff < CONFIG_T::n_filt; ff++) {
        ^~~
        VITIS_LOOP_159_4: 
/home/xilinx/6nrp-hls4ml/model_1/hls4ml_prj/myproject_prj/solution1/.autopilot/db/myproject.pp.0.cpp:56288:9: note: FIX-IT applied suggested code changes
/home/xilinx/6nrp-hls4ml/model_1/hls4ml_prj/myproject_prj/solution1/.autopilot/db/myproject.pp.0.cpp:56397:2: warning: Added loop label VITIS_LOOP_31_1:   [xilinx-label-all-loops]
 for (int ii = 0; ii < CONFIG_T::n_in; ii++) {
 ^~~
 VITIS_LOOP_31_1: 
/home/xilinx/6nrp-hls4ml/model_1/hls4ml_prj/myproject_prj/solution1/.autopilot/db/myproject.pp.0.cpp:56397:2: note: FIX-IT applied suggested code changes
/home/xilinx/6nrp-hls4ml/model_1/hls4ml_prj/myproject_prj/solution1/.autopilot/db/myproject.pp.0.cpp:56409:5: warning: Added loop label VITIS_LOOP_43_1:   [xilinx-label-all-loops]
    for (int ii = 0; ii < CONFIG_T::n_in; ii++) {
    ^~~
    VITIS_LOOP_43_1: 
/home/xilinx/6nrp-hls4ml/model_1/hls4ml_prj/myproject_prj/solution1/.autopilot/db/myproject.pp.0.cpp:56409:5: note: FIX-IT applied suggested code changes
/home/xilinx/6nrp-hls4ml/model_1/hls4ml_prj/myproject_prj/solution1/.autopilot/db/myproject.pp.0.cpp:56423:5: warning: Added loop label VITIS_LOOP_57_1:   [xilinx-label-all-loops]
    for (int ii = 0; ii < CONFIG_T::n_in; ii++) {
    ^~~
    VITIS_LOOP_57_1: 
/home/xilinx/6nrp-hls4ml/model_1/hls4ml_prj/myproject_prj/solution1/.autopilot/db/myproject.pp.0.cpp:56423:5: note: FIX-IT applied suggested code changes
/home/xilinx/6nrp-hls4ml/model_1/hls4ml_prj/myproject_prj/solution1/.autopilot/db/myproject.pp.0.cpp:56450:5: warning: Added loop label VITIS_LOOP_84_1:   [xilinx-label-all-loops]
    for (int ii = 0; ii < N_TABLE; ii++) {
    ^~~
    VITIS_LOOP_84_1: 
/home/xilinx/6nrp-hls4ml/model_1/hls4ml_prj/myproject_prj/solution1/.autopilot/db/myproject.pp.0.cpp:56450:5: note: FIX-IT applied suggested code changes
/home/xilinx/6nrp-hls4ml/model_1/hls4ml_prj/myproject_prj/solution1/.autopilot/db/myproject.pp.0.cpp:56480:5: warning: Added loop label VITIS_LOOP_114_1:   [xilinx-label-all-loops]
    for (int ii = 0; ii < CONFIG_T::n_in; ii++) {
    ^~~
    VITIS_LOOP_114_1: 
/home/xilinx/6nrp-hls4ml/model_1/hls4ml_prj/myproject_prj/solution1/.autopilot/db/myproject.pp.0.cpp:56480:5: note: FIX-IT applied suggested code changes
/home/xilinx/6nrp-hls4ml/model_1/hls4ml_prj/myproject_prj/solution1/.autopilot/db/myproject.pp.0.cpp:56517:5: warning: Added loop label VITIS_LOOP_151_1:   [xilinx-label-all-loops]
    for (unsigned i = 0; i < CONFIG_T::table_size; i++) {
    ^~~
    VITIS_LOOP_151_1: 
/home/xilinx/6nrp-hls4ml/model_1/hls4ml_prj/myproject_prj/solution1/.autopilot/db/myproject.pp.0.cpp:56517:5: note: FIX-IT applied suggested code changes
/home/xilinx/6nrp-hls4ml/model_1/hls4ml_prj/myproject_prj/solution1/.autopilot/db/myproject.pp.0.cpp:56528:5: warning: Added loop label VITIS_LOOP_162_1:   [xilinx-label-all-loops]
    for (unsigned i = 0; i < CONFIG_T::table_size; i++) {
    ^~~
    VITIS_LOOP_162_1: 
/home/xilinx/6nrp-hls4ml/model_1/hls4ml_prj/myproject_prj/solution1/.autopilot/db/myproject.pp.0.cpp:56528:5: note: FIX-IT applied suggested code changes
/home/xilinx/6nrp-hls4ml/model_1/hls4ml_prj/myproject_prj/solution1/.autopilot/db/myproject.pp.0.cpp:56561:5: warning: Added loop label VITIS_LOOP_195_1:   [xilinx-label-all-loops]
    for (unsigned i = 0; i < CONFIG_T::n_in; i++) {
    ^~~
    VITIS_LOOP_195_1: 
/home/xilinx/6nrp-hls4ml/model_1/hls4ml_prj/myproject_prj/solution1/.autopilot/db/myproject.pp.0.cpp:56561:5: note: FIX-IT applied suggested code changes
/home/xilinx/6nrp-hls4ml/model_1/hls4ml_prj/myproject_prj/solution1/.autopilot/db/myproject.pp.0.cpp:56575:5: warning: Added loop label VITIS_LOOP_209_2:   [xilinx-label-all-loops]
    for (unsigned i = 0; i < CONFIG_T::n_in; i++) {
    ^~~
    VITIS_LOOP_209_2: 
/home/xilinx/6nrp-hls4ml/model_1/hls4ml_prj/myproject_prj/solution1/.autopilot/db/myproject.pp.0.cpp:56575:5: note: FIX-IT applied suggested code changes
/home/xilinx/6nrp-hls4ml/model_1/hls4ml_prj/myproject_prj/solution1/.autopilot/db/myproject.pp.0.cpp:56609:5: warning: Added loop label VITIS_LOOP_243_1:   [xilinx-label-all-loops]
    for (unsigned i = 0; i < CONFIG_T::n_in; i++) {
    ^~~
    VITIS_LOOP_243_1: 
/home/xilinx/6nrp-hls4ml/model_1/hls4ml_prj/myproject_prj/solution1/.autopilot/db/myproject.pp.0.cpp:56609:5: note: FIX-IT applied suggested code changes
/home/xilinx/6nrp-hls4ml/model_1/hls4ml_prj/myproject_prj/solution1/.autopilot/db/myproject.pp.0.cpp:56618:5: warning: Added loop label VITIS_LOOP_252_2:   [xilinx-label-all-loops]
    for (unsigned i = 0; i < CONFIG_T::n_in; i++) {
    ^~~
    VITIS_LOOP_252_2: 
/home/xilinx/6nrp-hls4ml/model_1/hls4ml_prj/myproject_prj/solution1/.autopilot/db/myproject.pp.0.cpp:56618:5: note: FIX-IT applied suggested code changes
/home/xilinx/6nrp-hls4ml/model_1/hls4ml_prj/myproject_prj/solution1/.autopilot/db/myproject.pp.0.cpp:56632:5: warning: Added loop label VITIS_LOOP_266_3:   [xilinx-label-all-loops]
    for (unsigned i = 0; i < CONFIG_T::n_in; i++) {
    ^~~
    VITIS_LOOP_266_3: 
/home/xilinx/6nrp-hls4ml/model_1/hls4ml_prj/myproject_prj/solution1/.autopilot/db/myproject.pp.0.cpp:56632:5: note: FIX-IT applied suggested code changes
/home/xilinx/6nrp-hls4ml/model_1/hls4ml_prj/myproject_prj/solution1/.autopilot/db/myproject.pp.0.cpp:56639:5: warning: Added loop label VITIS_LOOP_273_1:   [xilinx-label-all-loops]
    for (int ii = 0; ii < N_TABLE; ii++) {
    ^~~
    VITIS_LOOP_273_1: 
/home/xilinx/6nrp-hls4ml/model_1/hls4ml_prj/myproject_prj/solution1/.autopilot/db/myproject.pp.0.cpp:56639:5: note: FIX-IT applied suggested code changes
/home/xilinx/6nrp-hls4ml/model_1/hls4ml_prj/myproject_prj/solution1/.autopilot/db/myproject.pp.0.cpp:56652:5: warning: Added loop label VITIS_LOOP_286_1:   [xilinx-label-all-loops]
    for (int ii = 0; ii < N_TABLE; ii++) {
    ^~~
    VITIS_LOOP_286_1: 
/home/xilinx/6nrp-hls4ml/model_1/hls4ml_prj/myproject_prj/solution1/.autopilot/db/myproject.pp.0.cpp:56652:5: note: FIX-IT applied suggested code changes
/home/xilinx/6nrp-hls4ml/model_1/hls4ml_prj/myproject_prj/solution1/.autopilot/db/myproject.pp.0.cpp:56689:5: warning: Added loop label VITIS_LOOP_323_1:   [xilinx-label-all-loops]
    for (int ii = 0; ii < CONFIG_T::n_in; ii++) {
    ^~~
    VITIS_LOOP_323_1: 
/home/xilinx/6nrp-hls4ml/model_1/hls4ml_prj/myproject_prj/solution1/.autopilot/db/myproject.pp.0.cpp:56689:5: note: FIX-IT applied suggested code changes
/home/xilinx/6nrp-hls4ml/model_1/hls4ml_prj/myproject_prj/solution1/.autopilot/db/myproject.pp.0.cpp:56694:5: warning: Added loop label VITIS_LOOP_328_2:   [xilinx-label-all-loops]
    for (int ii = 0; ii < CONFIG_T::n_in; ii++) {
    ^~~
    VITIS_LOOP_328_2: 
/home/xilinx/6nrp-hls4ml/model_1/hls4ml_prj/myproject_prj/solution1/.autopilot/db/myproject.pp.0.cpp:56694:5: note: FIX-IT applied suggested code changes
/home/xilinx/6nrp-hls4ml/model_1/hls4ml_prj/myproject_prj/solution1/.autopilot/db/myproject.pp.0.cpp:56695:9: warning: Added loop label VITIS_LOOP_329_3:   [xilinx-label-all-loops]
        for (int jj = 0; jj < CONFIG_T::n_in; jj++) {
        ^~~
        VITIS_LOOP_329_3: 
/home/xilinx/6nrp-hls4ml/model_1/hls4ml_prj/myproject_prj/solution1/.autopilot/db/myproject.pp.0.cpp:56695:9: note: FIX-IT applied suggested code changes
/home/xilinx/6nrp-hls4ml/model_1/hls4ml_prj/myproject_prj/solution1/.autopilot/db/myproject.pp.0.cpp:56712:5: warning: Added loop label VITIS_LOOP_346_4:   [xilinx-label-all-loops]
    for (int ii = 0; ii < CONFIG_T::n_in; ii++) {
    ^~~
    VITIS_LOOP_346_4: 
/home/xilinx/6nrp-hls4ml/model_1/hls4ml_prj/myproject_prj/solution1/.autopilot/db/myproject.pp.0.cpp:56712:5: note: FIX-IT applied suggested code changes
/home/xilinx/6nrp-hls4ml/model_1/hls4ml_prj/myproject_prj/solution1/.autopilot/db/myproject.pp.0.cpp:56725:5: warning: Added loop label VITIS_LOOP_359_1:   [xilinx-label-all-loops]
    for (int i = 0; i < CONFIG_T::n_in; i++) {
    ^~~
    VITIS_LOOP_359_1: 
/home/xilinx/6nrp-hls4ml/model_1/hls4ml_prj/myproject_prj/solution1/.autopilot/db/myproject.pp.0.cpp:56725:5: note: FIX-IT applied suggested code changes
/home/xilinx/6nrp-hls4ml/model_1/hls4ml_prj/myproject_prj/solution1/.autopilot/db/myproject.pp.0.cpp:56733:5: warning: Added loop label VITIS_LOOP_367_2:   [xilinx-label-all-loops]
    for (int i = 1; i < CONFIG_T::n_in; i++) {
    ^~~
    VITIS_LOOP_367_2: 
/home/xilinx/6nrp-hls4ml/model_1/hls4ml_prj/myproject_prj/solution1/.autopilot/db/myproject.pp.0.cpp:56733:5: note: FIX-IT applied suggested code changes
/home/xilinx/6nrp-hls4ml/model_1/hls4ml_prj/myproject_prj/solution1/.autopilot/db/myproject.pp.0.cpp:56768:5: warning: Added loop label VITIS_LOOP_402_1:   [xilinx-label-all-loops]
    for (int ii = 0; ii < N_TABLE; ii++) {
    ^~~
    VITIS_LOOP_402_1: 
/home/xilinx/6nrp-hls4ml/model_1/hls4ml_prj/myproject_prj/solution1/.autopilot/db/myproject.pp.0.cpp:56768:5: note: FIX-IT applied suggested code changes
/home/xilinx/6nrp-hls4ml/model_1/hls4ml_prj/myproject_prj/solution1/.autopilot/db/myproject.pp.0.cpp:56798:5: warning: Added loop label VITIS_LOOP_432_1:   [xilinx-label-all-loops]
    for (int ii = 0; ii < CONFIG_T::n_in; ii++) {
    ^~~
    VITIS_LOOP_432_1: 
/home/xilinx/6nrp-hls4ml/model_1/hls4ml_prj/myproject_prj/solution1/.autopilot/db/myproject.pp.0.cpp:56798:5: note: FIX-IT applied suggested code changes
/home/xilinx/6nrp-hls4ml/model_1/hls4ml_prj/myproject_prj/solution1/.autopilot/db/myproject.pp.0.cpp:56825:2: warning: Added loop label VITIS_LOOP_459_1:   [xilinx-label-all-loops]
 for (int ii = 0; ii < CONFIG_T::n_in; ii++) {
 ^~~
 VITIS_LOOP_459_1: 
/home/xilinx/6nrp-hls4ml/model_1/hls4ml_prj/myproject_prj/solution1/.autopilot/db/myproject.pp.0.cpp:56825:2: note: FIX-IT applied suggested code changes
/home/xilinx/6nrp-hls4ml/model_1/hls4ml_prj/myproject_prj/solution1/.autopilot/db/myproject.pp.0.cpp:56839:2: warning: Added loop label VITIS_LOOP_473_1:   [xilinx-label-all-loops]
 for (int ii = 0; ii < CONFIG_T::n_in; ii++) {
 ^~~
 VITIS_LOOP_473_1: 
/home/xilinx/6nrp-hls4ml/model_1/hls4ml_prj/myproject_prj/solution1/.autopilot/db/myproject.pp.0.cpp:56839:2: note: FIX-IT applied suggested code changes
/home/xilinx/6nrp-hls4ml/model_1/hls4ml_prj/myproject_prj/solution1/.autopilot/db/myproject.pp.0.cpp:56855:5: warning: Added loop label VITIS_LOOP_489_1:   [xilinx-label-all-loops]
    for (int ii = 0; ii < CONFIG_T::n_in; ii++) {
    ^~~
    VITIS_LOOP_489_1: 
/home/xilinx/6nrp-hls4ml/model_1/hls4ml_prj/myproject_prj/solution1/.autopilot/db/myproject.pp.0.cpp:56855:5: note: FIX-IT applied suggested code changes
/home/xilinx/6nrp-hls4ml/model_1/hls4ml_prj/myproject_prj/solution1/.autopilot/db/myproject.pp.0.cpp:56873:5: warning: Added loop label VITIS_LOOP_507_1:   [xilinx-label-all-loops]
    for (int ii = 0; ii < CONFIG_T::n_in; ii++) {
    ^~~
    VITIS_LOOP_507_1: 
/home/xilinx/6nrp-hls4ml/model_1/hls4ml_prj/myproject_prj/solution1/.autopilot/db/myproject.pp.0.cpp:56873:5: note: FIX-IT applied suggested code changes
/home/xilinx/6nrp-hls4ml/model_1/hls4ml_prj/myproject_prj/solution1/.autopilot/db/myproject.pp.0.cpp:56890:5: warning: Added loop label VITIS_LOOP_524_1:   [xilinx-label-all-loops]
    for (int ii = 0; ii < CONFIG_T::n_in; ii++) {
    ^~~
    VITIS_LOOP_524_1: 
/home/xilinx/6nrp-hls4ml/model_1/hls4ml_prj/myproject_prj/solution1/.autopilot/db/myproject.pp.0.cpp:56890:5: note: FIX-IT applied suggested code changes
/home/xilinx/6nrp-hls4ml/model_1/hls4ml_prj/myproject_prj/solution1/.autopilot/db/myproject.pp.0.cpp:56907:5: warning: Added loop label VITIS_LOOP_541_1:   [xilinx-label-all-loops]
    for (int ii = 0; ii < N_TABLE; ii++) {
    ^~~
    VITIS_LOOP_541_1: 
/home/xilinx/6nrp-hls4ml/model_1/hls4ml_prj/myproject_prj/solution1/.autopilot/db/myproject.pp.0.cpp:56907:5: note: FIX-IT applied suggested code changes
/home/xilinx/6nrp-hls4ml/model_1/hls4ml_prj/myproject_prj/solution1/.autopilot/db/myproject.pp.0.cpp:56937:5: warning: Added loop label VITIS_LOOP_571_1:   [xilinx-label-all-loops]
    for (int ii = 0; ii < CONFIG_T::n_in; ii++) {
    ^~~
    VITIS_LOOP_571_1: 
/home/xilinx/6nrp-hls4ml/model_1/hls4ml_prj/myproject_prj/solution1/.autopilot/db/myproject.pp.0.cpp:56937:5: note: FIX-IT applied suggested code changes
/home/xilinx/6nrp-hls4ml/model_1/hls4ml_prj/myproject_prj/solution1/.autopilot/db/myproject.pp.0.cpp:56956:5: warning: Added loop label VITIS_LOOP_590_1:   [xilinx-label-all-loops]
    for (int ii = 0; ii < N_TABLE; ii++) {
    ^~~
    VITIS_LOOP_590_1: 
/home/xilinx/6nrp-hls4ml/model_1/hls4ml_prj/myproject_prj/solution1/.autopilot/db/myproject.pp.0.cpp:56956:5: note: FIX-IT applied suggested code changes
/home/xilinx/6nrp-hls4ml/model_1/hls4ml_prj/myproject_prj/solution1/.autopilot/db/myproject.pp.0.cpp:56986:5: warning: Added loop label VITIS_LOOP_620_1:   [xilinx-label-all-loops]
    for (int ii = 0; ii < CONFIG_T::n_in; ii++) {
    ^~~
    VITIS_LOOP_620_1: 
/home/xilinx/6nrp-hls4ml/model_1/hls4ml_prj/myproject_prj/solution1/.autopilot/db/myproject.pp.0.cpp:56986:5: note: FIX-IT applied suggested code changes
/home/xilinx/6nrp-hls4ml/model_1/hls4ml_prj/myproject_prj/solution1/.autopilot/db/myproject.pp.0.cpp:57005:5: warning: Added loop label VITIS_LOOP_639_1:   [xilinx-label-all-loops]
    for (int ii = 0; ii < N_TABLE; ii++) {
    ^~~
    VITIS_LOOP_639_1: 
/home/xilinx/6nrp-hls4ml/model_1/hls4ml_prj/myproject_prj/solution1/.autopilot/db/myproject.pp.0.cpp:57005:5: note: FIX-IT applied suggested code changes
/home/xilinx/6nrp-hls4ml/model_1/hls4ml_prj/myproject_prj/solution1/.autopilot/db/myproject.pp.0.cpp:57035:5: warning: Added loop label VITIS_LOOP_669_1:   [xilinx-label-all-loops]
    for (int ii = 0; ii < CONFIG_T::n_in; ii++) {
    ^~~
    VITIS_LOOP_669_1: 
/home/xilinx/6nrp-hls4ml/model_1/hls4ml_prj/myproject_prj/solution1/.autopilot/db/myproject.pp.0.cpp:57035:5: note: FIX-IT applied suggested code changes
/home/xilinx/6nrp-hls4ml/model_1/hls4ml_prj/myproject_prj/solution1/.autopilot/db/myproject.pp.0.cpp:57062:5: warning: Added loop label VITIS_LOOP_696_1:   [xilinx-label-all-loops]
    for (int ii = 0; ii < N_TABLE; ii++) {
    ^~~
    VITIS_LOOP_696_1: 
/home/xilinx/6nrp-hls4ml/model_1/hls4ml_prj/myproject_prj/solution1/.autopilot/db/myproject.pp.0.cpp:57062:5: note: FIX-IT applied suggested code changes
/home/xilinx/6nrp-hls4ml/model_1/hls4ml_prj/myproject_prj/solution1/.autopilot/db/myproject.pp.0.cpp:57091:5: warning: Added loop label VITIS_LOOP_725_1:   [xilinx-label-all-loops]
    for (int ii = 0; ii < CONFIG_T::n_in; ii++) {
    ^~~
    VITIS_LOOP_725_1: 
/home/xilinx/6nrp-hls4ml/model_1/hls4ml_prj/myproject_prj/solution1/.autopilot/db/myproject.pp.0.cpp:57091:5: note: FIX-IT applied suggested code changes
/home/xilinx/6nrp-hls4ml/model_1/hls4ml_prj/myproject_prj/solution1/.autopilot/db/myproject.pp.0.cpp:57112:5: warning: Added loop label VITIS_LOOP_746_1:   [xilinx-label-all-loops]
    for (int ii = 0; ii < CONFIG_T::n_in; ii++) {
    ^~~
    VITIS_LOOP_746_1: 
/home/xilinx/6nrp-hls4ml/model_1/hls4ml_prj/myproject_prj/solution1/.autopilot/db/myproject.pp.0.cpp:57112:5: note: FIX-IT applied suggested code changes
/home/xilinx/6nrp-hls4ml/model_1/hls4ml_prj/myproject_prj/solution1/.autopilot/db/myproject.pp.0.cpp:57130:5: warning: Added loop label VITIS_LOOP_764_1:   [xilinx-label-all-loops]
    for (int ii = 0; ii < CONFIG_T::n_in; ii++) {
    ^~~
    VITIS_LOOP_764_1: 
/home/xilinx/6nrp-hls4ml/model_1/hls4ml_prj/myproject_prj/solution1/.autopilot/db/myproject.pp.0.cpp:57130:5: note: FIX-IT applied suggested code changes
/home/xilinx/6nrp-hls4ml/model_1/hls4ml_prj/myproject_prj/solution1/.autopilot/db/myproject.pp.0.cpp:57150:5: warning: Added loop label VITIS_LOOP_784_1:   [xilinx-label-all-loops]
    for (int ii = 0; ii < CONFIG_T::n_in; ii++) {
    ^~~
    VITIS_LOOP_784_1: 
/home/xilinx/6nrp-hls4ml/model_1/hls4ml_prj/myproject_prj/solution1/.autopilot/db/myproject.pp.0.cpp:57150:5: note: FIX-IT applied suggested code changes
/home/xilinx/6nrp-hls4ml/model_1/hls4ml_prj/myproject_prj/solution1/.autopilot/db/myproject.pp.0.cpp:57246:9: warning: Added loop label VITIS_LOOP_73_1:   [xilinx-label-all-loops]
        for (int i = 0; i < N / data_T::size; i++) {
        ^~~
        VITIS_LOOP_73_1: 
/home/xilinx/6nrp-hls4ml/model_1/hls4ml_prj/myproject_prj/solution1/.autopilot/db/myproject.pp.0.cpp:57246:9: note: FIX-IT applied suggested code changes
/home/xilinx/6nrp-hls4ml/model_1/hls4ml_prj/myproject_prj/solution1/.autopilot/db/myproject.pp.0.cpp:57253:13: warning: Added loop label VITIS_LOOP_80_2:   [xilinx-label-all-loops]
            for (int j = 0; j < data_T::size; j++) {
            ^~~
            VITIS_LOOP_80_2: 
/home/xilinx/6nrp-hls4ml/model_1/hls4ml_prj/myproject_prj/solution1/.autopilot/db/myproject.pp.0.cpp:57253:13: note: FIX-IT applied suggested code changes
/home/xilinx/6nrp-hls4ml/model_1/hls4ml_prj/myproject_prj/solution1/.autopilot/db/myproject.pp.0.cpp:57262:9: warning: Added loop label VITIS_LOOP_89_3:   [xilinx-label-all-loops]
        for (int i = 0; i < N / data_T::size; i++) {
        ^~~
        VITIS_LOOP_89_3: 
/home/xilinx/6nrp-hls4ml/model_1/hls4ml_prj/myproject_prj/solution1/.autopilot/db/myproject.pp.0.cpp:57262:9: note: FIX-IT applied suggested code changes
/home/xilinx/6nrp-hls4ml/model_1/hls4ml_prj/myproject_prj/solution1/.autopilot/db/myproject.pp.0.cpp:57271:13: warning: Added loop label VITIS_LOOP_98_4:   [xilinx-label-all-loops]
            for (int j = 0; j < pack_diff; j++) {
            ^~~
            VITIS_LOOP_98_4: 
/home/xilinx/6nrp-hls4ml/model_1/hls4ml_prj/myproject_prj/solution1/.autopilot/db/myproject.pp.0.cpp:57271:13: note: FIX-IT applied suggested code changes
/home/xilinx/6nrp-hls4ml/model_1/hls4ml_prj/myproject_prj/solution1/.autopilot/db/myproject.pp.0.cpp:57275:17: warning: Added loop label VITIS_LOOP_102_5:   [xilinx-label-all-loops]
                for (int k = 0; k < res_T::size; k++) {
                ^~~
                VITIS_LOOP_102_5: 
/home/xilinx/6nrp-hls4ml/model_1/hls4ml_prj/myproject_prj/solution1/.autopilot/db/myproject.pp.0.cpp:57275:17: note: FIX-IT applied suggested code changes
/home/xilinx/6nrp-hls4ml/model_1/hls4ml_prj/myproject_prj/solution1/.autopilot/db/myproject.pp.0.cpp:57286:9: warning: Added loop label VITIS_LOOP_113_6:   [xilinx-label-all-loops]
        for (int i = 0; i < N / data_T::size; i++) {
        ^~~
        VITIS_LOOP_113_6: 
/home/xilinx/6nrp-hls4ml/model_1/hls4ml_prj/myproject_prj/solution1/.autopilot/db/myproject.pp.0.cpp:57286:9: note: FIX-IT applied suggested code changes
/home/xilinx/6nrp-hls4ml/model_1/hls4ml_prj/myproject_prj/solution1/.autopilot/db/myproject.pp.0.cpp:57290:13: warning: Added loop label VITIS_LOOP_117_7:   [xilinx-label-all-loops]
            for (int j = 0; j < data_T::size; j++) {
            ^~~
            VITIS_LOOP_117_7: 
/home/xilinx/6nrp-hls4ml/model_1/hls4ml_prj/myproject_prj/solution1/.autopilot/db/myproject.pp.0.cpp:57290:13: note: FIX-IT applied suggested code changes
/home/xilinx/6nrp-hls4ml/model_1/hls4ml_prj/myproject_prj/solution1/.autopilot/db/myproject.pp.0.cpp:57314:9: warning: Added loop label VITIS_LOOP_141_1:   [xilinx-label-all-loops]
        for (int j = 0; j < n_dupl; j++) {
        ^~~
        VITIS_LOOP_141_1: 
/home/xilinx/6nrp-hls4ml/model_1/hls4ml_prj/myproject_prj/solution1/.autopilot/db/myproject.pp.0.cpp:57314:9: note: FIX-IT applied suggested code changes
/home/xilinx/6nrp-hls4ml/model_1/hls4ml_prj/myproject_prj/solution1/.autopilot/db/myproject.pp.0.cpp:57318:13: warning: Added loop label VITIS_LOOP_145_2:   [xilinx-label-all-loops]
            for (int k = 0; k < res_T::size; k++) {
            ^~~
            VITIS_LOOP_145_2: 
/home/xilinx/6nrp-hls4ml/model_1/hls4ml_prj/myproject_prj/solution1/.autopilot/db/myproject.pp.0.cpp:57318:13: note: FIX-IT applied suggested code changes
/home/xilinx/6nrp-hls4ml/model_1/hls4ml_prj/myproject_prj/solution1/.autopilot/db/myproject.pp.0.cpp:57337:9: warning: Added loop label VITIS_LOOP_164_1:   [xilinx-label-all-loops]
        for (int k = 0; k < res_T::size; k++) {
        ^~~
        VITIS_LOOP_164_1: 
/home/xilinx/6nrp-hls4ml/model_1/hls4ml_prj/myproject_prj/solution1/.autopilot/db/myproject.pp.0.cpp:57337:9: note: FIX-IT applied suggested code changes
/home/xilinx/6nrp-hls4ml/model_1/hls4ml_prj/myproject_prj/solution1/.autopilot/db/myproject.pp.0.cpp:57360:2: warning: Added loop label VITIS_LOOP_187_1:   [xilinx-label-all-loops]
 for (int i = 0; i < CONFIG_T::height * CONFIG_T::width / data_T::size; i++) {
 ^~~
 VITIS_LOOP_187_1: 
/home/xilinx/6nrp-hls4ml/model_1/hls4ml_prj/myproject_prj/solution1/.autopilot/db/myproject.pp.0.cpp:57360:2: note: FIX-IT applied suggested code changes
/home/xilinx/6nrp-hls4ml/model_1/hls4ml_prj/myproject_prj/solution1/.autopilot/db/myproject.pp.0.cpp:57363:9: warning: Added loop label VITIS_LOOP_190_2:   [xilinx-label-all-loops]
        for (int j = 0; j < data_T::size; j++) {
        ^~~
        VITIS_LOOP_190_2: 
/home/xilinx/6nrp-hls4ml/model_1/hls4ml_prj/myproject_prj/solution1/.autopilot/db/myproject.pp.0.cpp:57363:9: note: FIX-IT applied suggested code changes
/home/xilinx/6nrp-hls4ml/model_1/hls4ml_prj/myproject_prj/solution1/.autopilot/db/myproject.pp.0.cpp:57368:5: warning: Added loop label VITIS_LOOP_195_3:   [xilinx-label-all-loops]
    for (int i = 0; i < CONFIG_T::height * CONFIG_T::width / res_T::size; i++) {
    ^~~
    VITIS_LOOP_195_3: 
/home/xilinx/6nrp-hls4ml/model_1/hls4ml_prj/myproject_prj/solution1/.autopilot/db/myproject.pp.0.cpp:57368:5: note: FIX-IT applied suggested code changes
/home/xilinx/6nrp-hls4ml/model_1/hls4ml_prj/myproject_prj/solution1/.autopilot/db/myproject.pp.0.cpp:57372:9: warning: Added loop label VITIS_LOOP_199_4:   [xilinx-label-all-loops]
        for (int j = 0; j < res_T::size; j++) {
        ^~~
        VITIS_LOOP_199_4: 
/home/xilinx/6nrp-hls4ml/model_1/hls4ml_prj/myproject_prj/solution1/.autopilot/db/myproject.pp.0.cpp:57372:9: note: FIX-IT applied suggested code changes
/home/xilinx/6nrp-hls4ml/model_1/hls4ml_prj/myproject_prj/solution1/.autopilot/db/myproject.pp.0.cpp:57586:9: warning: Added loop label VITIS_LOOP_213_1:   [xilinx-label-all-loops]
        for (unsigned j = 0; j < data_T::size; j++) {
        ^~~
        VITIS_LOOP_213_1: 
/home/xilinx/6nrp-hls4ml/model_1/hls4ml_prj/myproject_prj/solution1/.autopilot/db/myproject.pp.0.cpp:57586:9: note: FIX-IT applied suggested code changes
/home/xilinx/6nrp-hls4ml/model_1/hls4ml_prj/myproject_prj/solution1/.autopilot/db/myproject.pp.0.cpp:57595:9: warning: Added loop label VITIS_LOOP_222_2:   [xilinx-label-all-loops]
        for (unsigned j = 0; j < data_T::size; j++) {
        ^~~
        VITIS_LOOP_222_2: 
/home/xilinx/6nrp-hls4ml/model_1/hls4ml_prj/myproject_prj/solution1/.autopilot/db/myproject.pp.0.cpp:57595:9: note: FIX-IT applied suggested code changes
/home/xilinx/6nrp-hls4ml/model_1/hls4ml_prj/myproject_prj/solution1/.autopilot/db/myproject.pp.0.cpp:57701:5: warning: Added loop label VITIS_LOOP_328_1:   [xilinx-label-all-loops]
    for (int i = 0; i < CONFIG_T::n_in / res_T::size; i++) {
    ^~~
    VITIS_LOOP_328_1: 
/home/xilinx/6nrp-hls4ml/model_1/hls4ml_prj/myproject_prj/solution1/.autopilot/db/myproject.pp.0.cpp:57701:5: note: FIX-IT applied suggested code changes
/home/xilinx/6nrp-hls4ml/model_1/hls4ml_prj/myproject_prj/solution1/.autopilot/db/myproject.pp.0.cpp:57706:9: warning: Added loop label VITIS_LOOP_333_2:   [xilinx-label-all-loops]
        for (int i = 0; i < res_T::size; i++) {
        ^~~
        VITIS_LOOP_333_2: 
/home/xilinx/6nrp-hls4ml/model_1/hls4ml_prj/myproject_prj/solution1/.autopilot/db/myproject.pp.0.cpp:57706:9: note: FIX-IT applied suggested code changes
/home/xilinx/6nrp-hls4ml/model_1/hls4ml_prj/myproject_prj/solution1/.autopilot/db/myproject.pp.0.cpp:57714:9: warning: Added loop label VITIS_LOOP_341_3:   [xilinx-label-all-loops]
        for (int i = 1; i < res_T::size; i++) {
        ^~~
        VITIS_LOOP_341_3: 
/home/xilinx/6nrp-hls4ml/model_1/hls4ml_prj/myproject_prj/solution1/.autopilot/db/myproject.pp.0.cpp:57714:9: note: FIX-IT applied suggested code changes
/home/xilinx/6nrp-hls4ml/model_1/hls4ml_prj/myproject_prj/solution1/.autopilot/db/myproject.pp.0.cpp:58292:9: error: Resource with core_name: ROM_nP_BRAM pragma is ignored, because this core doesn't exist at all  [clang-diagnostic-error]
#pragma HLS RESOURCE variable=weights core=ROM_nP_BRAM
        ^
/home/xilinx/6nrp-hls4ml/model_1/hls4ml_prj/myproject_prj/solution1/.autopilot/db/myproject.pp.0.cpp:58366:9: error: Resource with core_name: ROM_nP_BRAM pragma is ignored, because this core doesn't exist at all  [clang-diagnostic-error]
#pragma HLS RESOURCE variable=weights core=ROM_nP_BRAM
        ^
/home/xilinx/6nrp-hls4ml/model_1/hls4ml_prj/myproject_prj/solution1/.autopilot/db/myproject.pp.0.cpp:58448:9: error: Resource with core_name: ROM_nP_BRAM pragma is ignored, because this core doesn't exist at all  [clang-diagnostic-error]
#pragma HLS RESOURCE variable=weights core=ROM_nP_BRAM
        ^
/home/xilinx/6nrp-hls4ml/model_1/hls4ml_prj/myproject_prj/solution1/.autopilot/db/myproject.pp.0.cpp:58621:5: warning: Added loop label VITIS_LOOP_14_1:   [xilinx-label-all-loops]
    for (unsigned k = 0; k < CONFIG_T::n_out; k++) {
    ^~~
    VITIS_LOOP_14_1: 
/home/xilinx/6nrp-hls4ml/model_1/hls4ml_prj/myproject_prj/solution1/.autopilot/db/myproject.pp.0.cpp:58621:5: note: FIX-IT applied suggested code changes
/home/xilinx/6nrp-hls4ml/model_1/hls4ml_prj/myproject_prj/solution1/.autopilot/db/myproject.pp.0.cpp:58681:9: warning: Added loop label VITIS_LOOP_74_1:   [xilinx-label-all-loops]
        for (int im = 0; im < CONFIG_T::n_out; im++) {
        ^~~
        VITIS_LOOP_74_1: 
/home/xilinx/6nrp-hls4ml/model_1/hls4ml_prj/myproject_prj/solution1/.autopilot/db/myproject.pp.0.cpp:58681:9: note: FIX-IT applied suggested code changes
