

================================================================
== Vitis HLS Report for 'relu_ap_fixed_16_6_5_3_0_ap_fixed_16_6_5_3_0_relu_config10_s'
================================================================
* Date:           Tue Jan 28 04:07:44 2025

* Version:        2022.2 (Build 3670227 on Oct 13 2022)
* Project:        myproject_prj
* Solution:       solution1 (Vivado IP Flow Target)
* Product family: virtexuplus
* Target device:  xcu250-figd2104-2L-e


================================================================
== Performance Estimates
================================================================
+ Timing: 
    * Summary: 
    +--------+---------+----------+------------+
    |  Clock |  Target | Estimated| Uncertainty|
    +--------+---------+----------+------------+
    |ap_clk  |  5.00 ns|  0.969 ns|     1.35 ns|
    +--------+---------+----------+------------+

+ Latency: 
    * Summary: 
    +---------+---------+----------+----------+-----+-----+---------+
    |  Latency (cycles) |  Latency (absolute) |  Interval | Pipeline|
    |   min   |   max   |    min   |    max   | min | max |   Type  |
    +---------+---------+----------+----------+-----+-----+---------+
    |        0|        0|      0 ns|      0 ns|    1|    1|      yes|
    +---------+---------+----------+----------+-----+-----+---------+

    + Detail: 
        * Instance: 
        N/A

        * Loop: 
        N/A

============================================================
+ Verbose Summary: Synthesis Manager
============================================================
InlineROM: 1
ExposeGlobal: 0
============================================================
+ Verbose Summary: CDFG Model
============================================================
IsTopModel: 0
ResetActiveHigh: 1
IsCombinational: 0
IsDatapathOnly: 0
HasWiredReturn: 1
HasMFsm: 2
HasVarLatency: 0
IsPipeline: 1
IsRtlPipelined: 0
IsInstanceOverlapped: 0
IsDontTouch: 0
HasImplIP: 0
IsGatedGlobalClock: 0

+ Individual pipeline summary: 
  * Pipeline-0: initiation interval (II) = 1, depth = 1


============================================================
+ Verbose Summary: Schedule
============================================================
* Number of FSM states : 1
* Pipeline : 1
  Pipeline-0 : II = 1, D = 1, States = { 1 }
* Dataflow Pipeline: 0

* FSM state transitions: 
1 --> 

* FSM state operations: 

State 1 <SV = 0> <Delay = 0.96>
ST_1 : Operation 2 [1/1] (0.00ns)   --->   "%p_read_88 = read i16 @_ssdm_op_Read.ap_auto.i16, i16 %p_read31" [firmware/nnet_utils/nnet_activation.h:40]   --->   Operation 2 'read' 'p_read_88' <Predicate = true> <Delay = 0.00>
ST_1 : Operation 3 [1/1] (0.00ns)   --->   "%p_read3062 = read i16 @_ssdm_op_Read.ap_auto.i16, i16 %p_read30" [firmware/nnet_utils/nnet_activation.h:40]   --->   Operation 3 'read' 'p_read3062' <Predicate = true> <Delay = 0.00>
ST_1 : Operation 4 [1/1] (0.00ns)   --->   "%p_read_89 = read i16 @_ssdm_op_Read.ap_auto.i16, i16 %p_read29" [firmware/nnet_utils/nnet_activation.h:40]   --->   Operation 4 'read' 'p_read_89' <Predicate = true> <Delay = 0.00>
ST_1 : Operation 5 [1/1] (0.00ns)   --->   "%p_read_90 = read i16 @_ssdm_op_Read.ap_auto.i16, i16 %p_read28" [firmware/nnet_utils/nnet_activation.h:40]   --->   Operation 5 'read' 'p_read_90' <Predicate = true> <Delay = 0.00>
ST_1 : Operation 6 [1/1] (0.00ns)   --->   "%p_read_91 = read i16 @_ssdm_op_Read.ap_auto.i16, i16 %p_read27" [firmware/nnet_utils/nnet_activation.h:40]   --->   Operation 6 'read' 'p_read_91' <Predicate = true> <Delay = 0.00>
ST_1 : Operation 7 [1/1] (0.00ns)   --->   "%p_read_92 = read i16 @_ssdm_op_Read.ap_auto.i16, i16 %p_read26" [firmware/nnet_utils/nnet_activation.h:40]   --->   Operation 7 'read' 'p_read_92' <Predicate = true> <Delay = 0.00>
ST_1 : Operation 8 [1/1] (0.00ns)   --->   "%p_read_93 = read i16 @_ssdm_op_Read.ap_auto.i16, i16 %p_read25" [firmware/nnet_utils/nnet_activation.h:40]   --->   Operation 8 'read' 'p_read_93' <Predicate = true> <Delay = 0.00>
ST_1 : Operation 9 [1/1] (0.00ns)   --->   "%p_read_94 = read i16 @_ssdm_op_Read.ap_auto.i16, i16 %p_read24" [firmware/nnet_utils/nnet_activation.h:40]   --->   Operation 9 'read' 'p_read_94' <Predicate = true> <Delay = 0.00>
ST_1 : Operation 10 [1/1] (0.00ns)   --->   "%p_read_95 = read i16 @_ssdm_op_Read.ap_auto.i16, i16 %p_read23" [firmware/nnet_utils/nnet_activation.h:40]   --->   Operation 10 'read' 'p_read_95' <Predicate = true> <Delay = 0.00>
ST_1 : Operation 11 [1/1] (0.00ns)   --->   "%p_read_96 = read i16 @_ssdm_op_Read.ap_auto.i16, i16 %p_read22" [firmware/nnet_utils/nnet_activation.h:40]   --->   Operation 11 'read' 'p_read_96' <Predicate = true> <Delay = 0.00>
ST_1 : Operation 12 [1/1] (0.00ns)   --->   "%p_read_97 = read i16 @_ssdm_op_Read.ap_auto.i16, i16 %p_read21" [firmware/nnet_utils/nnet_activation.h:40]   --->   Operation 12 'read' 'p_read_97' <Predicate = true> <Delay = 0.00>
ST_1 : Operation 13 [1/1] (0.00ns)   --->   "%p_read2052 = read i16 @_ssdm_op_Read.ap_auto.i16, i16 %p_read20" [firmware/nnet_utils/nnet_activation.h:40]   --->   Operation 13 'read' 'p_read2052' <Predicate = true> <Delay = 0.00>
ST_1 : Operation 14 [1/1] (0.00ns)   --->   "%p_read_98 = read i16 @_ssdm_op_Read.ap_auto.i16, i16 %p_read19" [firmware/nnet_utils/nnet_activation.h:40]   --->   Operation 14 'read' 'p_read_98' <Predicate = true> <Delay = 0.00>
ST_1 : Operation 15 [1/1] (0.00ns)   --->   "%p_read_99 = read i16 @_ssdm_op_Read.ap_auto.i16, i16 %p_read18" [firmware/nnet_utils/nnet_activation.h:40]   --->   Operation 15 'read' 'p_read_99' <Predicate = true> <Delay = 0.00>
ST_1 : Operation 16 [1/1] (0.00ns)   --->   "%p_read_100 = read i16 @_ssdm_op_Read.ap_auto.i16, i16 %p_read17" [firmware/nnet_utils/nnet_activation.h:40]   --->   Operation 16 'read' 'p_read_100' <Predicate = true> <Delay = 0.00>
ST_1 : Operation 17 [1/1] (0.00ns)   --->   "%p_read_101 = read i16 @_ssdm_op_Read.ap_auto.i16, i16 %p_read16" [firmware/nnet_utils/nnet_activation.h:40]   --->   Operation 17 'read' 'p_read_101' <Predicate = true> <Delay = 0.00>
ST_1 : Operation 18 [1/1] (0.00ns)   --->   "%p_read_102 = read i16 @_ssdm_op_Read.ap_auto.i16, i16 %p_read15" [firmware/nnet_utils/nnet_activation.h:40]   --->   Operation 18 'read' 'p_read_102' <Predicate = true> <Delay = 0.00>
ST_1 : Operation 19 [1/1] (0.00ns)   --->   "%p_read_103 = read i16 @_ssdm_op_Read.ap_auto.i16, i16 %p_read14" [firmware/nnet_utils/nnet_activation.h:40]   --->   Operation 19 'read' 'p_read_103' <Predicate = true> <Delay = 0.00>
ST_1 : Operation 20 [1/1] (0.00ns)   --->   "%p_read_104 = read i16 @_ssdm_op_Read.ap_auto.i16, i16 %p_read13" [firmware/nnet_utils/nnet_activation.h:40]   --->   Operation 20 'read' 'p_read_104' <Predicate = true> <Delay = 0.00>
ST_1 : Operation 21 [1/1] (0.00ns)   --->   "%p_read_105 = read i16 @_ssdm_op_Read.ap_auto.i16, i16 %p_read12" [firmware/nnet_utils/nnet_activation.h:40]   --->   Operation 21 'read' 'p_read_105' <Predicate = true> <Delay = 0.00>
ST_1 : Operation 22 [1/1] (0.00ns)   --->   "%p_read_106 = read i16 @_ssdm_op_Read.ap_auto.i16, i16 %p_read11" [firmware/nnet_utils/nnet_activation.h:40]   --->   Operation 22 'read' 'p_read_106' <Predicate = true> <Delay = 0.00>
ST_1 : Operation 23 [1/1] (0.00ns)   --->   "%p_read1042 = read i16 @_ssdm_op_Read.ap_auto.i16, i16 %p_read10" [firmware/nnet_utils/nnet_activation.h:40]   --->   Operation 23 'read' 'p_read1042' <Predicate = true> <Delay = 0.00>
ST_1 : Operation 24 [1/1] (0.00ns)   --->   "%p_read941 = read i16 @_ssdm_op_Read.ap_auto.i16, i16 %p_read9" [firmware/nnet_utils/nnet_activation.h:40]   --->   Operation 24 'read' 'p_read941' <Predicate = true> <Delay = 0.00>
ST_1 : Operation 25 [1/1] (0.00ns)   --->   "%p_read840 = read i16 @_ssdm_op_Read.ap_auto.i16, i16 %p_read8" [firmware/nnet_utils/nnet_activation.h:40]   --->   Operation 25 'read' 'p_read840' <Predicate = true> <Delay = 0.00>
ST_1 : Operation 26 [1/1] (0.00ns)   --->   "%p_read739 = read i16 @_ssdm_op_Read.ap_auto.i16, i16 %p_read7" [firmware/nnet_utils/nnet_activation.h:40]   --->   Operation 26 'read' 'p_read739' <Predicate = true> <Delay = 0.00>
ST_1 : Operation 27 [1/1] (0.00ns)   --->   "%p_read638 = read i16 @_ssdm_op_Read.ap_auto.i16, i16 %p_read6" [firmware/nnet_utils/nnet_activation.h:40]   --->   Operation 27 'read' 'p_read638' <Predicate = true> <Delay = 0.00>
ST_1 : Operation 28 [1/1] (0.00ns)   --->   "%p_read537 = read i16 @_ssdm_op_Read.ap_auto.i16, i16 %p_read5" [firmware/nnet_utils/nnet_activation.h:40]   --->   Operation 28 'read' 'p_read537' <Predicate = true> <Delay = 0.00>
ST_1 : Operation 29 [1/1] (0.00ns)   --->   "%p_read436 = read i16 @_ssdm_op_Read.ap_auto.i16, i16 %p_read4" [firmware/nnet_utils/nnet_activation.h:40]   --->   Operation 29 'read' 'p_read436' <Predicate = true> <Delay = 0.00>
ST_1 : Operation 30 [1/1] (0.00ns)   --->   "%p_read335 = read i16 @_ssdm_op_Read.ap_auto.i16, i16 %p_read3" [firmware/nnet_utils/nnet_activation.h:40]   --->   Operation 30 'read' 'p_read335' <Predicate = true> <Delay = 0.00>
ST_1 : Operation 31 [1/1] (0.00ns)   --->   "%p_read234 = read i16 @_ssdm_op_Read.ap_auto.i16, i16 %p_read2" [firmware/nnet_utils/nnet_activation.h:40]   --->   Operation 31 'read' 'p_read234' <Predicate = true> <Delay = 0.00>
ST_1 : Operation 32 [1/1] (0.00ns)   --->   "%p_read133 = read i16 @_ssdm_op_Read.ap_auto.i16, i16 %p_read1" [firmware/nnet_utils/nnet_activation.h:40]   --->   Operation 32 'read' 'p_read133' <Predicate = true> <Delay = 0.00>
ST_1 : Operation 33 [1/1] (0.00ns)   --->   "%p_read32 = read i16 @_ssdm_op_Read.ap_auto.i16, i16 %p_read" [firmware/nnet_utils/nnet_activation.h:40]   --->   Operation 33 'read' 'p_read32' <Predicate = true> <Delay = 0.00>
ST_1 : Operation 34 [1/1] (0.00ns)   --->   "%trunc_ln40 = trunc i16 %p_read_88" [firmware/nnet_utils/nnet_activation.h:40]   --->   Operation 34 'trunc' 'trunc_ln40' <Predicate = (icmp_ln1649_125)> <Delay = 0.00>
ST_1 : Operation 35 [1/1] (0.00ns)   --->   "%trunc_ln40_95 = trunc i16 %p_read3062" [firmware/nnet_utils/nnet_activation.h:40]   --->   Operation 35 'trunc' 'trunc_ln40_95' <Predicate = (icmp_ln1649_124)> <Delay = 0.00>
ST_1 : Operation 36 [1/1] (0.00ns)   --->   "%trunc_ln40_96 = trunc i16 %p_read_89" [firmware/nnet_utils/nnet_activation.h:40]   --->   Operation 36 'trunc' 'trunc_ln40_96' <Predicate = (icmp_ln1649_123)> <Delay = 0.00>
ST_1 : Operation 37 [1/1] (0.00ns)   --->   "%trunc_ln40_97 = trunc i16 %p_read_90" [firmware/nnet_utils/nnet_activation.h:40]   --->   Operation 37 'trunc' 'trunc_ln40_97' <Predicate = (icmp_ln1649_122)> <Delay = 0.00>
ST_1 : Operation 38 [1/1] (0.00ns)   --->   "%trunc_ln40_98 = trunc i16 %p_read_91" [firmware/nnet_utils/nnet_activation.h:40]   --->   Operation 38 'trunc' 'trunc_ln40_98' <Predicate = (icmp_ln1649_121)> <Delay = 0.00>
ST_1 : Operation 39 [1/1] (0.00ns)   --->   "%trunc_ln40_99 = trunc i16 %p_read_92" [firmware/nnet_utils/nnet_activation.h:40]   --->   Operation 39 'trunc' 'trunc_ln40_99' <Predicate = (icmp_ln1649_120)> <Delay = 0.00>
ST_1 : Operation 40 [1/1] (0.00ns)   --->   "%trunc_ln40_100 = trunc i16 %p_read_93" [firmware/nnet_utils/nnet_activation.h:40]   --->   Operation 40 'trunc' 'trunc_ln40_100' <Predicate = (icmp_ln1649_119)> <Delay = 0.00>
ST_1 : Operation 41 [1/1] (0.00ns)   --->   "%trunc_ln40_101 = trunc i16 %p_read_94" [firmware/nnet_utils/nnet_activation.h:40]   --->   Operation 41 'trunc' 'trunc_ln40_101' <Predicate = (icmp_ln1649_118)> <Delay = 0.00>
ST_1 : Operation 42 [1/1] (0.00ns)   --->   "%trunc_ln40_102 = trunc i16 %p_read_95" [firmware/nnet_utils/nnet_activation.h:40]   --->   Operation 42 'trunc' 'trunc_ln40_102' <Predicate = (icmp_ln1649_117)> <Delay = 0.00>
ST_1 : Operation 43 [1/1] (0.00ns)   --->   "%trunc_ln40_103 = trunc i16 %p_read_96" [firmware/nnet_utils/nnet_activation.h:40]   --->   Operation 43 'trunc' 'trunc_ln40_103' <Predicate = (icmp_ln1649_116)> <Delay = 0.00>
ST_1 : Operation 44 [1/1] (0.00ns)   --->   "%trunc_ln40_104 = trunc i16 %p_read_97" [firmware/nnet_utils/nnet_activation.h:40]   --->   Operation 44 'trunc' 'trunc_ln40_104' <Predicate = (icmp_ln1649_115)> <Delay = 0.00>
ST_1 : Operation 45 [1/1] (0.00ns)   --->   "%trunc_ln40_105 = trunc i16 %p_read2052" [firmware/nnet_utils/nnet_activation.h:40]   --->   Operation 45 'trunc' 'trunc_ln40_105' <Predicate = (icmp_ln1649_114)> <Delay = 0.00>
ST_1 : Operation 46 [1/1] (0.00ns)   --->   "%trunc_ln40_106 = trunc i16 %p_read_98" [firmware/nnet_utils/nnet_activation.h:40]   --->   Operation 46 'trunc' 'trunc_ln40_106' <Predicate = (icmp_ln1649_113)> <Delay = 0.00>
ST_1 : Operation 47 [1/1] (0.00ns)   --->   "%trunc_ln40_107 = trunc i16 %p_read_99" [firmware/nnet_utils/nnet_activation.h:40]   --->   Operation 47 'trunc' 'trunc_ln40_107' <Predicate = (icmp_ln1649_112)> <Delay = 0.00>
ST_1 : Operation 48 [1/1] (0.00ns)   --->   "%trunc_ln40_108 = trunc i16 %p_read_100" [firmware/nnet_utils/nnet_activation.h:40]   --->   Operation 48 'trunc' 'trunc_ln40_108' <Predicate = (icmp_ln1649_111)> <Delay = 0.00>
ST_1 : Operation 49 [1/1] (0.00ns)   --->   "%trunc_ln40_109 = trunc i16 %p_read_101" [firmware/nnet_utils/nnet_activation.h:40]   --->   Operation 49 'trunc' 'trunc_ln40_109' <Predicate = (icmp_ln1649_110)> <Delay = 0.00>
ST_1 : Operation 50 [1/1] (0.00ns)   --->   "%trunc_ln40_110 = trunc i16 %p_read_102" [firmware/nnet_utils/nnet_activation.h:40]   --->   Operation 50 'trunc' 'trunc_ln40_110' <Predicate = (icmp_ln1649_109)> <Delay = 0.00>
ST_1 : Operation 51 [1/1] (0.00ns)   --->   "%trunc_ln40_111 = trunc i16 %p_read_103" [firmware/nnet_utils/nnet_activation.h:40]   --->   Operation 51 'trunc' 'trunc_ln40_111' <Predicate = (icmp_ln1649_108)> <Delay = 0.00>
ST_1 : Operation 52 [1/1] (0.00ns)   --->   "%trunc_ln40_112 = trunc i16 %p_read_104" [firmware/nnet_utils/nnet_activation.h:40]   --->   Operation 52 'trunc' 'trunc_ln40_112' <Predicate = (icmp_ln1649_107)> <Delay = 0.00>
ST_1 : Operation 53 [1/1] (0.00ns)   --->   "%trunc_ln40_113 = trunc i16 %p_read_105" [firmware/nnet_utils/nnet_activation.h:40]   --->   Operation 53 'trunc' 'trunc_ln40_113' <Predicate = (icmp_ln1649_106)> <Delay = 0.00>
ST_1 : Operation 54 [1/1] (0.00ns)   --->   "%trunc_ln40_114 = trunc i16 %p_read_106" [firmware/nnet_utils/nnet_activation.h:40]   --->   Operation 54 'trunc' 'trunc_ln40_114' <Predicate = (icmp_ln1649_105)> <Delay = 0.00>
ST_1 : Operation 55 [1/1] (0.00ns)   --->   "%trunc_ln40_115 = trunc i16 %p_read1042" [firmware/nnet_utils/nnet_activation.h:40]   --->   Operation 55 'trunc' 'trunc_ln40_115' <Predicate = (icmp_ln1649_104)> <Delay = 0.00>
ST_1 : Operation 56 [1/1] (0.00ns)   --->   "%trunc_ln40_116 = trunc i16 %p_read941" [firmware/nnet_utils/nnet_activation.h:40]   --->   Operation 56 'trunc' 'trunc_ln40_116' <Predicate = (icmp_ln1649_103)> <Delay = 0.00>
ST_1 : Operation 57 [1/1] (0.00ns)   --->   "%trunc_ln40_117 = trunc i16 %p_read840" [firmware/nnet_utils/nnet_activation.h:40]   --->   Operation 57 'trunc' 'trunc_ln40_117' <Predicate = (icmp_ln1649_102)> <Delay = 0.00>
ST_1 : Operation 58 [1/1] (0.00ns)   --->   "%trunc_ln40_118 = trunc i16 %p_read739" [firmware/nnet_utils/nnet_activation.h:40]   --->   Operation 58 'trunc' 'trunc_ln40_118' <Predicate = (icmp_ln1649_101)> <Delay = 0.00>
ST_1 : Operation 59 [1/1] (0.00ns)   --->   "%trunc_ln40_119 = trunc i16 %p_read638" [firmware/nnet_utils/nnet_activation.h:40]   --->   Operation 59 'trunc' 'trunc_ln40_119' <Predicate = (icmp_ln1649_100)> <Delay = 0.00>
ST_1 : Operation 60 [1/1] (0.00ns)   --->   "%trunc_ln40_120 = trunc i16 %p_read537" [firmware/nnet_utils/nnet_activation.h:40]   --->   Operation 60 'trunc' 'trunc_ln40_120' <Predicate = (icmp_ln1649_99)> <Delay = 0.00>
ST_1 : Operation 61 [1/1] (0.00ns)   --->   "%trunc_ln40_121 = trunc i16 %p_read436" [firmware/nnet_utils/nnet_activation.h:40]   --->   Operation 61 'trunc' 'trunc_ln40_121' <Predicate = (icmp_ln1649_98)> <Delay = 0.00>
ST_1 : Operation 62 [1/1] (0.00ns)   --->   "%trunc_ln40_122 = trunc i16 %p_read335" [firmware/nnet_utils/nnet_activation.h:40]   --->   Operation 62 'trunc' 'trunc_ln40_122' <Predicate = (icmp_ln1649_97)> <Delay = 0.00>
ST_1 : Operation 63 [1/1] (0.00ns)   --->   "%trunc_ln40_123 = trunc i16 %p_read234" [firmware/nnet_utils/nnet_activation.h:40]   --->   Operation 63 'trunc' 'trunc_ln40_123' <Predicate = (icmp_ln1649_96)> <Delay = 0.00>
ST_1 : Operation 64 [1/1] (0.00ns)   --->   "%trunc_ln40_124 = trunc i16 %p_read133" [firmware/nnet_utils/nnet_activation.h:40]   --->   Operation 64 'trunc' 'trunc_ln40_124' <Predicate = (icmp_ln1649_95)> <Delay = 0.00>
ST_1 : Operation 65 [1/1] (0.00ns)   --->   "%trunc_ln40_125 = trunc i16 %p_read32" [firmware/nnet_utils/nnet_activation.h:40]   --->   Operation 65 'trunc' 'trunc_ln40_125' <Predicate = (icmp_ln1649)> <Delay = 0.00>
ST_1 : Operation 66 [1/1] (0.00ns)   --->   "%specpipeline_ln40 = specpipeline void @_ssdm_op_SpecPipeline, i32 4294967295, i32 0, i32 0, i32 0, void @empty_0" [firmware/nnet_utils/nnet_activation.h:40]   --->   Operation 66 'specpipeline' 'specpipeline_ln40' <Predicate = true> <Delay = 0.00>
ST_1 : Operation 67 [1/1] (0.67ns)   --->   "%icmp_ln1649 = icmp_sgt  i16 %p_read32, i16 0"   --->   Operation 67 'icmp' 'icmp_ln1649' <Predicate = true> <Delay = 0.67> <CoreInst = "Cmp">   --->   Core 9 'Cmp' <Latency = 0> <II = 1> <Delay = 0.67> <FuncUnit> <Opcode : 'icmp'> <InPorts = 2> <OutPorts = 1>
ST_1 : Operation 68 [1/1] (0.29ns)   --->   "%datareg_V = select i1 %icmp_ln1649, i15 %trunc_ln40_125, i15 0" [firmware/nnet_utils/nnet_activation.h:45]   --->   Operation 68 'select' 'datareg_V' <Predicate = true> <Delay = 0.29> <CoreInst = "Sel">   --->   Core 73 'Sel' <Latency = 0> <II = 1> <Delay = 0.29> <FuncUnit> <Opcode : 'select'> <InPorts = 3> <OutPorts = 1>
ST_1 : Operation 69 [1/1] (0.00ns)   --->   "%zext_ln45 = zext i15 %datareg_V" [firmware/nnet_utils/nnet_activation.h:45]   --->   Operation 69 'zext' 'zext_ln45' <Predicate = true> <Delay = 0.00>
ST_1 : Operation 70 [1/1] (0.67ns)   --->   "%icmp_ln1649_95 = icmp_sgt  i16 %p_read133, i16 0"   --->   Operation 70 'icmp' 'icmp_ln1649_95' <Predicate = true> <Delay = 0.67> <CoreInst = "Cmp">   --->   Core 9 'Cmp' <Latency = 0> <II = 1> <Delay = 0.67> <FuncUnit> <Opcode : 'icmp'> <InPorts = 2> <OutPorts = 1>
ST_1 : Operation 71 [1/1] (0.29ns)   --->   "%datareg_V_95 = select i1 %icmp_ln1649_95, i15 %trunc_ln40_124, i15 0" [firmware/nnet_utils/nnet_activation.h:45]   --->   Operation 71 'select' 'datareg_V_95' <Predicate = true> <Delay = 0.29> <CoreInst = "Sel">   --->   Core 73 'Sel' <Latency = 0> <II = 1> <Delay = 0.29> <FuncUnit> <Opcode : 'select'> <InPorts = 3> <OutPorts = 1>
ST_1 : Operation 72 [1/1] (0.00ns)   --->   "%zext_ln45_95 = zext i15 %datareg_V_95" [firmware/nnet_utils/nnet_activation.h:45]   --->   Operation 72 'zext' 'zext_ln45_95' <Predicate = true> <Delay = 0.00>
ST_1 : Operation 73 [1/1] (0.67ns)   --->   "%icmp_ln1649_96 = icmp_sgt  i16 %p_read234, i16 0"   --->   Operation 73 'icmp' 'icmp_ln1649_96' <Predicate = true> <Delay = 0.67> <CoreInst = "Cmp">   --->   Core 9 'Cmp' <Latency = 0> <II = 1> <Delay = 0.67> <FuncUnit> <Opcode : 'icmp'> <InPorts = 2> <OutPorts = 1>
ST_1 : Operation 74 [1/1] (0.29ns)   --->   "%datareg_V_96 = select i1 %icmp_ln1649_96, i15 %trunc_ln40_123, i15 0" [firmware/nnet_utils/nnet_activation.h:45]   --->   Operation 74 'select' 'datareg_V_96' <Predicate = true> <Delay = 0.29> <CoreInst = "Sel">   --->   Core 73 'Sel' <Latency = 0> <II = 1> <Delay = 0.29> <FuncUnit> <Opcode : 'select'> <InPorts = 3> <OutPorts = 1>
ST_1 : Operation 75 [1/1] (0.00ns)   --->   "%zext_ln45_96 = zext i15 %datareg_V_96" [firmware/nnet_utils/nnet_activation.h:45]   --->   Operation 75 'zext' 'zext_ln45_96' <Predicate = true> <Delay = 0.00>
ST_1 : Operation 76 [1/1] (0.67ns)   --->   "%icmp_ln1649_97 = icmp_sgt  i16 %p_read335, i16 0"   --->   Operation 76 'icmp' 'icmp_ln1649_97' <Predicate = true> <Delay = 0.67> <CoreInst = "Cmp">   --->   Core 9 'Cmp' <Latency = 0> <II = 1> <Delay = 0.67> <FuncUnit> <Opcode : 'icmp'> <InPorts = 2> <OutPorts = 1>
ST_1 : Operation 77 [1/1] (0.29ns)   --->   "%datareg_V_97 = select i1 %icmp_ln1649_97, i15 %trunc_ln40_122, i15 0" [firmware/nnet_utils/nnet_activation.h:45]   --->   Operation 77 'select' 'datareg_V_97' <Predicate = true> <Delay = 0.29> <CoreInst = "Sel">   --->   Core 73 'Sel' <Latency = 0> <II = 1> <Delay = 0.29> <FuncUnit> <Opcode : 'select'> <InPorts = 3> <OutPorts = 1>
ST_1 : Operation 78 [1/1] (0.00ns)   --->   "%zext_ln45_97 = zext i15 %datareg_V_97" [firmware/nnet_utils/nnet_activation.h:45]   --->   Operation 78 'zext' 'zext_ln45_97' <Predicate = true> <Delay = 0.00>
ST_1 : Operation 79 [1/1] (0.67ns)   --->   "%icmp_ln1649_98 = icmp_sgt  i16 %p_read436, i16 0"   --->   Operation 79 'icmp' 'icmp_ln1649_98' <Predicate = true> <Delay = 0.67> <CoreInst = "Cmp">   --->   Core 9 'Cmp' <Latency = 0> <II = 1> <Delay = 0.67> <FuncUnit> <Opcode : 'icmp'> <InPorts = 2> <OutPorts = 1>
ST_1 : Operation 80 [1/1] (0.29ns)   --->   "%datareg_V_98 = select i1 %icmp_ln1649_98, i15 %trunc_ln40_121, i15 0" [firmware/nnet_utils/nnet_activation.h:45]   --->   Operation 80 'select' 'datareg_V_98' <Predicate = true> <Delay = 0.29> <CoreInst = "Sel">   --->   Core 73 'Sel' <Latency = 0> <II = 1> <Delay = 0.29> <FuncUnit> <Opcode : 'select'> <InPorts = 3> <OutPorts = 1>
ST_1 : Operation 81 [1/1] (0.00ns)   --->   "%zext_ln45_98 = zext i15 %datareg_V_98" [firmware/nnet_utils/nnet_activation.h:45]   --->   Operation 81 'zext' 'zext_ln45_98' <Predicate = true> <Delay = 0.00>
ST_1 : Operation 82 [1/1] (0.67ns)   --->   "%icmp_ln1649_99 = icmp_sgt  i16 %p_read537, i16 0"   --->   Operation 82 'icmp' 'icmp_ln1649_99' <Predicate = true> <Delay = 0.67> <CoreInst = "Cmp">   --->   Core 9 'Cmp' <Latency = 0> <II = 1> <Delay = 0.67> <FuncUnit> <Opcode : 'icmp'> <InPorts = 2> <OutPorts = 1>
ST_1 : Operation 83 [1/1] (0.29ns)   --->   "%datareg_V_99 = select i1 %icmp_ln1649_99, i15 %trunc_ln40_120, i15 0" [firmware/nnet_utils/nnet_activation.h:45]   --->   Operation 83 'select' 'datareg_V_99' <Predicate = true> <Delay = 0.29> <CoreInst = "Sel">   --->   Core 73 'Sel' <Latency = 0> <II = 1> <Delay = 0.29> <FuncUnit> <Opcode : 'select'> <InPorts = 3> <OutPorts = 1>
ST_1 : Operation 84 [1/1] (0.00ns)   --->   "%zext_ln45_99 = zext i15 %datareg_V_99" [firmware/nnet_utils/nnet_activation.h:45]   --->   Operation 84 'zext' 'zext_ln45_99' <Predicate = true> <Delay = 0.00>
ST_1 : Operation 85 [1/1] (0.67ns)   --->   "%icmp_ln1649_100 = icmp_sgt  i16 %p_read638, i16 0"   --->   Operation 85 'icmp' 'icmp_ln1649_100' <Predicate = true> <Delay = 0.67> <CoreInst = "Cmp">   --->   Core 9 'Cmp' <Latency = 0> <II = 1> <Delay = 0.67> <FuncUnit> <Opcode : 'icmp'> <InPorts = 2> <OutPorts = 1>
ST_1 : Operation 86 [1/1] (0.29ns)   --->   "%datareg_V_100 = select i1 %icmp_ln1649_100, i15 %trunc_ln40_119, i15 0" [firmware/nnet_utils/nnet_activation.h:45]   --->   Operation 86 'select' 'datareg_V_100' <Predicate = true> <Delay = 0.29> <CoreInst = "Sel">   --->   Core 73 'Sel' <Latency = 0> <II = 1> <Delay = 0.29> <FuncUnit> <Opcode : 'select'> <InPorts = 3> <OutPorts = 1>
ST_1 : Operation 87 [1/1] (0.00ns)   --->   "%zext_ln45_100 = zext i15 %datareg_V_100" [firmware/nnet_utils/nnet_activation.h:45]   --->   Operation 87 'zext' 'zext_ln45_100' <Predicate = true> <Delay = 0.00>
ST_1 : Operation 88 [1/1] (0.67ns)   --->   "%icmp_ln1649_101 = icmp_sgt  i16 %p_read739, i16 0"   --->   Operation 88 'icmp' 'icmp_ln1649_101' <Predicate = true> <Delay = 0.67> <CoreInst = "Cmp">   --->   Core 9 'Cmp' <Latency = 0> <II = 1> <Delay = 0.67> <FuncUnit> <Opcode : 'icmp'> <InPorts = 2> <OutPorts = 1>
ST_1 : Operation 89 [1/1] (0.29ns)   --->   "%datareg_V_101 = select i1 %icmp_ln1649_101, i15 %trunc_ln40_118, i15 0" [firmware/nnet_utils/nnet_activation.h:45]   --->   Operation 89 'select' 'datareg_V_101' <Predicate = true> <Delay = 0.29> <CoreInst = "Sel">   --->   Core 73 'Sel' <Latency = 0> <II = 1> <Delay = 0.29> <FuncUnit> <Opcode : 'select'> <InPorts = 3> <OutPorts = 1>
ST_1 : Operation 90 [1/1] (0.00ns)   --->   "%zext_ln45_101 = zext i15 %datareg_V_101" [firmware/nnet_utils/nnet_activation.h:45]   --->   Operation 90 'zext' 'zext_ln45_101' <Predicate = true> <Delay = 0.00>
ST_1 : Operation 91 [1/1] (0.67ns)   --->   "%icmp_ln1649_102 = icmp_sgt  i16 %p_read840, i16 0"   --->   Operation 91 'icmp' 'icmp_ln1649_102' <Predicate = true> <Delay = 0.67> <CoreInst = "Cmp">   --->   Core 9 'Cmp' <Latency = 0> <II = 1> <Delay = 0.67> <FuncUnit> <Opcode : 'icmp'> <InPorts = 2> <OutPorts = 1>
ST_1 : Operation 92 [1/1] (0.29ns)   --->   "%datareg_V_102 = select i1 %icmp_ln1649_102, i15 %trunc_ln40_117, i15 0" [firmware/nnet_utils/nnet_activation.h:45]   --->   Operation 92 'select' 'datareg_V_102' <Predicate = true> <Delay = 0.29> <CoreInst = "Sel">   --->   Core 73 'Sel' <Latency = 0> <II = 1> <Delay = 0.29> <FuncUnit> <Opcode : 'select'> <InPorts = 3> <OutPorts = 1>
ST_1 : Operation 93 [1/1] (0.00ns)   --->   "%zext_ln45_102 = zext i15 %datareg_V_102" [firmware/nnet_utils/nnet_activation.h:45]   --->   Operation 93 'zext' 'zext_ln45_102' <Predicate = true> <Delay = 0.00>
ST_1 : Operation 94 [1/1] (0.67ns)   --->   "%icmp_ln1649_103 = icmp_sgt  i16 %p_read941, i16 0"   --->   Operation 94 'icmp' 'icmp_ln1649_103' <Predicate = true> <Delay = 0.67> <CoreInst = "Cmp">   --->   Core 9 'Cmp' <Latency = 0> <II = 1> <Delay = 0.67> <FuncUnit> <Opcode : 'icmp'> <InPorts = 2> <OutPorts = 1>
ST_1 : Operation 95 [1/1] (0.29ns)   --->   "%datareg_V_103 = select i1 %icmp_ln1649_103, i15 %trunc_ln40_116, i15 0" [firmware/nnet_utils/nnet_activation.h:45]   --->   Operation 95 'select' 'datareg_V_103' <Predicate = true> <Delay = 0.29> <CoreInst = "Sel">   --->   Core 73 'Sel' <Latency = 0> <II = 1> <Delay = 0.29> <FuncUnit> <Opcode : 'select'> <InPorts = 3> <OutPorts = 1>
ST_1 : Operation 96 [1/1] (0.00ns)   --->   "%zext_ln45_103 = zext i15 %datareg_V_103" [firmware/nnet_utils/nnet_activation.h:45]   --->   Operation 96 'zext' 'zext_ln45_103' <Predicate = true> <Delay = 0.00>
ST_1 : Operation 97 [1/1] (0.67ns)   --->   "%icmp_ln1649_104 = icmp_sgt  i16 %p_read1042, i16 0"   --->   Operation 97 'icmp' 'icmp_ln1649_104' <Predicate = true> <Delay = 0.67> <CoreInst = "Cmp">   --->   Core 9 'Cmp' <Latency = 0> <II = 1> <Delay = 0.67> <FuncUnit> <Opcode : 'icmp'> <InPorts = 2> <OutPorts = 1>
ST_1 : Operation 98 [1/1] (0.29ns)   --->   "%datareg_V_104 = select i1 %icmp_ln1649_104, i15 %trunc_ln40_115, i15 0" [firmware/nnet_utils/nnet_activation.h:45]   --->   Operation 98 'select' 'datareg_V_104' <Predicate = true> <Delay = 0.29> <CoreInst = "Sel">   --->   Core 73 'Sel' <Latency = 0> <II = 1> <Delay = 0.29> <FuncUnit> <Opcode : 'select'> <InPorts = 3> <OutPorts = 1>
ST_1 : Operation 99 [1/1] (0.00ns)   --->   "%zext_ln45_104 = zext i15 %datareg_V_104" [firmware/nnet_utils/nnet_activation.h:45]   --->   Operation 99 'zext' 'zext_ln45_104' <Predicate = true> <Delay = 0.00>
ST_1 : Operation 100 [1/1] (0.67ns)   --->   "%icmp_ln1649_105 = icmp_sgt  i16 %p_read_106, i16 0"   --->   Operation 100 'icmp' 'icmp_ln1649_105' <Predicate = true> <Delay = 0.67> <CoreInst = "Cmp">   --->   Core 9 'Cmp' <Latency = 0> <II = 1> <Delay = 0.67> <FuncUnit> <Opcode : 'icmp'> <InPorts = 2> <OutPorts = 1>
ST_1 : Operation 101 [1/1] (0.29ns)   --->   "%datareg_V_105 = select i1 %icmp_ln1649_105, i15 %trunc_ln40_114, i15 0" [firmware/nnet_utils/nnet_activation.h:45]   --->   Operation 101 'select' 'datareg_V_105' <Predicate = true> <Delay = 0.29> <CoreInst = "Sel">   --->   Core 73 'Sel' <Latency = 0> <II = 1> <Delay = 0.29> <FuncUnit> <Opcode : 'select'> <InPorts = 3> <OutPorts = 1>
ST_1 : Operation 102 [1/1] (0.00ns)   --->   "%zext_ln45_105 = zext i15 %datareg_V_105" [firmware/nnet_utils/nnet_activation.h:45]   --->   Operation 102 'zext' 'zext_ln45_105' <Predicate = true> <Delay = 0.00>
ST_1 : Operation 103 [1/1] (0.67ns)   --->   "%icmp_ln1649_106 = icmp_sgt  i16 %p_read_105, i16 0"   --->   Operation 103 'icmp' 'icmp_ln1649_106' <Predicate = true> <Delay = 0.67> <CoreInst = "Cmp">   --->   Core 9 'Cmp' <Latency = 0> <II = 1> <Delay = 0.67> <FuncUnit> <Opcode : 'icmp'> <InPorts = 2> <OutPorts = 1>
ST_1 : Operation 104 [1/1] (0.29ns)   --->   "%datareg_V_106 = select i1 %icmp_ln1649_106, i15 %trunc_ln40_113, i15 0" [firmware/nnet_utils/nnet_activation.h:45]   --->   Operation 104 'select' 'datareg_V_106' <Predicate = true> <Delay = 0.29> <CoreInst = "Sel">   --->   Core 73 'Sel' <Latency = 0> <II = 1> <Delay = 0.29> <FuncUnit> <Opcode : 'select'> <InPorts = 3> <OutPorts = 1>
ST_1 : Operation 105 [1/1] (0.00ns)   --->   "%zext_ln45_106 = zext i15 %datareg_V_106" [firmware/nnet_utils/nnet_activation.h:45]   --->   Operation 105 'zext' 'zext_ln45_106' <Predicate = true> <Delay = 0.00>
ST_1 : Operation 106 [1/1] (0.67ns)   --->   "%icmp_ln1649_107 = icmp_sgt  i16 %p_read_104, i16 0"   --->   Operation 106 'icmp' 'icmp_ln1649_107' <Predicate = true> <Delay = 0.67> <CoreInst = "Cmp">   --->   Core 9 'Cmp' <Latency = 0> <II = 1> <Delay = 0.67> <FuncUnit> <Opcode : 'icmp'> <InPorts = 2> <OutPorts = 1>
ST_1 : Operation 107 [1/1] (0.29ns)   --->   "%datareg_V_107 = select i1 %icmp_ln1649_107, i15 %trunc_ln40_112, i15 0" [firmware/nnet_utils/nnet_activation.h:45]   --->   Operation 107 'select' 'datareg_V_107' <Predicate = true> <Delay = 0.29> <CoreInst = "Sel">   --->   Core 73 'Sel' <Latency = 0> <II = 1> <Delay = 0.29> <FuncUnit> <Opcode : 'select'> <InPorts = 3> <OutPorts = 1>
ST_1 : Operation 108 [1/1] (0.00ns)   --->   "%zext_ln45_107 = zext i15 %datareg_V_107" [firmware/nnet_utils/nnet_activation.h:45]   --->   Operation 108 'zext' 'zext_ln45_107' <Predicate = true> <Delay = 0.00>
ST_1 : Operation 109 [1/1] (0.67ns)   --->   "%icmp_ln1649_108 = icmp_sgt  i16 %p_read_103, i16 0"   --->   Operation 109 'icmp' 'icmp_ln1649_108' <Predicate = true> <Delay = 0.67> <CoreInst = "Cmp">   --->   Core 9 'Cmp' <Latency = 0> <II = 1> <Delay = 0.67> <FuncUnit> <Opcode : 'icmp'> <InPorts = 2> <OutPorts = 1>
ST_1 : Operation 110 [1/1] (0.29ns)   --->   "%datareg_V_108 = select i1 %icmp_ln1649_108, i15 %trunc_ln40_111, i15 0" [firmware/nnet_utils/nnet_activation.h:45]   --->   Operation 110 'select' 'datareg_V_108' <Predicate = true> <Delay = 0.29> <CoreInst = "Sel">   --->   Core 73 'Sel' <Latency = 0> <II = 1> <Delay = 0.29> <FuncUnit> <Opcode : 'select'> <InPorts = 3> <OutPorts = 1>
ST_1 : Operation 111 [1/1] (0.00ns)   --->   "%zext_ln45_108 = zext i15 %datareg_V_108" [firmware/nnet_utils/nnet_activation.h:45]   --->   Operation 111 'zext' 'zext_ln45_108' <Predicate = true> <Delay = 0.00>
ST_1 : Operation 112 [1/1] (0.67ns)   --->   "%icmp_ln1649_109 = icmp_sgt  i16 %p_read_102, i16 0"   --->   Operation 112 'icmp' 'icmp_ln1649_109' <Predicate = true> <Delay = 0.67> <CoreInst = "Cmp">   --->   Core 9 'Cmp' <Latency = 0> <II = 1> <Delay = 0.67> <FuncUnit> <Opcode : 'icmp'> <InPorts = 2> <OutPorts = 1>
ST_1 : Operation 113 [1/1] (0.29ns)   --->   "%datareg_V_109 = select i1 %icmp_ln1649_109, i15 %trunc_ln40_110, i15 0" [firmware/nnet_utils/nnet_activation.h:45]   --->   Operation 113 'select' 'datareg_V_109' <Predicate = true> <Delay = 0.29> <CoreInst = "Sel">   --->   Core 73 'Sel' <Latency = 0> <II = 1> <Delay = 0.29> <FuncUnit> <Opcode : 'select'> <InPorts = 3> <OutPorts = 1>
ST_1 : Operation 114 [1/1] (0.00ns)   --->   "%zext_ln45_109 = zext i15 %datareg_V_109" [firmware/nnet_utils/nnet_activation.h:45]   --->   Operation 114 'zext' 'zext_ln45_109' <Predicate = true> <Delay = 0.00>
ST_1 : Operation 115 [1/1] (0.67ns)   --->   "%icmp_ln1649_110 = icmp_sgt  i16 %p_read_101, i16 0"   --->   Operation 115 'icmp' 'icmp_ln1649_110' <Predicate = true> <Delay = 0.67> <CoreInst = "Cmp">   --->   Core 9 'Cmp' <Latency = 0> <II = 1> <Delay = 0.67> <FuncUnit> <Opcode : 'icmp'> <InPorts = 2> <OutPorts = 1>
ST_1 : Operation 116 [1/1] (0.29ns)   --->   "%datareg_V_110 = select i1 %icmp_ln1649_110, i15 %trunc_ln40_109, i15 0" [firmware/nnet_utils/nnet_activation.h:45]   --->   Operation 116 'select' 'datareg_V_110' <Predicate = true> <Delay = 0.29> <CoreInst = "Sel">   --->   Core 73 'Sel' <Latency = 0> <II = 1> <Delay = 0.29> <FuncUnit> <Opcode : 'select'> <InPorts = 3> <OutPorts = 1>
ST_1 : Operation 117 [1/1] (0.00ns)   --->   "%zext_ln45_110 = zext i15 %datareg_V_110" [firmware/nnet_utils/nnet_activation.h:45]   --->   Operation 117 'zext' 'zext_ln45_110' <Predicate = true> <Delay = 0.00>
ST_1 : Operation 118 [1/1] (0.67ns)   --->   "%icmp_ln1649_111 = icmp_sgt  i16 %p_read_100, i16 0"   --->   Operation 118 'icmp' 'icmp_ln1649_111' <Predicate = true> <Delay = 0.67> <CoreInst = "Cmp">   --->   Core 9 'Cmp' <Latency = 0> <II = 1> <Delay = 0.67> <FuncUnit> <Opcode : 'icmp'> <InPorts = 2> <OutPorts = 1>
ST_1 : Operation 119 [1/1] (0.29ns)   --->   "%datareg_V_111 = select i1 %icmp_ln1649_111, i15 %trunc_ln40_108, i15 0" [firmware/nnet_utils/nnet_activation.h:45]   --->   Operation 119 'select' 'datareg_V_111' <Predicate = true> <Delay = 0.29> <CoreInst = "Sel">   --->   Core 73 'Sel' <Latency = 0> <II = 1> <Delay = 0.29> <FuncUnit> <Opcode : 'select'> <InPorts = 3> <OutPorts = 1>
ST_1 : Operation 120 [1/1] (0.00ns)   --->   "%zext_ln45_111 = zext i15 %datareg_V_111" [firmware/nnet_utils/nnet_activation.h:45]   --->   Operation 120 'zext' 'zext_ln45_111' <Predicate = true> <Delay = 0.00>
ST_1 : Operation 121 [1/1] (0.67ns)   --->   "%icmp_ln1649_112 = icmp_sgt  i16 %p_read_99, i16 0"   --->   Operation 121 'icmp' 'icmp_ln1649_112' <Predicate = true> <Delay = 0.67> <CoreInst = "Cmp">   --->   Core 9 'Cmp' <Latency = 0> <II = 1> <Delay = 0.67> <FuncUnit> <Opcode : 'icmp'> <InPorts = 2> <OutPorts = 1>
ST_1 : Operation 122 [1/1] (0.29ns)   --->   "%datareg_V_112 = select i1 %icmp_ln1649_112, i15 %trunc_ln40_107, i15 0" [firmware/nnet_utils/nnet_activation.h:45]   --->   Operation 122 'select' 'datareg_V_112' <Predicate = true> <Delay = 0.29> <CoreInst = "Sel">   --->   Core 73 'Sel' <Latency = 0> <II = 1> <Delay = 0.29> <FuncUnit> <Opcode : 'select'> <InPorts = 3> <OutPorts = 1>
ST_1 : Operation 123 [1/1] (0.00ns)   --->   "%zext_ln45_112 = zext i15 %datareg_V_112" [firmware/nnet_utils/nnet_activation.h:45]   --->   Operation 123 'zext' 'zext_ln45_112' <Predicate = true> <Delay = 0.00>
ST_1 : Operation 124 [1/1] (0.67ns)   --->   "%icmp_ln1649_113 = icmp_sgt  i16 %p_read_98, i16 0"   --->   Operation 124 'icmp' 'icmp_ln1649_113' <Predicate = true> <Delay = 0.67> <CoreInst = "Cmp">   --->   Core 9 'Cmp' <Latency = 0> <II = 1> <Delay = 0.67> <FuncUnit> <Opcode : 'icmp'> <InPorts = 2> <OutPorts = 1>
ST_1 : Operation 125 [1/1] (0.29ns)   --->   "%datareg_V_113 = select i1 %icmp_ln1649_113, i15 %trunc_ln40_106, i15 0" [firmware/nnet_utils/nnet_activation.h:45]   --->   Operation 125 'select' 'datareg_V_113' <Predicate = true> <Delay = 0.29> <CoreInst = "Sel">   --->   Core 73 'Sel' <Latency = 0> <II = 1> <Delay = 0.29> <FuncUnit> <Opcode : 'select'> <InPorts = 3> <OutPorts = 1>
ST_1 : Operation 126 [1/1] (0.00ns)   --->   "%zext_ln45_113 = zext i15 %datareg_V_113" [firmware/nnet_utils/nnet_activation.h:45]   --->   Operation 126 'zext' 'zext_ln45_113' <Predicate = true> <Delay = 0.00>
ST_1 : Operation 127 [1/1] (0.67ns)   --->   "%icmp_ln1649_114 = icmp_sgt  i16 %p_read2052, i16 0"   --->   Operation 127 'icmp' 'icmp_ln1649_114' <Predicate = true> <Delay = 0.67> <CoreInst = "Cmp">   --->   Core 9 'Cmp' <Latency = 0> <II = 1> <Delay = 0.67> <FuncUnit> <Opcode : 'icmp'> <InPorts = 2> <OutPorts = 1>
ST_1 : Operation 128 [1/1] (0.29ns)   --->   "%datareg_V_114 = select i1 %icmp_ln1649_114, i15 %trunc_ln40_105, i15 0" [firmware/nnet_utils/nnet_activation.h:45]   --->   Operation 128 'select' 'datareg_V_114' <Predicate = true> <Delay = 0.29> <CoreInst = "Sel">   --->   Core 73 'Sel' <Latency = 0> <II = 1> <Delay = 0.29> <FuncUnit> <Opcode : 'select'> <InPorts = 3> <OutPorts = 1>
ST_1 : Operation 129 [1/1] (0.00ns)   --->   "%zext_ln45_114 = zext i15 %datareg_V_114" [firmware/nnet_utils/nnet_activation.h:45]   --->   Operation 129 'zext' 'zext_ln45_114' <Predicate = true> <Delay = 0.00>
ST_1 : Operation 130 [1/1] (0.67ns)   --->   "%icmp_ln1649_115 = icmp_sgt  i16 %p_read_97, i16 0"   --->   Operation 130 'icmp' 'icmp_ln1649_115' <Predicate = true> <Delay = 0.67> <CoreInst = "Cmp">   --->   Core 9 'Cmp' <Latency = 0> <II = 1> <Delay = 0.67> <FuncUnit> <Opcode : 'icmp'> <InPorts = 2> <OutPorts = 1>
ST_1 : Operation 131 [1/1] (0.29ns)   --->   "%datareg_V_115 = select i1 %icmp_ln1649_115, i15 %trunc_ln40_104, i15 0" [firmware/nnet_utils/nnet_activation.h:45]   --->   Operation 131 'select' 'datareg_V_115' <Predicate = true> <Delay = 0.29> <CoreInst = "Sel">   --->   Core 73 'Sel' <Latency = 0> <II = 1> <Delay = 0.29> <FuncUnit> <Opcode : 'select'> <InPorts = 3> <OutPorts = 1>
ST_1 : Operation 132 [1/1] (0.00ns)   --->   "%zext_ln45_115 = zext i15 %datareg_V_115" [firmware/nnet_utils/nnet_activation.h:45]   --->   Operation 132 'zext' 'zext_ln45_115' <Predicate = true> <Delay = 0.00>
ST_1 : Operation 133 [1/1] (0.67ns)   --->   "%icmp_ln1649_116 = icmp_sgt  i16 %p_read_96, i16 0"   --->   Operation 133 'icmp' 'icmp_ln1649_116' <Predicate = true> <Delay = 0.67> <CoreInst = "Cmp">   --->   Core 9 'Cmp' <Latency = 0> <II = 1> <Delay = 0.67> <FuncUnit> <Opcode : 'icmp'> <InPorts = 2> <OutPorts = 1>
ST_1 : Operation 134 [1/1] (0.29ns)   --->   "%datareg_V_116 = select i1 %icmp_ln1649_116, i15 %trunc_ln40_103, i15 0" [firmware/nnet_utils/nnet_activation.h:45]   --->   Operation 134 'select' 'datareg_V_116' <Predicate = true> <Delay = 0.29> <CoreInst = "Sel">   --->   Core 73 'Sel' <Latency = 0> <II = 1> <Delay = 0.29> <FuncUnit> <Opcode : 'select'> <InPorts = 3> <OutPorts = 1>
ST_1 : Operation 135 [1/1] (0.00ns)   --->   "%zext_ln45_116 = zext i15 %datareg_V_116" [firmware/nnet_utils/nnet_activation.h:45]   --->   Operation 135 'zext' 'zext_ln45_116' <Predicate = true> <Delay = 0.00>
ST_1 : Operation 136 [1/1] (0.67ns)   --->   "%icmp_ln1649_117 = icmp_sgt  i16 %p_read_95, i16 0"   --->   Operation 136 'icmp' 'icmp_ln1649_117' <Predicate = true> <Delay = 0.67> <CoreInst = "Cmp">   --->   Core 9 'Cmp' <Latency = 0> <II = 1> <Delay = 0.67> <FuncUnit> <Opcode : 'icmp'> <InPorts = 2> <OutPorts = 1>
ST_1 : Operation 137 [1/1] (0.29ns)   --->   "%datareg_V_117 = select i1 %icmp_ln1649_117, i15 %trunc_ln40_102, i15 0" [firmware/nnet_utils/nnet_activation.h:45]   --->   Operation 137 'select' 'datareg_V_117' <Predicate = true> <Delay = 0.29> <CoreInst = "Sel">   --->   Core 73 'Sel' <Latency = 0> <II = 1> <Delay = 0.29> <FuncUnit> <Opcode : 'select'> <InPorts = 3> <OutPorts = 1>
ST_1 : Operation 138 [1/1] (0.00ns)   --->   "%zext_ln45_117 = zext i15 %datareg_V_117" [firmware/nnet_utils/nnet_activation.h:45]   --->   Operation 138 'zext' 'zext_ln45_117' <Predicate = true> <Delay = 0.00>
ST_1 : Operation 139 [1/1] (0.67ns)   --->   "%icmp_ln1649_118 = icmp_sgt  i16 %p_read_94, i16 0"   --->   Operation 139 'icmp' 'icmp_ln1649_118' <Predicate = true> <Delay = 0.67> <CoreInst = "Cmp">   --->   Core 9 'Cmp' <Latency = 0> <II = 1> <Delay = 0.67> <FuncUnit> <Opcode : 'icmp'> <InPorts = 2> <OutPorts = 1>
ST_1 : Operation 140 [1/1] (0.29ns)   --->   "%datareg_V_118 = select i1 %icmp_ln1649_118, i15 %trunc_ln40_101, i15 0" [firmware/nnet_utils/nnet_activation.h:45]   --->   Operation 140 'select' 'datareg_V_118' <Predicate = true> <Delay = 0.29> <CoreInst = "Sel">   --->   Core 73 'Sel' <Latency = 0> <II = 1> <Delay = 0.29> <FuncUnit> <Opcode : 'select'> <InPorts = 3> <OutPorts = 1>
ST_1 : Operation 141 [1/1] (0.00ns)   --->   "%zext_ln45_118 = zext i15 %datareg_V_118" [firmware/nnet_utils/nnet_activation.h:45]   --->   Operation 141 'zext' 'zext_ln45_118' <Predicate = true> <Delay = 0.00>
ST_1 : Operation 142 [1/1] (0.67ns)   --->   "%icmp_ln1649_119 = icmp_sgt  i16 %p_read_93, i16 0"   --->   Operation 142 'icmp' 'icmp_ln1649_119' <Predicate = true> <Delay = 0.67> <CoreInst = "Cmp">   --->   Core 9 'Cmp' <Latency = 0> <II = 1> <Delay = 0.67> <FuncUnit> <Opcode : 'icmp'> <InPorts = 2> <OutPorts = 1>
ST_1 : Operation 143 [1/1] (0.29ns)   --->   "%datareg_V_119 = select i1 %icmp_ln1649_119, i15 %trunc_ln40_100, i15 0" [firmware/nnet_utils/nnet_activation.h:45]   --->   Operation 143 'select' 'datareg_V_119' <Predicate = true> <Delay = 0.29> <CoreInst = "Sel">   --->   Core 73 'Sel' <Latency = 0> <II = 1> <Delay = 0.29> <FuncUnit> <Opcode : 'select'> <InPorts = 3> <OutPorts = 1>
ST_1 : Operation 144 [1/1] (0.00ns)   --->   "%zext_ln45_119 = zext i15 %datareg_V_119" [firmware/nnet_utils/nnet_activation.h:45]   --->   Operation 144 'zext' 'zext_ln45_119' <Predicate = true> <Delay = 0.00>
ST_1 : Operation 145 [1/1] (0.67ns)   --->   "%icmp_ln1649_120 = icmp_sgt  i16 %p_read_92, i16 0"   --->   Operation 145 'icmp' 'icmp_ln1649_120' <Predicate = true> <Delay = 0.67> <CoreInst = "Cmp">   --->   Core 9 'Cmp' <Latency = 0> <II = 1> <Delay = 0.67> <FuncUnit> <Opcode : 'icmp'> <InPorts = 2> <OutPorts = 1>
ST_1 : Operation 146 [1/1] (0.29ns)   --->   "%datareg_V_120 = select i1 %icmp_ln1649_120, i15 %trunc_ln40_99, i15 0" [firmware/nnet_utils/nnet_activation.h:45]   --->   Operation 146 'select' 'datareg_V_120' <Predicate = true> <Delay = 0.29> <CoreInst = "Sel">   --->   Core 73 'Sel' <Latency = 0> <II = 1> <Delay = 0.29> <FuncUnit> <Opcode : 'select'> <InPorts = 3> <OutPorts = 1>
ST_1 : Operation 147 [1/1] (0.00ns)   --->   "%zext_ln45_120 = zext i15 %datareg_V_120" [firmware/nnet_utils/nnet_activation.h:45]   --->   Operation 147 'zext' 'zext_ln45_120' <Predicate = true> <Delay = 0.00>
ST_1 : Operation 148 [1/1] (0.67ns)   --->   "%icmp_ln1649_121 = icmp_sgt  i16 %p_read_91, i16 0"   --->   Operation 148 'icmp' 'icmp_ln1649_121' <Predicate = true> <Delay = 0.67> <CoreInst = "Cmp">   --->   Core 9 'Cmp' <Latency = 0> <II = 1> <Delay = 0.67> <FuncUnit> <Opcode : 'icmp'> <InPorts = 2> <OutPorts = 1>
ST_1 : Operation 149 [1/1] (0.29ns)   --->   "%datareg_V_121 = select i1 %icmp_ln1649_121, i15 %trunc_ln40_98, i15 0" [firmware/nnet_utils/nnet_activation.h:45]   --->   Operation 149 'select' 'datareg_V_121' <Predicate = true> <Delay = 0.29> <CoreInst = "Sel">   --->   Core 73 'Sel' <Latency = 0> <II = 1> <Delay = 0.29> <FuncUnit> <Opcode : 'select'> <InPorts = 3> <OutPorts = 1>
ST_1 : Operation 150 [1/1] (0.00ns)   --->   "%zext_ln45_121 = zext i15 %datareg_V_121" [firmware/nnet_utils/nnet_activation.h:45]   --->   Operation 150 'zext' 'zext_ln45_121' <Predicate = true> <Delay = 0.00>
ST_1 : Operation 151 [1/1] (0.67ns)   --->   "%icmp_ln1649_122 = icmp_sgt  i16 %p_read_90, i16 0"   --->   Operation 151 'icmp' 'icmp_ln1649_122' <Predicate = true> <Delay = 0.67> <CoreInst = "Cmp">   --->   Core 9 'Cmp' <Latency = 0> <II = 1> <Delay = 0.67> <FuncUnit> <Opcode : 'icmp'> <InPorts = 2> <OutPorts = 1>
ST_1 : Operation 152 [1/1] (0.29ns)   --->   "%datareg_V_122 = select i1 %icmp_ln1649_122, i15 %trunc_ln40_97, i15 0" [firmware/nnet_utils/nnet_activation.h:45]   --->   Operation 152 'select' 'datareg_V_122' <Predicate = true> <Delay = 0.29> <CoreInst = "Sel">   --->   Core 73 'Sel' <Latency = 0> <II = 1> <Delay = 0.29> <FuncUnit> <Opcode : 'select'> <InPorts = 3> <OutPorts = 1>
ST_1 : Operation 153 [1/1] (0.00ns)   --->   "%zext_ln45_122 = zext i15 %datareg_V_122" [firmware/nnet_utils/nnet_activation.h:45]   --->   Operation 153 'zext' 'zext_ln45_122' <Predicate = true> <Delay = 0.00>
ST_1 : Operation 154 [1/1] (0.67ns)   --->   "%icmp_ln1649_123 = icmp_sgt  i16 %p_read_89, i16 0"   --->   Operation 154 'icmp' 'icmp_ln1649_123' <Predicate = true> <Delay = 0.67> <CoreInst = "Cmp">   --->   Core 9 'Cmp' <Latency = 0> <II = 1> <Delay = 0.67> <FuncUnit> <Opcode : 'icmp'> <InPorts = 2> <OutPorts = 1>
ST_1 : Operation 155 [1/1] (0.29ns)   --->   "%datareg_V_123 = select i1 %icmp_ln1649_123, i15 %trunc_ln40_96, i15 0" [firmware/nnet_utils/nnet_activation.h:45]   --->   Operation 155 'select' 'datareg_V_123' <Predicate = true> <Delay = 0.29> <CoreInst = "Sel">   --->   Core 73 'Sel' <Latency = 0> <II = 1> <Delay = 0.29> <FuncUnit> <Opcode : 'select'> <InPorts = 3> <OutPorts = 1>
ST_1 : Operation 156 [1/1] (0.00ns)   --->   "%zext_ln45_123 = zext i15 %datareg_V_123" [firmware/nnet_utils/nnet_activation.h:45]   --->   Operation 156 'zext' 'zext_ln45_123' <Predicate = true> <Delay = 0.00>
ST_1 : Operation 157 [1/1] (0.67ns)   --->   "%icmp_ln1649_124 = icmp_sgt  i16 %p_read3062, i16 0"   --->   Operation 157 'icmp' 'icmp_ln1649_124' <Predicate = true> <Delay = 0.67> <CoreInst = "Cmp">   --->   Core 9 'Cmp' <Latency = 0> <II = 1> <Delay = 0.67> <FuncUnit> <Opcode : 'icmp'> <InPorts = 2> <OutPorts = 1>
ST_1 : Operation 158 [1/1] (0.29ns)   --->   "%datareg_V_124 = select i1 %icmp_ln1649_124, i15 %trunc_ln40_95, i15 0" [firmware/nnet_utils/nnet_activation.h:45]   --->   Operation 158 'select' 'datareg_V_124' <Predicate = true> <Delay = 0.29> <CoreInst = "Sel">   --->   Core 73 'Sel' <Latency = 0> <II = 1> <Delay = 0.29> <FuncUnit> <Opcode : 'select'> <InPorts = 3> <OutPorts = 1>
ST_1 : Operation 159 [1/1] (0.00ns)   --->   "%zext_ln45_124 = zext i15 %datareg_V_124" [firmware/nnet_utils/nnet_activation.h:45]   --->   Operation 159 'zext' 'zext_ln45_124' <Predicate = true> <Delay = 0.00>
ST_1 : Operation 160 [1/1] (0.67ns)   --->   "%icmp_ln1649_125 = icmp_sgt  i16 %p_read_88, i16 0"   --->   Operation 160 'icmp' 'icmp_ln1649_125' <Predicate = true> <Delay = 0.67> <CoreInst = "Cmp">   --->   Core 9 'Cmp' <Latency = 0> <II = 1> <Delay = 0.67> <FuncUnit> <Opcode : 'icmp'> <InPorts = 2> <OutPorts = 1>
ST_1 : Operation 161 [1/1] (0.29ns)   --->   "%datareg_V_125 = select i1 %icmp_ln1649_125, i15 %trunc_ln40, i15 0" [firmware/nnet_utils/nnet_activation.h:45]   --->   Operation 161 'select' 'datareg_V_125' <Predicate = true> <Delay = 0.29> <CoreInst = "Sel">   --->   Core 73 'Sel' <Latency = 0> <II = 1> <Delay = 0.29> <FuncUnit> <Opcode : 'select'> <InPorts = 3> <OutPorts = 1>
ST_1 : Operation 162 [1/1] (0.00ns)   --->   "%zext_ln45_125 = zext i15 %datareg_V_125" [firmware/nnet_utils/nnet_activation.h:45]   --->   Operation 162 'zext' 'zext_ln45_125' <Predicate = true> <Delay = 0.00>
ST_1 : Operation 163 [1/1] (0.00ns)   --->   "%mrv = insertvalue i512 <undef>, i16 %zext_ln45" [firmware/nnet_utils/nnet_activation.h:50]   --->   Operation 163 'insertvalue' 'mrv' <Predicate = true> <Delay = 0.00>
ST_1 : Operation 164 [1/1] (0.00ns)   --->   "%mrv_1 = insertvalue i512 %mrv, i16 %zext_ln45_95" [firmware/nnet_utils/nnet_activation.h:50]   --->   Operation 164 'insertvalue' 'mrv_1' <Predicate = true> <Delay = 0.00>
ST_1 : Operation 165 [1/1] (0.00ns)   --->   "%mrv_2 = insertvalue i512 %mrv_1, i16 %zext_ln45_96" [firmware/nnet_utils/nnet_activation.h:50]   --->   Operation 165 'insertvalue' 'mrv_2' <Predicate = true> <Delay = 0.00>
ST_1 : Operation 166 [1/1] (0.00ns)   --->   "%mrv_3 = insertvalue i512 %mrv_2, i16 %zext_ln45_97" [firmware/nnet_utils/nnet_activation.h:50]   --->   Operation 166 'insertvalue' 'mrv_3' <Predicate = true> <Delay = 0.00>
ST_1 : Operation 167 [1/1] (0.00ns)   --->   "%mrv_4 = insertvalue i512 %mrv_3, i16 %zext_ln45_98" [firmware/nnet_utils/nnet_activation.h:50]   --->   Operation 167 'insertvalue' 'mrv_4' <Predicate = true> <Delay = 0.00>
ST_1 : Operation 168 [1/1] (0.00ns)   --->   "%mrv_5 = insertvalue i512 %mrv_4, i16 %zext_ln45_99" [firmware/nnet_utils/nnet_activation.h:50]   --->   Operation 168 'insertvalue' 'mrv_5' <Predicate = true> <Delay = 0.00>
ST_1 : Operation 169 [1/1] (0.00ns)   --->   "%mrv_6 = insertvalue i512 %mrv_5, i16 %zext_ln45_100" [firmware/nnet_utils/nnet_activation.h:50]   --->   Operation 169 'insertvalue' 'mrv_6' <Predicate = true> <Delay = 0.00>
ST_1 : Operation 170 [1/1] (0.00ns)   --->   "%mrv_7 = insertvalue i512 %mrv_6, i16 %zext_ln45_101" [firmware/nnet_utils/nnet_activation.h:50]   --->   Operation 170 'insertvalue' 'mrv_7' <Predicate = true> <Delay = 0.00>
ST_1 : Operation 171 [1/1] (0.00ns)   --->   "%mrv_8 = insertvalue i512 %mrv_7, i16 %zext_ln45_102" [firmware/nnet_utils/nnet_activation.h:50]   --->   Operation 171 'insertvalue' 'mrv_8' <Predicate = true> <Delay = 0.00>
ST_1 : Operation 172 [1/1] (0.00ns)   --->   "%mrv_9 = insertvalue i512 %mrv_8, i16 %zext_ln45_103" [firmware/nnet_utils/nnet_activation.h:50]   --->   Operation 172 'insertvalue' 'mrv_9' <Predicate = true> <Delay = 0.00>
ST_1 : Operation 173 [1/1] (0.00ns)   --->   "%mrv_10 = insertvalue i512 %mrv_9, i16 %zext_ln45_104" [firmware/nnet_utils/nnet_activation.h:50]   --->   Operation 173 'insertvalue' 'mrv_10' <Predicate = true> <Delay = 0.00>
ST_1 : Operation 174 [1/1] (0.00ns)   --->   "%mrv_11 = insertvalue i512 %mrv_10, i16 %zext_ln45_105" [firmware/nnet_utils/nnet_activation.h:50]   --->   Operation 174 'insertvalue' 'mrv_11' <Predicate = true> <Delay = 0.00>
ST_1 : Operation 175 [1/1] (0.00ns)   --->   "%mrv_12 = insertvalue i512 %mrv_11, i16 %zext_ln45_106" [firmware/nnet_utils/nnet_activation.h:50]   --->   Operation 175 'insertvalue' 'mrv_12' <Predicate = true> <Delay = 0.00>
ST_1 : Operation 176 [1/1] (0.00ns)   --->   "%mrv_13 = insertvalue i512 %mrv_12, i16 %zext_ln45_107" [firmware/nnet_utils/nnet_activation.h:50]   --->   Operation 176 'insertvalue' 'mrv_13' <Predicate = true> <Delay = 0.00>
ST_1 : Operation 177 [1/1] (0.00ns)   --->   "%mrv_14 = insertvalue i512 %mrv_13, i16 %zext_ln45_108" [firmware/nnet_utils/nnet_activation.h:50]   --->   Operation 177 'insertvalue' 'mrv_14' <Predicate = true> <Delay = 0.00>
ST_1 : Operation 178 [1/1] (0.00ns)   --->   "%mrv_15 = insertvalue i512 %mrv_14, i16 %zext_ln45_109" [firmware/nnet_utils/nnet_activation.h:50]   --->   Operation 178 'insertvalue' 'mrv_15' <Predicate = true> <Delay = 0.00>
ST_1 : Operation 179 [1/1] (0.00ns)   --->   "%mrv_16 = insertvalue i512 %mrv_15, i16 %zext_ln45_110" [firmware/nnet_utils/nnet_activation.h:50]   --->   Operation 179 'insertvalue' 'mrv_16' <Predicate = true> <Delay = 0.00>
ST_1 : Operation 180 [1/1] (0.00ns)   --->   "%mrv_17 = insertvalue i512 %mrv_16, i16 %zext_ln45_111" [firmware/nnet_utils/nnet_activation.h:50]   --->   Operation 180 'insertvalue' 'mrv_17' <Predicate = true> <Delay = 0.00>
ST_1 : Operation 181 [1/1] (0.00ns)   --->   "%mrv_18 = insertvalue i512 %mrv_17, i16 %zext_ln45_112" [firmware/nnet_utils/nnet_activation.h:50]   --->   Operation 181 'insertvalue' 'mrv_18' <Predicate = true> <Delay = 0.00>
ST_1 : Operation 182 [1/1] (0.00ns)   --->   "%mrv_19 = insertvalue i512 %mrv_18, i16 %zext_ln45_113" [firmware/nnet_utils/nnet_activation.h:50]   --->   Operation 182 'insertvalue' 'mrv_19' <Predicate = true> <Delay = 0.00>
ST_1 : Operation 183 [1/1] (0.00ns)   --->   "%mrv_20 = insertvalue i512 %mrv_19, i16 %zext_ln45_114" [firmware/nnet_utils/nnet_activation.h:50]   --->   Operation 183 'insertvalue' 'mrv_20' <Predicate = true> <Delay = 0.00>
ST_1 : Operation 184 [1/1] (0.00ns)   --->   "%mrv_21 = insertvalue i512 %mrv_20, i16 %zext_ln45_115" [firmware/nnet_utils/nnet_activation.h:50]   --->   Operation 184 'insertvalue' 'mrv_21' <Predicate = true> <Delay = 0.00>
ST_1 : Operation 185 [1/1] (0.00ns)   --->   "%mrv_22 = insertvalue i512 %mrv_21, i16 %zext_ln45_116" [firmware/nnet_utils/nnet_activation.h:50]   --->   Operation 185 'insertvalue' 'mrv_22' <Predicate = true> <Delay = 0.00>
ST_1 : Operation 186 [1/1] (0.00ns)   --->   "%mrv_23 = insertvalue i512 %mrv_22, i16 %zext_ln45_117" [firmware/nnet_utils/nnet_activation.h:50]   --->   Operation 186 'insertvalue' 'mrv_23' <Predicate = true> <Delay = 0.00>
ST_1 : Operation 187 [1/1] (0.00ns)   --->   "%mrv_24 = insertvalue i512 %mrv_23, i16 %zext_ln45_118" [firmware/nnet_utils/nnet_activation.h:50]   --->   Operation 187 'insertvalue' 'mrv_24' <Predicate = true> <Delay = 0.00>
ST_1 : Operation 188 [1/1] (0.00ns)   --->   "%mrv_25 = insertvalue i512 %mrv_24, i16 %zext_ln45_119" [firmware/nnet_utils/nnet_activation.h:50]   --->   Operation 188 'insertvalue' 'mrv_25' <Predicate = true> <Delay = 0.00>
ST_1 : Operation 189 [1/1] (0.00ns)   --->   "%mrv_26 = insertvalue i512 %mrv_25, i16 %zext_ln45_120" [firmware/nnet_utils/nnet_activation.h:50]   --->   Operation 189 'insertvalue' 'mrv_26' <Predicate = true> <Delay = 0.00>
ST_1 : Operation 190 [1/1] (0.00ns)   --->   "%mrv_27 = insertvalue i512 %mrv_26, i16 %zext_ln45_121" [firmware/nnet_utils/nnet_activation.h:50]   --->   Operation 190 'insertvalue' 'mrv_27' <Predicate = true> <Delay = 0.00>
ST_1 : Operation 191 [1/1] (0.00ns)   --->   "%mrv_28 = insertvalue i512 %mrv_27, i16 %zext_ln45_122" [firmware/nnet_utils/nnet_activation.h:50]   --->   Operation 191 'insertvalue' 'mrv_28' <Predicate = true> <Delay = 0.00>
ST_1 : Operation 192 [1/1] (0.00ns)   --->   "%mrv_29 = insertvalue i512 %mrv_28, i16 %zext_ln45_123" [firmware/nnet_utils/nnet_activation.h:50]   --->   Operation 192 'insertvalue' 'mrv_29' <Predicate = true> <Delay = 0.00>
ST_1 : Operation 193 [1/1] (0.00ns)   --->   "%mrv_30 = insertvalue i512 %mrv_29, i16 %zext_ln45_124" [firmware/nnet_utils/nnet_activation.h:50]   --->   Operation 193 'insertvalue' 'mrv_30' <Predicate = true> <Delay = 0.00>
ST_1 : Operation 194 [1/1] (0.00ns)   --->   "%mrv_31 = insertvalue i512 %mrv_30, i16 %zext_ln45_125" [firmware/nnet_utils/nnet_activation.h:50]   --->   Operation 194 'insertvalue' 'mrv_31' <Predicate = true> <Delay = 0.00>
ST_1 : Operation 195 [1/1] (0.00ns)   --->   "%ret_ln50 = ret i512 %mrv_31" [firmware/nnet_utils/nnet_activation.h:50]   --->   Operation 195 'ret' 'ret_ln50' <Predicate = true> <Delay = 0.00>


============================================================
+ Verbose Summary: Timing violations
============================================================
Target clock period: 5ns, clock uncertainty: 1.35ns.

 <State 1>: 0.969ns
The critical path consists of the following:
	wire read operation ('p_read32', firmware/nnet_utils/nnet_activation.h:40) on port 'p_read' (firmware/nnet_utils/nnet_activation.h:40) [64]  (0 ns)
	'icmp' operation ('icmp_ln1649') [98]  (0.676 ns)
	'select' operation ('datareg.V', firmware/nnet_utils/nnet_activation.h:45) [99]  (0.292 ns)


============================================================
+ Verbose Summary: Binding
============================================================
N/A
* FSMD analyzer results:
  - Output states:
 - Input state : 
  - Chain level:
	State 1


============================================================
+ Verbose Summary: Datapath Resource usage 
============================================================
N/A
