

================================================================
== Vitis HLS Report for 'relu_ap_fixed_16_6_5_3_0_ap_fixed_16_6_5_3_0_relu_config7_s'
================================================================
* Date:           Tue Jan 28 04:07:29 2025

* Version:        2022.2 (Build 3670227 on Oct 13 2022)
* Project:        myproject_prj
* Solution:       solution1 (Vivado IP Flow Target)
* Product family: virtexuplus
* Target device:  xcu250-figd2104-2L-e


================================================================
== Performance Estimates
================================================================
+ Timing: 
    * Summary: 
    +--------+---------+----------+------------+
    |  Clock |  Target | Estimated| Uncertainty|
    +--------+---------+----------+------------+
    |ap_clk  |  5.00 ns|  0.969 ns|     1.35 ns|
    +--------+---------+----------+------------+

+ Latency: 
    * Summary: 
    +---------+---------+----------+----------+-----+-----+---------+
    |  Latency (cycles) |  Latency (absolute) |  Interval | Pipeline|
    |   min   |   max   |    min   |    max   | min | max |   Type  |
    +---------+---------+----------+----------+-----+-----+---------+
    |        0|        0|      0 ns|      0 ns|    1|    1|      yes|
    +---------+---------+----------+----------+-----+-----+---------+

    + Detail: 
        * Instance: 
        N/A

        * Loop: 
        N/A

============================================================
+ Verbose Summary: Synthesis Manager
============================================================
InlineROM: 1
ExposeGlobal: 0
============================================================
+ Verbose Summary: CDFG Model
============================================================
IsTopModel: 0
ResetActiveHigh: 1
IsCombinational: 0
IsDatapathOnly: 0
HasWiredReturn: 1
HasMFsm: 2
HasVarLatency: 0
IsPipeline: 1
IsRtlPipelined: 0
IsInstanceOverlapped: 0
IsDontTouch: 0
HasImplIP: 0
IsGatedGlobalClock: 0

+ Individual pipeline summary: 
  * Pipeline-0: initiation interval (II) = 1, depth = 1


============================================================
+ Verbose Summary: Schedule
============================================================
* Number of FSM states : 1
* Pipeline : 1
  Pipeline-0 : II = 1, D = 1, States = { 1 }
* Dataflow Pipeline: 0

* FSM state transitions: 
1 --> 

* FSM state operations: 

State 1 <SV = 0> <Delay = 0.96>
ST_1 : Operation 2 [1/1] (0.00ns)   --->   "%p_read_6 = read i16 @_ssdm_op_Read.ap_auto.i16, i16 %p_read31" [firmware/nnet_utils/nnet_activation.h:40]   --->   Operation 2 'read' 'p_read_6' <Predicate = true> <Delay = 0.00>
ST_1 : Operation 3 [1/1] (0.00ns)   --->   "%p_read_7 = read i16 @_ssdm_op_Read.ap_auto.i16, i16 %p_read30" [firmware/nnet_utils/nnet_activation.h:40]   --->   Operation 3 'read' 'p_read_7' <Predicate = true> <Delay = 0.00>
ST_1 : Operation 4 [1/1] (0.00ns)   --->   "%p_read_8 = read i16 @_ssdm_op_Read.ap_auto.i16, i16 %p_read29" [firmware/nnet_utils/nnet_activation.h:40]   --->   Operation 4 'read' 'p_read_8' <Predicate = true> <Delay = 0.00>
ST_1 : Operation 5 [1/1] (0.00ns)   --->   "%p_read_9 = read i16 @_ssdm_op_Read.ap_auto.i16, i16 %p_read28" [firmware/nnet_utils/nnet_activation.h:40]   --->   Operation 5 'read' 'p_read_9' <Predicate = true> <Delay = 0.00>
ST_1 : Operation 6 [1/1] (0.00ns)   --->   "%p_read_10 = read i16 @_ssdm_op_Read.ap_auto.i16, i16 %p_read27" [firmware/nnet_utils/nnet_activation.h:40]   --->   Operation 6 'read' 'p_read_10' <Predicate = true> <Delay = 0.00>
ST_1 : Operation 7 [1/1] (0.00ns)   --->   "%p_read_11 = read i16 @_ssdm_op_Read.ap_auto.i16, i16 %p_read26" [firmware/nnet_utils/nnet_activation.h:40]   --->   Operation 7 'read' 'p_read_11' <Predicate = true> <Delay = 0.00>
ST_1 : Operation 8 [1/1] (0.00ns)   --->   "%p_read_12 = read i16 @_ssdm_op_Read.ap_auto.i16, i16 %p_read25" [firmware/nnet_utils/nnet_activation.h:40]   --->   Operation 8 'read' 'p_read_12' <Predicate = true> <Delay = 0.00>
ST_1 : Operation 9 [1/1] (0.00ns)   --->   "%p_read_13 = read i16 @_ssdm_op_Read.ap_auto.i16, i16 %p_read24" [firmware/nnet_utils/nnet_activation.h:40]   --->   Operation 9 'read' 'p_read_13' <Predicate = true> <Delay = 0.00>
ST_1 : Operation 10 [1/1] (0.00ns)   --->   "%p_read_14 = read i16 @_ssdm_op_Read.ap_auto.i16, i16 %p_read23" [firmware/nnet_utils/nnet_activation.h:40]   --->   Operation 10 'read' 'p_read_14' <Predicate = true> <Delay = 0.00>
ST_1 : Operation 11 [1/1] (0.00ns)   --->   "%p_read_15 = read i16 @_ssdm_op_Read.ap_auto.i16, i16 %p_read22" [firmware/nnet_utils/nnet_activation.h:40]   --->   Operation 11 'read' 'p_read_15' <Predicate = true> <Delay = 0.00>
ST_1 : Operation 12 [1/1] (0.00ns)   --->   "%p_read_16 = read i16 @_ssdm_op_Read.ap_auto.i16, i16 %p_read21" [firmware/nnet_utils/nnet_activation.h:40]   --->   Operation 12 'read' 'p_read_16' <Predicate = true> <Delay = 0.00>
ST_1 : Operation 13 [1/1] (0.00ns)   --->   "%p_read_17 = read i16 @_ssdm_op_Read.ap_auto.i16, i16 %p_read20" [firmware/nnet_utils/nnet_activation.h:40]   --->   Operation 13 'read' 'p_read_17' <Predicate = true> <Delay = 0.00>
ST_1 : Operation 14 [1/1] (0.00ns)   --->   "%p_read_18 = read i16 @_ssdm_op_Read.ap_auto.i16, i16 %p_read19" [firmware/nnet_utils/nnet_activation.h:40]   --->   Operation 14 'read' 'p_read_18' <Predicate = true> <Delay = 0.00>
ST_1 : Operation 15 [1/1] (0.00ns)   --->   "%p_read_19 = read i16 @_ssdm_op_Read.ap_auto.i16, i16 %p_read18" [firmware/nnet_utils/nnet_activation.h:40]   --->   Operation 15 'read' 'p_read_19' <Predicate = true> <Delay = 0.00>
ST_1 : Operation 16 [1/1] (0.00ns)   --->   "%p_read_20 = read i16 @_ssdm_op_Read.ap_auto.i16, i16 %p_read17" [firmware/nnet_utils/nnet_activation.h:40]   --->   Operation 16 'read' 'p_read_20' <Predicate = true> <Delay = 0.00>
ST_1 : Operation 17 [1/1] (0.00ns)   --->   "%p_read_21 = read i16 @_ssdm_op_Read.ap_auto.i16, i16 %p_read16" [firmware/nnet_utils/nnet_activation.h:40]   --->   Operation 17 'read' 'p_read_21' <Predicate = true> <Delay = 0.00>
ST_1 : Operation 18 [1/1] (0.00ns)   --->   "%p_read_22 = read i16 @_ssdm_op_Read.ap_auto.i16, i16 %p_read15" [firmware/nnet_utils/nnet_activation.h:40]   --->   Operation 18 'read' 'p_read_22' <Predicate = true> <Delay = 0.00>
ST_1 : Operation 19 [1/1] (0.00ns)   --->   "%p_read_23 = read i16 @_ssdm_op_Read.ap_auto.i16, i16 %p_read14" [firmware/nnet_utils/nnet_activation.h:40]   --->   Operation 19 'read' 'p_read_23' <Predicate = true> <Delay = 0.00>
ST_1 : Operation 20 [1/1] (0.00ns)   --->   "%p_read_24 = read i16 @_ssdm_op_Read.ap_auto.i16, i16 %p_read13" [firmware/nnet_utils/nnet_activation.h:40]   --->   Operation 20 'read' 'p_read_24' <Predicate = true> <Delay = 0.00>
ST_1 : Operation 21 [1/1] (0.00ns)   --->   "%p_read_25 = read i16 @_ssdm_op_Read.ap_auto.i16, i16 %p_read12" [firmware/nnet_utils/nnet_activation.h:40]   --->   Operation 21 'read' 'p_read_25' <Predicate = true> <Delay = 0.00>
ST_1 : Operation 22 [1/1] (0.00ns)   --->   "%p_read_26 = read i16 @_ssdm_op_Read.ap_auto.i16, i16 %p_read11" [firmware/nnet_utils/nnet_activation.h:40]   --->   Operation 22 'read' 'p_read_26' <Predicate = true> <Delay = 0.00>
ST_1 : Operation 23 [1/1] (0.00ns)   --->   "%p_read_27 = read i16 @_ssdm_op_Read.ap_auto.i16, i16 %p_read10" [firmware/nnet_utils/nnet_activation.h:40]   --->   Operation 23 'read' 'p_read_27' <Predicate = true> <Delay = 0.00>
ST_1 : Operation 24 [1/1] (0.00ns)   --->   "%p_read_28 = read i16 @_ssdm_op_Read.ap_auto.i16, i16 %p_read9" [firmware/nnet_utils/nnet_activation.h:40]   --->   Operation 24 'read' 'p_read_28' <Predicate = true> <Delay = 0.00>
ST_1 : Operation 25 [1/1] (0.00ns)   --->   "%p_read_29 = read i16 @_ssdm_op_Read.ap_auto.i16, i16 %p_read8" [firmware/nnet_utils/nnet_activation.h:40]   --->   Operation 25 'read' 'p_read_29' <Predicate = true> <Delay = 0.00>
ST_1 : Operation 26 [1/1] (0.00ns)   --->   "%p_read_30 = read i16 @_ssdm_op_Read.ap_auto.i16, i16 %p_read7" [firmware/nnet_utils/nnet_activation.h:40]   --->   Operation 26 'read' 'p_read_30' <Predicate = true> <Delay = 0.00>
ST_1 : Operation 27 [1/1] (0.00ns)   --->   "%p_read_31 = read i16 @_ssdm_op_Read.ap_auto.i16, i16 %p_read6" [firmware/nnet_utils/nnet_activation.h:40]   --->   Operation 27 'read' 'p_read_31' <Predicate = true> <Delay = 0.00>
ST_1 : Operation 28 [1/1] (0.00ns)   --->   "%p_read_32 = read i16 @_ssdm_op_Read.ap_auto.i16, i16 %p_read5" [firmware/nnet_utils/nnet_activation.h:40]   --->   Operation 28 'read' 'p_read_32' <Predicate = true> <Delay = 0.00>
ST_1 : Operation 29 [1/1] (0.00ns)   --->   "%p_read_33 = read i16 @_ssdm_op_Read.ap_auto.i16, i16 %p_read4" [firmware/nnet_utils/nnet_activation.h:40]   --->   Operation 29 'read' 'p_read_33' <Predicate = true> <Delay = 0.00>
ST_1 : Operation 30 [1/1] (0.00ns)   --->   "%p_read_34 = read i16 @_ssdm_op_Read.ap_auto.i16, i16 %p_read3" [firmware/nnet_utils/nnet_activation.h:40]   --->   Operation 30 'read' 'p_read_34' <Predicate = true> <Delay = 0.00>
ST_1 : Operation 31 [1/1] (0.00ns)   --->   "%p_read234 = read i16 @_ssdm_op_Read.ap_auto.i16, i16 %p_read2" [firmware/nnet_utils/nnet_activation.h:40]   --->   Operation 31 'read' 'p_read234' <Predicate = true> <Delay = 0.00>
ST_1 : Operation 32 [1/1] (0.00ns)   --->   "%p_read133 = read i16 @_ssdm_op_Read.ap_auto.i16, i16 %p_read1" [firmware/nnet_utils/nnet_activation.h:40]   --->   Operation 32 'read' 'p_read133' <Predicate = true> <Delay = 0.00>
ST_1 : Operation 33 [1/1] (0.00ns)   --->   "%p_read32 = read i16 @_ssdm_op_Read.ap_auto.i16, i16 %p_read" [firmware/nnet_utils/nnet_activation.h:40]   --->   Operation 33 'read' 'p_read32' <Predicate = true> <Delay = 0.00>
ST_1 : Operation 34 [1/1] (0.00ns)   --->   "%trunc_ln40 = trunc i16 %p_read_6" [firmware/nnet_utils/nnet_activation.h:40]   --->   Operation 34 'trunc' 'trunc_ln40' <Predicate = (icmp_ln1649_31)> <Delay = 0.00>
ST_1 : Operation 35 [1/1] (0.00ns)   --->   "%trunc_ln40_1 = trunc i16 %p_read_7" [firmware/nnet_utils/nnet_activation.h:40]   --->   Operation 35 'trunc' 'trunc_ln40_1' <Predicate = (icmp_ln1649_30)> <Delay = 0.00>
ST_1 : Operation 36 [1/1] (0.00ns)   --->   "%trunc_ln40_2 = trunc i16 %p_read_8" [firmware/nnet_utils/nnet_activation.h:40]   --->   Operation 36 'trunc' 'trunc_ln40_2' <Predicate = (icmp_ln1649_29)> <Delay = 0.00>
ST_1 : Operation 37 [1/1] (0.00ns)   --->   "%trunc_ln40_3 = trunc i16 %p_read_9" [firmware/nnet_utils/nnet_activation.h:40]   --->   Operation 37 'trunc' 'trunc_ln40_3' <Predicate = (icmp_ln1649_28)> <Delay = 0.00>
ST_1 : Operation 38 [1/1] (0.00ns)   --->   "%trunc_ln40_4 = trunc i16 %p_read_10" [firmware/nnet_utils/nnet_activation.h:40]   --->   Operation 38 'trunc' 'trunc_ln40_4' <Predicate = (icmp_ln1649_27)> <Delay = 0.00>
ST_1 : Operation 39 [1/1] (0.00ns)   --->   "%trunc_ln40_5 = trunc i16 %p_read_11" [firmware/nnet_utils/nnet_activation.h:40]   --->   Operation 39 'trunc' 'trunc_ln40_5' <Predicate = (icmp_ln1649_26)> <Delay = 0.00>
ST_1 : Operation 40 [1/1] (0.00ns)   --->   "%trunc_ln40_6 = trunc i16 %p_read_12" [firmware/nnet_utils/nnet_activation.h:40]   --->   Operation 40 'trunc' 'trunc_ln40_6' <Predicate = (icmp_ln1649_25)> <Delay = 0.00>
ST_1 : Operation 41 [1/1] (0.00ns)   --->   "%trunc_ln40_7 = trunc i16 %p_read_13" [firmware/nnet_utils/nnet_activation.h:40]   --->   Operation 41 'trunc' 'trunc_ln40_7' <Predicate = (icmp_ln1649_24)> <Delay = 0.00>
ST_1 : Operation 42 [1/1] (0.00ns)   --->   "%trunc_ln40_8 = trunc i16 %p_read_14" [firmware/nnet_utils/nnet_activation.h:40]   --->   Operation 42 'trunc' 'trunc_ln40_8' <Predicate = (icmp_ln1649_23)> <Delay = 0.00>
ST_1 : Operation 43 [1/1] (0.00ns)   --->   "%trunc_ln40_9 = trunc i16 %p_read_15" [firmware/nnet_utils/nnet_activation.h:40]   --->   Operation 43 'trunc' 'trunc_ln40_9' <Predicate = (icmp_ln1649_22)> <Delay = 0.00>
ST_1 : Operation 44 [1/1] (0.00ns)   --->   "%trunc_ln40_10 = trunc i16 %p_read_16" [firmware/nnet_utils/nnet_activation.h:40]   --->   Operation 44 'trunc' 'trunc_ln40_10' <Predicate = (icmp_ln1649_21)> <Delay = 0.00>
ST_1 : Operation 45 [1/1] (0.00ns)   --->   "%trunc_ln40_11 = trunc i16 %p_read_17" [firmware/nnet_utils/nnet_activation.h:40]   --->   Operation 45 'trunc' 'trunc_ln40_11' <Predicate = (icmp_ln1649_20)> <Delay = 0.00>
ST_1 : Operation 46 [1/1] (0.00ns)   --->   "%trunc_ln40_12 = trunc i16 %p_read_18" [firmware/nnet_utils/nnet_activation.h:40]   --->   Operation 46 'trunc' 'trunc_ln40_12' <Predicate = (icmp_ln1649_19)> <Delay = 0.00>
ST_1 : Operation 47 [1/1] (0.00ns)   --->   "%trunc_ln40_13 = trunc i16 %p_read_19" [firmware/nnet_utils/nnet_activation.h:40]   --->   Operation 47 'trunc' 'trunc_ln40_13' <Predicate = (icmp_ln1649_18)> <Delay = 0.00>
ST_1 : Operation 48 [1/1] (0.00ns)   --->   "%trunc_ln40_14 = trunc i16 %p_read_20" [firmware/nnet_utils/nnet_activation.h:40]   --->   Operation 48 'trunc' 'trunc_ln40_14' <Predicate = (icmp_ln1649_17)> <Delay = 0.00>
ST_1 : Operation 49 [1/1] (0.00ns)   --->   "%trunc_ln40_15 = trunc i16 %p_read_21" [firmware/nnet_utils/nnet_activation.h:40]   --->   Operation 49 'trunc' 'trunc_ln40_15' <Predicate = (icmp_ln1649_16)> <Delay = 0.00>
ST_1 : Operation 50 [1/1] (0.00ns)   --->   "%trunc_ln40_16 = trunc i16 %p_read_22" [firmware/nnet_utils/nnet_activation.h:40]   --->   Operation 50 'trunc' 'trunc_ln40_16' <Predicate = (icmp_ln1649_15)> <Delay = 0.00>
ST_1 : Operation 51 [1/1] (0.00ns)   --->   "%trunc_ln40_17 = trunc i16 %p_read_23" [firmware/nnet_utils/nnet_activation.h:40]   --->   Operation 51 'trunc' 'trunc_ln40_17' <Predicate = (icmp_ln1649_14)> <Delay = 0.00>
ST_1 : Operation 52 [1/1] (0.00ns)   --->   "%trunc_ln40_18 = trunc i16 %p_read_24" [firmware/nnet_utils/nnet_activation.h:40]   --->   Operation 52 'trunc' 'trunc_ln40_18' <Predicate = (icmp_ln1649_13)> <Delay = 0.00>
ST_1 : Operation 53 [1/1] (0.00ns)   --->   "%trunc_ln40_19 = trunc i16 %p_read_25" [firmware/nnet_utils/nnet_activation.h:40]   --->   Operation 53 'trunc' 'trunc_ln40_19' <Predicate = (icmp_ln1649_12)> <Delay = 0.00>
ST_1 : Operation 54 [1/1] (0.00ns)   --->   "%trunc_ln40_20 = trunc i16 %p_read_26" [firmware/nnet_utils/nnet_activation.h:40]   --->   Operation 54 'trunc' 'trunc_ln40_20' <Predicate = (icmp_ln1649_11)> <Delay = 0.00>
ST_1 : Operation 55 [1/1] (0.00ns)   --->   "%trunc_ln40_21 = trunc i16 %p_read_27" [firmware/nnet_utils/nnet_activation.h:40]   --->   Operation 55 'trunc' 'trunc_ln40_21' <Predicate = (icmp_ln1649_10)> <Delay = 0.00>
ST_1 : Operation 56 [1/1] (0.00ns)   --->   "%trunc_ln40_22 = trunc i16 %p_read_28" [firmware/nnet_utils/nnet_activation.h:40]   --->   Operation 56 'trunc' 'trunc_ln40_22' <Predicate = (icmp_ln1649_9)> <Delay = 0.00>
ST_1 : Operation 57 [1/1] (0.00ns)   --->   "%trunc_ln40_23 = trunc i16 %p_read_29" [firmware/nnet_utils/nnet_activation.h:40]   --->   Operation 57 'trunc' 'trunc_ln40_23' <Predicate = (icmp_ln1649_8)> <Delay = 0.00>
ST_1 : Operation 58 [1/1] (0.00ns)   --->   "%trunc_ln40_24 = trunc i16 %p_read_30" [firmware/nnet_utils/nnet_activation.h:40]   --->   Operation 58 'trunc' 'trunc_ln40_24' <Predicate = (icmp_ln1649_7)> <Delay = 0.00>
ST_1 : Operation 59 [1/1] (0.00ns)   --->   "%trunc_ln40_25 = trunc i16 %p_read_31" [firmware/nnet_utils/nnet_activation.h:40]   --->   Operation 59 'trunc' 'trunc_ln40_25' <Predicate = (icmp_ln1649_6)> <Delay = 0.00>
ST_1 : Operation 60 [1/1] (0.00ns)   --->   "%trunc_ln40_26 = trunc i16 %p_read_32" [firmware/nnet_utils/nnet_activation.h:40]   --->   Operation 60 'trunc' 'trunc_ln40_26' <Predicate = (icmp_ln1649_5)> <Delay = 0.00>
ST_1 : Operation 61 [1/1] (0.00ns)   --->   "%trunc_ln40_27 = trunc i16 %p_read_33" [firmware/nnet_utils/nnet_activation.h:40]   --->   Operation 61 'trunc' 'trunc_ln40_27' <Predicate = (icmp_ln1649_4)> <Delay = 0.00>
ST_1 : Operation 62 [1/1] (0.00ns)   --->   "%trunc_ln40_28 = trunc i16 %p_read_34" [firmware/nnet_utils/nnet_activation.h:40]   --->   Operation 62 'trunc' 'trunc_ln40_28' <Predicate = (icmp_ln1649_3)> <Delay = 0.00>
ST_1 : Operation 63 [1/1] (0.00ns)   --->   "%trunc_ln40_29 = trunc i16 %p_read234" [firmware/nnet_utils/nnet_activation.h:40]   --->   Operation 63 'trunc' 'trunc_ln40_29' <Predicate = (icmp_ln1649_2)> <Delay = 0.00>
ST_1 : Operation 64 [1/1] (0.00ns)   --->   "%trunc_ln40_30 = trunc i16 %p_read133" [firmware/nnet_utils/nnet_activation.h:40]   --->   Operation 64 'trunc' 'trunc_ln40_30' <Predicate = (icmp_ln1649_1)> <Delay = 0.00>
ST_1 : Operation 65 [1/1] (0.00ns)   --->   "%trunc_ln40_31 = trunc i16 %p_read32" [firmware/nnet_utils/nnet_activation.h:40]   --->   Operation 65 'trunc' 'trunc_ln40_31' <Predicate = (icmp_ln1649)> <Delay = 0.00>
ST_1 : Operation 66 [1/1] (0.00ns)   --->   "%specpipeline_ln40 = specpipeline void @_ssdm_op_SpecPipeline, i32 4294967295, i32 0, i32 0, i32 0, void @empty_0" [firmware/nnet_utils/nnet_activation.h:40]   --->   Operation 66 'specpipeline' 'specpipeline_ln40' <Predicate = true> <Delay = 0.00>
ST_1 : Operation 67 [1/1] (0.67ns)   --->   "%icmp_ln1649 = icmp_sgt  i16 %p_read32, i16 0"   --->   Operation 67 'icmp' 'icmp_ln1649' <Predicate = true> <Delay = 0.67> <CoreInst = "Cmp">   --->   Core 9 'Cmp' <Latency = 0> <II = 1> <Delay = 0.67> <FuncUnit> <Opcode : 'icmp'> <InPorts = 2> <OutPorts = 1>
ST_1 : Operation 68 [1/1] (0.29ns)   --->   "%datareg_V = select i1 %icmp_ln1649, i15 %trunc_ln40_31, i15 0" [firmware/nnet_utils/nnet_activation.h:45]   --->   Operation 68 'select' 'datareg_V' <Predicate = true> <Delay = 0.29> <CoreInst = "Sel">   --->   Core 73 'Sel' <Latency = 0> <II = 1> <Delay = 0.29> <FuncUnit> <Opcode : 'select'> <InPorts = 3> <OutPorts = 1>
ST_1 : Operation 69 [1/1] (0.00ns)   --->   "%zext_ln45 = zext i15 %datareg_V" [firmware/nnet_utils/nnet_activation.h:45]   --->   Operation 69 'zext' 'zext_ln45' <Predicate = true> <Delay = 0.00>
ST_1 : Operation 70 [1/1] (0.67ns)   --->   "%icmp_ln1649_1 = icmp_sgt  i16 %p_read133, i16 0"   --->   Operation 70 'icmp' 'icmp_ln1649_1' <Predicate = true> <Delay = 0.67> <CoreInst = "Cmp">   --->   Core 9 'Cmp' <Latency = 0> <II = 1> <Delay = 0.67> <FuncUnit> <Opcode : 'icmp'> <InPorts = 2> <OutPorts = 1>
ST_1 : Operation 71 [1/1] (0.29ns)   --->   "%datareg_V_1 = select i1 %icmp_ln1649_1, i15 %trunc_ln40_30, i15 0" [firmware/nnet_utils/nnet_activation.h:45]   --->   Operation 71 'select' 'datareg_V_1' <Predicate = true> <Delay = 0.29> <CoreInst = "Sel">   --->   Core 73 'Sel' <Latency = 0> <II = 1> <Delay = 0.29> <FuncUnit> <Opcode : 'select'> <InPorts = 3> <OutPorts = 1>
ST_1 : Operation 72 [1/1] (0.00ns)   --->   "%zext_ln45_1 = zext i15 %datareg_V_1" [firmware/nnet_utils/nnet_activation.h:45]   --->   Operation 72 'zext' 'zext_ln45_1' <Predicate = true> <Delay = 0.00>
ST_1 : Operation 73 [1/1] (0.67ns)   --->   "%icmp_ln1649_2 = icmp_sgt  i16 %p_read234, i16 0"   --->   Operation 73 'icmp' 'icmp_ln1649_2' <Predicate = true> <Delay = 0.67> <CoreInst = "Cmp">   --->   Core 9 'Cmp' <Latency = 0> <II = 1> <Delay = 0.67> <FuncUnit> <Opcode : 'icmp'> <InPorts = 2> <OutPorts = 1>
ST_1 : Operation 74 [1/1] (0.29ns)   --->   "%datareg_V_2 = select i1 %icmp_ln1649_2, i15 %trunc_ln40_29, i15 0" [firmware/nnet_utils/nnet_activation.h:45]   --->   Operation 74 'select' 'datareg_V_2' <Predicate = true> <Delay = 0.29> <CoreInst = "Sel">   --->   Core 73 'Sel' <Latency = 0> <II = 1> <Delay = 0.29> <FuncUnit> <Opcode : 'select'> <InPorts = 3> <OutPorts = 1>
ST_1 : Operation 75 [1/1] (0.00ns)   --->   "%zext_ln45_2 = zext i15 %datareg_V_2" [firmware/nnet_utils/nnet_activation.h:45]   --->   Operation 75 'zext' 'zext_ln45_2' <Predicate = true> <Delay = 0.00>
ST_1 : Operation 76 [1/1] (0.67ns)   --->   "%icmp_ln1649_3 = icmp_sgt  i16 %p_read_34, i16 0"   --->   Operation 76 'icmp' 'icmp_ln1649_3' <Predicate = true> <Delay = 0.67> <CoreInst = "Cmp">   --->   Core 9 'Cmp' <Latency = 0> <II = 1> <Delay = 0.67> <FuncUnit> <Opcode : 'icmp'> <InPorts = 2> <OutPorts = 1>
ST_1 : Operation 77 [1/1] (0.29ns)   --->   "%datareg_V_3 = select i1 %icmp_ln1649_3, i15 %trunc_ln40_28, i15 0" [firmware/nnet_utils/nnet_activation.h:45]   --->   Operation 77 'select' 'datareg_V_3' <Predicate = true> <Delay = 0.29> <CoreInst = "Sel">   --->   Core 73 'Sel' <Latency = 0> <II = 1> <Delay = 0.29> <FuncUnit> <Opcode : 'select'> <InPorts = 3> <OutPorts = 1>
ST_1 : Operation 78 [1/1] (0.00ns)   --->   "%zext_ln45_3 = zext i15 %datareg_V_3" [firmware/nnet_utils/nnet_activation.h:45]   --->   Operation 78 'zext' 'zext_ln45_3' <Predicate = true> <Delay = 0.00>
ST_1 : Operation 79 [1/1] (0.67ns)   --->   "%icmp_ln1649_4 = icmp_sgt  i16 %p_read_33, i16 0"   --->   Operation 79 'icmp' 'icmp_ln1649_4' <Predicate = true> <Delay = 0.67> <CoreInst = "Cmp">   --->   Core 9 'Cmp' <Latency = 0> <II = 1> <Delay = 0.67> <FuncUnit> <Opcode : 'icmp'> <InPorts = 2> <OutPorts = 1>
ST_1 : Operation 80 [1/1] (0.29ns)   --->   "%datareg_V_4 = select i1 %icmp_ln1649_4, i15 %trunc_ln40_27, i15 0" [firmware/nnet_utils/nnet_activation.h:45]   --->   Operation 80 'select' 'datareg_V_4' <Predicate = true> <Delay = 0.29> <CoreInst = "Sel">   --->   Core 73 'Sel' <Latency = 0> <II = 1> <Delay = 0.29> <FuncUnit> <Opcode : 'select'> <InPorts = 3> <OutPorts = 1>
ST_1 : Operation 81 [1/1] (0.00ns)   --->   "%zext_ln45_4 = zext i15 %datareg_V_4" [firmware/nnet_utils/nnet_activation.h:45]   --->   Operation 81 'zext' 'zext_ln45_4' <Predicate = true> <Delay = 0.00>
ST_1 : Operation 82 [1/1] (0.67ns)   --->   "%icmp_ln1649_5 = icmp_sgt  i16 %p_read_32, i16 0"   --->   Operation 82 'icmp' 'icmp_ln1649_5' <Predicate = true> <Delay = 0.67> <CoreInst = "Cmp">   --->   Core 9 'Cmp' <Latency = 0> <II = 1> <Delay = 0.67> <FuncUnit> <Opcode : 'icmp'> <InPorts = 2> <OutPorts = 1>
ST_1 : Operation 83 [1/1] (0.29ns)   --->   "%datareg_V_5 = select i1 %icmp_ln1649_5, i15 %trunc_ln40_26, i15 0" [firmware/nnet_utils/nnet_activation.h:45]   --->   Operation 83 'select' 'datareg_V_5' <Predicate = true> <Delay = 0.29> <CoreInst = "Sel">   --->   Core 73 'Sel' <Latency = 0> <II = 1> <Delay = 0.29> <FuncUnit> <Opcode : 'select'> <InPorts = 3> <OutPorts = 1>
ST_1 : Operation 84 [1/1] (0.00ns)   --->   "%zext_ln45_5 = zext i15 %datareg_V_5" [firmware/nnet_utils/nnet_activation.h:45]   --->   Operation 84 'zext' 'zext_ln45_5' <Predicate = true> <Delay = 0.00>
ST_1 : Operation 85 [1/1] (0.67ns)   --->   "%icmp_ln1649_6 = icmp_sgt  i16 %p_read_31, i16 0"   --->   Operation 85 'icmp' 'icmp_ln1649_6' <Predicate = true> <Delay = 0.67> <CoreInst = "Cmp">   --->   Core 9 'Cmp' <Latency = 0> <II = 1> <Delay = 0.67> <FuncUnit> <Opcode : 'icmp'> <InPorts = 2> <OutPorts = 1>
ST_1 : Operation 86 [1/1] (0.29ns)   --->   "%datareg_V_6 = select i1 %icmp_ln1649_6, i15 %trunc_ln40_25, i15 0" [firmware/nnet_utils/nnet_activation.h:45]   --->   Operation 86 'select' 'datareg_V_6' <Predicate = true> <Delay = 0.29> <CoreInst = "Sel">   --->   Core 73 'Sel' <Latency = 0> <II = 1> <Delay = 0.29> <FuncUnit> <Opcode : 'select'> <InPorts = 3> <OutPorts = 1>
ST_1 : Operation 87 [1/1] (0.00ns)   --->   "%zext_ln45_6 = zext i15 %datareg_V_6" [firmware/nnet_utils/nnet_activation.h:45]   --->   Operation 87 'zext' 'zext_ln45_6' <Predicate = true> <Delay = 0.00>
ST_1 : Operation 88 [1/1] (0.67ns)   --->   "%icmp_ln1649_7 = icmp_sgt  i16 %p_read_30, i16 0"   --->   Operation 88 'icmp' 'icmp_ln1649_7' <Predicate = true> <Delay = 0.67> <CoreInst = "Cmp">   --->   Core 9 'Cmp' <Latency = 0> <II = 1> <Delay = 0.67> <FuncUnit> <Opcode : 'icmp'> <InPorts = 2> <OutPorts = 1>
ST_1 : Operation 89 [1/1] (0.29ns)   --->   "%datareg_V_7 = select i1 %icmp_ln1649_7, i15 %trunc_ln40_24, i15 0" [firmware/nnet_utils/nnet_activation.h:45]   --->   Operation 89 'select' 'datareg_V_7' <Predicate = true> <Delay = 0.29> <CoreInst = "Sel">   --->   Core 73 'Sel' <Latency = 0> <II = 1> <Delay = 0.29> <FuncUnit> <Opcode : 'select'> <InPorts = 3> <OutPorts = 1>
ST_1 : Operation 90 [1/1] (0.00ns)   --->   "%zext_ln45_7 = zext i15 %datareg_V_7" [firmware/nnet_utils/nnet_activation.h:45]   --->   Operation 90 'zext' 'zext_ln45_7' <Predicate = true> <Delay = 0.00>
ST_1 : Operation 91 [1/1] (0.67ns)   --->   "%icmp_ln1649_8 = icmp_sgt  i16 %p_read_29, i16 0"   --->   Operation 91 'icmp' 'icmp_ln1649_8' <Predicate = true> <Delay = 0.67> <CoreInst = "Cmp">   --->   Core 9 'Cmp' <Latency = 0> <II = 1> <Delay = 0.67> <FuncUnit> <Opcode : 'icmp'> <InPorts = 2> <OutPorts = 1>
ST_1 : Operation 92 [1/1] (0.29ns)   --->   "%datareg_V_8 = select i1 %icmp_ln1649_8, i15 %trunc_ln40_23, i15 0" [firmware/nnet_utils/nnet_activation.h:45]   --->   Operation 92 'select' 'datareg_V_8' <Predicate = true> <Delay = 0.29> <CoreInst = "Sel">   --->   Core 73 'Sel' <Latency = 0> <II = 1> <Delay = 0.29> <FuncUnit> <Opcode : 'select'> <InPorts = 3> <OutPorts = 1>
ST_1 : Operation 93 [1/1] (0.00ns)   --->   "%zext_ln45_8 = zext i15 %datareg_V_8" [firmware/nnet_utils/nnet_activation.h:45]   --->   Operation 93 'zext' 'zext_ln45_8' <Predicate = true> <Delay = 0.00>
ST_1 : Operation 94 [1/1] (0.67ns)   --->   "%icmp_ln1649_9 = icmp_sgt  i16 %p_read_28, i16 0"   --->   Operation 94 'icmp' 'icmp_ln1649_9' <Predicate = true> <Delay = 0.67> <CoreInst = "Cmp">   --->   Core 9 'Cmp' <Latency = 0> <II = 1> <Delay = 0.67> <FuncUnit> <Opcode : 'icmp'> <InPorts = 2> <OutPorts = 1>
ST_1 : Operation 95 [1/1] (0.29ns)   --->   "%datareg_V_9 = select i1 %icmp_ln1649_9, i15 %trunc_ln40_22, i15 0" [firmware/nnet_utils/nnet_activation.h:45]   --->   Operation 95 'select' 'datareg_V_9' <Predicate = true> <Delay = 0.29> <CoreInst = "Sel">   --->   Core 73 'Sel' <Latency = 0> <II = 1> <Delay = 0.29> <FuncUnit> <Opcode : 'select'> <InPorts = 3> <OutPorts = 1>
ST_1 : Operation 96 [1/1] (0.00ns)   --->   "%zext_ln45_9 = zext i15 %datareg_V_9" [firmware/nnet_utils/nnet_activation.h:45]   --->   Operation 96 'zext' 'zext_ln45_9' <Predicate = true> <Delay = 0.00>
ST_1 : Operation 97 [1/1] (0.67ns)   --->   "%icmp_ln1649_10 = icmp_sgt  i16 %p_read_27, i16 0"   --->   Operation 97 'icmp' 'icmp_ln1649_10' <Predicate = true> <Delay = 0.67> <CoreInst = "Cmp">   --->   Core 9 'Cmp' <Latency = 0> <II = 1> <Delay = 0.67> <FuncUnit> <Opcode : 'icmp'> <InPorts = 2> <OutPorts = 1>
ST_1 : Operation 98 [1/1] (0.29ns)   --->   "%datareg_V_10 = select i1 %icmp_ln1649_10, i15 %trunc_ln40_21, i15 0" [firmware/nnet_utils/nnet_activation.h:45]   --->   Operation 98 'select' 'datareg_V_10' <Predicate = true> <Delay = 0.29> <CoreInst = "Sel">   --->   Core 73 'Sel' <Latency = 0> <II = 1> <Delay = 0.29> <FuncUnit> <Opcode : 'select'> <InPorts = 3> <OutPorts = 1>
ST_1 : Operation 99 [1/1] (0.00ns)   --->   "%zext_ln45_10 = zext i15 %datareg_V_10" [firmware/nnet_utils/nnet_activation.h:45]   --->   Operation 99 'zext' 'zext_ln45_10' <Predicate = true> <Delay = 0.00>
ST_1 : Operation 100 [1/1] (0.67ns)   --->   "%icmp_ln1649_11 = icmp_sgt  i16 %p_read_26, i16 0"   --->   Operation 100 'icmp' 'icmp_ln1649_11' <Predicate = true> <Delay = 0.67> <CoreInst = "Cmp">   --->   Core 9 'Cmp' <Latency = 0> <II = 1> <Delay = 0.67> <FuncUnit> <Opcode : 'icmp'> <InPorts = 2> <OutPorts = 1>
ST_1 : Operation 101 [1/1] (0.29ns)   --->   "%datareg_V_11 = select i1 %icmp_ln1649_11, i15 %trunc_ln40_20, i15 0" [firmware/nnet_utils/nnet_activation.h:45]   --->   Operation 101 'select' 'datareg_V_11' <Predicate = true> <Delay = 0.29> <CoreInst = "Sel">   --->   Core 73 'Sel' <Latency = 0> <II = 1> <Delay = 0.29> <FuncUnit> <Opcode : 'select'> <InPorts = 3> <OutPorts = 1>
ST_1 : Operation 102 [1/1] (0.00ns)   --->   "%zext_ln45_11 = zext i15 %datareg_V_11" [firmware/nnet_utils/nnet_activation.h:45]   --->   Operation 102 'zext' 'zext_ln45_11' <Predicate = true> <Delay = 0.00>
ST_1 : Operation 103 [1/1] (0.67ns)   --->   "%icmp_ln1649_12 = icmp_sgt  i16 %p_read_25, i16 0"   --->   Operation 103 'icmp' 'icmp_ln1649_12' <Predicate = true> <Delay = 0.67> <CoreInst = "Cmp">   --->   Core 9 'Cmp' <Latency = 0> <II = 1> <Delay = 0.67> <FuncUnit> <Opcode : 'icmp'> <InPorts = 2> <OutPorts = 1>
ST_1 : Operation 104 [1/1] (0.29ns)   --->   "%datareg_V_12 = select i1 %icmp_ln1649_12, i15 %trunc_ln40_19, i15 0" [firmware/nnet_utils/nnet_activation.h:45]   --->   Operation 104 'select' 'datareg_V_12' <Predicate = true> <Delay = 0.29> <CoreInst = "Sel">   --->   Core 73 'Sel' <Latency = 0> <II = 1> <Delay = 0.29> <FuncUnit> <Opcode : 'select'> <InPorts = 3> <OutPorts = 1>
ST_1 : Operation 105 [1/1] (0.00ns)   --->   "%zext_ln45_12 = zext i15 %datareg_V_12" [firmware/nnet_utils/nnet_activation.h:45]   --->   Operation 105 'zext' 'zext_ln45_12' <Predicate = true> <Delay = 0.00>
ST_1 : Operation 106 [1/1] (0.67ns)   --->   "%icmp_ln1649_13 = icmp_sgt  i16 %p_read_24, i16 0"   --->   Operation 106 'icmp' 'icmp_ln1649_13' <Predicate = true> <Delay = 0.67> <CoreInst = "Cmp">   --->   Core 9 'Cmp' <Latency = 0> <II = 1> <Delay = 0.67> <FuncUnit> <Opcode : 'icmp'> <InPorts = 2> <OutPorts = 1>
ST_1 : Operation 107 [1/1] (0.29ns)   --->   "%datareg_V_13 = select i1 %icmp_ln1649_13, i15 %trunc_ln40_18, i15 0" [firmware/nnet_utils/nnet_activation.h:45]   --->   Operation 107 'select' 'datareg_V_13' <Predicate = true> <Delay = 0.29> <CoreInst = "Sel">   --->   Core 73 'Sel' <Latency = 0> <II = 1> <Delay = 0.29> <FuncUnit> <Opcode : 'select'> <InPorts = 3> <OutPorts = 1>
ST_1 : Operation 108 [1/1] (0.00ns)   --->   "%zext_ln45_13 = zext i15 %datareg_V_13" [firmware/nnet_utils/nnet_activation.h:45]   --->   Operation 108 'zext' 'zext_ln45_13' <Predicate = true> <Delay = 0.00>
ST_1 : Operation 109 [1/1] (0.67ns)   --->   "%icmp_ln1649_14 = icmp_sgt  i16 %p_read_23, i16 0"   --->   Operation 109 'icmp' 'icmp_ln1649_14' <Predicate = true> <Delay = 0.67> <CoreInst = "Cmp">   --->   Core 9 'Cmp' <Latency = 0> <II = 1> <Delay = 0.67> <FuncUnit> <Opcode : 'icmp'> <InPorts = 2> <OutPorts = 1>
ST_1 : Operation 110 [1/1] (0.29ns)   --->   "%datareg_V_14 = select i1 %icmp_ln1649_14, i15 %trunc_ln40_17, i15 0" [firmware/nnet_utils/nnet_activation.h:45]   --->   Operation 110 'select' 'datareg_V_14' <Predicate = true> <Delay = 0.29> <CoreInst = "Sel">   --->   Core 73 'Sel' <Latency = 0> <II = 1> <Delay = 0.29> <FuncUnit> <Opcode : 'select'> <InPorts = 3> <OutPorts = 1>
ST_1 : Operation 111 [1/1] (0.00ns)   --->   "%zext_ln45_14 = zext i15 %datareg_V_14" [firmware/nnet_utils/nnet_activation.h:45]   --->   Operation 111 'zext' 'zext_ln45_14' <Predicate = true> <Delay = 0.00>
ST_1 : Operation 112 [1/1] (0.67ns)   --->   "%icmp_ln1649_15 = icmp_sgt  i16 %p_read_22, i16 0"   --->   Operation 112 'icmp' 'icmp_ln1649_15' <Predicate = true> <Delay = 0.67> <CoreInst = "Cmp">   --->   Core 9 'Cmp' <Latency = 0> <II = 1> <Delay = 0.67> <FuncUnit> <Opcode : 'icmp'> <InPorts = 2> <OutPorts = 1>
ST_1 : Operation 113 [1/1] (0.29ns)   --->   "%datareg_V_15 = select i1 %icmp_ln1649_15, i15 %trunc_ln40_16, i15 0" [firmware/nnet_utils/nnet_activation.h:45]   --->   Operation 113 'select' 'datareg_V_15' <Predicate = true> <Delay = 0.29> <CoreInst = "Sel">   --->   Core 73 'Sel' <Latency = 0> <II = 1> <Delay = 0.29> <FuncUnit> <Opcode : 'select'> <InPorts = 3> <OutPorts = 1>
ST_1 : Operation 114 [1/1] (0.00ns)   --->   "%zext_ln45_15 = zext i15 %datareg_V_15" [firmware/nnet_utils/nnet_activation.h:45]   --->   Operation 114 'zext' 'zext_ln45_15' <Predicate = true> <Delay = 0.00>
ST_1 : Operation 115 [1/1] (0.67ns)   --->   "%icmp_ln1649_16 = icmp_sgt  i16 %p_read_21, i16 0"   --->   Operation 115 'icmp' 'icmp_ln1649_16' <Predicate = true> <Delay = 0.67> <CoreInst = "Cmp">   --->   Core 9 'Cmp' <Latency = 0> <II = 1> <Delay = 0.67> <FuncUnit> <Opcode : 'icmp'> <InPorts = 2> <OutPorts = 1>
ST_1 : Operation 116 [1/1] (0.29ns)   --->   "%datareg_V_16 = select i1 %icmp_ln1649_16, i15 %trunc_ln40_15, i15 0" [firmware/nnet_utils/nnet_activation.h:45]   --->   Operation 116 'select' 'datareg_V_16' <Predicate = true> <Delay = 0.29> <CoreInst = "Sel">   --->   Core 73 'Sel' <Latency = 0> <II = 1> <Delay = 0.29> <FuncUnit> <Opcode : 'select'> <InPorts = 3> <OutPorts = 1>
ST_1 : Operation 117 [1/1] (0.00ns)   --->   "%zext_ln45_16 = zext i15 %datareg_V_16" [firmware/nnet_utils/nnet_activation.h:45]   --->   Operation 117 'zext' 'zext_ln45_16' <Predicate = true> <Delay = 0.00>
ST_1 : Operation 118 [1/1] (0.67ns)   --->   "%icmp_ln1649_17 = icmp_sgt  i16 %p_read_20, i16 0"   --->   Operation 118 'icmp' 'icmp_ln1649_17' <Predicate = true> <Delay = 0.67> <CoreInst = "Cmp">   --->   Core 9 'Cmp' <Latency = 0> <II = 1> <Delay = 0.67> <FuncUnit> <Opcode : 'icmp'> <InPorts = 2> <OutPorts = 1>
ST_1 : Operation 119 [1/1] (0.29ns)   --->   "%datareg_V_17 = select i1 %icmp_ln1649_17, i15 %trunc_ln40_14, i15 0" [firmware/nnet_utils/nnet_activation.h:45]   --->   Operation 119 'select' 'datareg_V_17' <Predicate = true> <Delay = 0.29> <CoreInst = "Sel">   --->   Core 73 'Sel' <Latency = 0> <II = 1> <Delay = 0.29> <FuncUnit> <Opcode : 'select'> <InPorts = 3> <OutPorts = 1>
ST_1 : Operation 120 [1/1] (0.00ns)   --->   "%zext_ln45_17 = zext i15 %datareg_V_17" [firmware/nnet_utils/nnet_activation.h:45]   --->   Operation 120 'zext' 'zext_ln45_17' <Predicate = true> <Delay = 0.00>
ST_1 : Operation 121 [1/1] (0.67ns)   --->   "%icmp_ln1649_18 = icmp_sgt  i16 %p_read_19, i16 0"   --->   Operation 121 'icmp' 'icmp_ln1649_18' <Predicate = true> <Delay = 0.67> <CoreInst = "Cmp">   --->   Core 9 'Cmp' <Latency = 0> <II = 1> <Delay = 0.67> <FuncUnit> <Opcode : 'icmp'> <InPorts = 2> <OutPorts = 1>
ST_1 : Operation 122 [1/1] (0.29ns)   --->   "%datareg_V_18 = select i1 %icmp_ln1649_18, i15 %trunc_ln40_13, i15 0" [firmware/nnet_utils/nnet_activation.h:45]   --->   Operation 122 'select' 'datareg_V_18' <Predicate = true> <Delay = 0.29> <CoreInst = "Sel">   --->   Core 73 'Sel' <Latency = 0> <II = 1> <Delay = 0.29> <FuncUnit> <Opcode : 'select'> <InPorts = 3> <OutPorts = 1>
ST_1 : Operation 123 [1/1] (0.00ns)   --->   "%zext_ln45_18 = zext i15 %datareg_V_18" [firmware/nnet_utils/nnet_activation.h:45]   --->   Operation 123 'zext' 'zext_ln45_18' <Predicate = true> <Delay = 0.00>
ST_1 : Operation 124 [1/1] (0.67ns)   --->   "%icmp_ln1649_19 = icmp_sgt  i16 %p_read_18, i16 0"   --->   Operation 124 'icmp' 'icmp_ln1649_19' <Predicate = true> <Delay = 0.67> <CoreInst = "Cmp">   --->   Core 9 'Cmp' <Latency = 0> <II = 1> <Delay = 0.67> <FuncUnit> <Opcode : 'icmp'> <InPorts = 2> <OutPorts = 1>
ST_1 : Operation 125 [1/1] (0.29ns)   --->   "%datareg_V_19 = select i1 %icmp_ln1649_19, i15 %trunc_ln40_12, i15 0" [firmware/nnet_utils/nnet_activation.h:45]   --->   Operation 125 'select' 'datareg_V_19' <Predicate = true> <Delay = 0.29> <CoreInst = "Sel">   --->   Core 73 'Sel' <Latency = 0> <II = 1> <Delay = 0.29> <FuncUnit> <Opcode : 'select'> <InPorts = 3> <OutPorts = 1>
ST_1 : Operation 126 [1/1] (0.00ns)   --->   "%zext_ln45_19 = zext i15 %datareg_V_19" [firmware/nnet_utils/nnet_activation.h:45]   --->   Operation 126 'zext' 'zext_ln45_19' <Predicate = true> <Delay = 0.00>
ST_1 : Operation 127 [1/1] (0.67ns)   --->   "%icmp_ln1649_20 = icmp_sgt  i16 %p_read_17, i16 0"   --->   Operation 127 'icmp' 'icmp_ln1649_20' <Predicate = true> <Delay = 0.67> <CoreInst = "Cmp">   --->   Core 9 'Cmp' <Latency = 0> <II = 1> <Delay = 0.67> <FuncUnit> <Opcode : 'icmp'> <InPorts = 2> <OutPorts = 1>
ST_1 : Operation 128 [1/1] (0.29ns)   --->   "%datareg_V_20 = select i1 %icmp_ln1649_20, i15 %trunc_ln40_11, i15 0" [firmware/nnet_utils/nnet_activation.h:45]   --->   Operation 128 'select' 'datareg_V_20' <Predicate = true> <Delay = 0.29> <CoreInst = "Sel">   --->   Core 73 'Sel' <Latency = 0> <II = 1> <Delay = 0.29> <FuncUnit> <Opcode : 'select'> <InPorts = 3> <OutPorts = 1>
ST_1 : Operation 129 [1/1] (0.00ns)   --->   "%zext_ln45_20 = zext i15 %datareg_V_20" [firmware/nnet_utils/nnet_activation.h:45]   --->   Operation 129 'zext' 'zext_ln45_20' <Predicate = true> <Delay = 0.00>
ST_1 : Operation 130 [1/1] (0.67ns)   --->   "%icmp_ln1649_21 = icmp_sgt  i16 %p_read_16, i16 0"   --->   Operation 130 'icmp' 'icmp_ln1649_21' <Predicate = true> <Delay = 0.67> <CoreInst = "Cmp">   --->   Core 9 'Cmp' <Latency = 0> <II = 1> <Delay = 0.67> <FuncUnit> <Opcode : 'icmp'> <InPorts = 2> <OutPorts = 1>
ST_1 : Operation 131 [1/1] (0.29ns)   --->   "%datareg_V_21 = select i1 %icmp_ln1649_21, i15 %trunc_ln40_10, i15 0" [firmware/nnet_utils/nnet_activation.h:45]   --->   Operation 131 'select' 'datareg_V_21' <Predicate = true> <Delay = 0.29> <CoreInst = "Sel">   --->   Core 73 'Sel' <Latency = 0> <II = 1> <Delay = 0.29> <FuncUnit> <Opcode : 'select'> <InPorts = 3> <OutPorts = 1>
ST_1 : Operation 132 [1/1] (0.00ns)   --->   "%zext_ln45_21 = zext i15 %datareg_V_21" [firmware/nnet_utils/nnet_activation.h:45]   --->   Operation 132 'zext' 'zext_ln45_21' <Predicate = true> <Delay = 0.00>
ST_1 : Operation 133 [1/1] (0.67ns)   --->   "%icmp_ln1649_22 = icmp_sgt  i16 %p_read_15, i16 0"   --->   Operation 133 'icmp' 'icmp_ln1649_22' <Predicate = true> <Delay = 0.67> <CoreInst = "Cmp">   --->   Core 9 'Cmp' <Latency = 0> <II = 1> <Delay = 0.67> <FuncUnit> <Opcode : 'icmp'> <InPorts = 2> <OutPorts = 1>
ST_1 : Operation 134 [1/1] (0.29ns)   --->   "%datareg_V_22 = select i1 %icmp_ln1649_22, i15 %trunc_ln40_9, i15 0" [firmware/nnet_utils/nnet_activation.h:45]   --->   Operation 134 'select' 'datareg_V_22' <Predicate = true> <Delay = 0.29> <CoreInst = "Sel">   --->   Core 73 'Sel' <Latency = 0> <II = 1> <Delay = 0.29> <FuncUnit> <Opcode : 'select'> <InPorts = 3> <OutPorts = 1>
ST_1 : Operation 135 [1/1] (0.00ns)   --->   "%zext_ln45_22 = zext i15 %datareg_V_22" [firmware/nnet_utils/nnet_activation.h:45]   --->   Operation 135 'zext' 'zext_ln45_22' <Predicate = true> <Delay = 0.00>
ST_1 : Operation 136 [1/1] (0.67ns)   --->   "%icmp_ln1649_23 = icmp_sgt  i16 %p_read_14, i16 0"   --->   Operation 136 'icmp' 'icmp_ln1649_23' <Predicate = true> <Delay = 0.67> <CoreInst = "Cmp">   --->   Core 9 'Cmp' <Latency = 0> <II = 1> <Delay = 0.67> <FuncUnit> <Opcode : 'icmp'> <InPorts = 2> <OutPorts = 1>
ST_1 : Operation 137 [1/1] (0.29ns)   --->   "%datareg_V_23 = select i1 %icmp_ln1649_23, i15 %trunc_ln40_8, i15 0" [firmware/nnet_utils/nnet_activation.h:45]   --->   Operation 137 'select' 'datareg_V_23' <Predicate = true> <Delay = 0.29> <CoreInst = "Sel">   --->   Core 73 'Sel' <Latency = 0> <II = 1> <Delay = 0.29> <FuncUnit> <Opcode : 'select'> <InPorts = 3> <OutPorts = 1>
ST_1 : Operation 138 [1/1] (0.00ns)   --->   "%zext_ln45_23 = zext i15 %datareg_V_23" [firmware/nnet_utils/nnet_activation.h:45]   --->   Operation 138 'zext' 'zext_ln45_23' <Predicate = true> <Delay = 0.00>
ST_1 : Operation 139 [1/1] (0.67ns)   --->   "%icmp_ln1649_24 = icmp_sgt  i16 %p_read_13, i16 0"   --->   Operation 139 'icmp' 'icmp_ln1649_24' <Predicate = true> <Delay = 0.67> <CoreInst = "Cmp">   --->   Core 9 'Cmp' <Latency = 0> <II = 1> <Delay = 0.67> <FuncUnit> <Opcode : 'icmp'> <InPorts = 2> <OutPorts = 1>
ST_1 : Operation 140 [1/1] (0.29ns)   --->   "%datareg_V_24 = select i1 %icmp_ln1649_24, i15 %trunc_ln40_7, i15 0" [firmware/nnet_utils/nnet_activation.h:45]   --->   Operation 140 'select' 'datareg_V_24' <Predicate = true> <Delay = 0.29> <CoreInst = "Sel">   --->   Core 73 'Sel' <Latency = 0> <II = 1> <Delay = 0.29> <FuncUnit> <Opcode : 'select'> <InPorts = 3> <OutPorts = 1>
ST_1 : Operation 141 [1/1] (0.00ns)   --->   "%zext_ln45_24 = zext i15 %datareg_V_24" [firmware/nnet_utils/nnet_activation.h:45]   --->   Operation 141 'zext' 'zext_ln45_24' <Predicate = true> <Delay = 0.00>
ST_1 : Operation 142 [1/1] (0.67ns)   --->   "%icmp_ln1649_25 = icmp_sgt  i16 %p_read_12, i16 0"   --->   Operation 142 'icmp' 'icmp_ln1649_25' <Predicate = true> <Delay = 0.67> <CoreInst = "Cmp">   --->   Core 9 'Cmp' <Latency = 0> <II = 1> <Delay = 0.67> <FuncUnit> <Opcode : 'icmp'> <InPorts = 2> <OutPorts = 1>
ST_1 : Operation 143 [1/1] (0.29ns)   --->   "%datareg_V_25 = select i1 %icmp_ln1649_25, i15 %trunc_ln40_6, i15 0" [firmware/nnet_utils/nnet_activation.h:45]   --->   Operation 143 'select' 'datareg_V_25' <Predicate = true> <Delay = 0.29> <CoreInst = "Sel">   --->   Core 73 'Sel' <Latency = 0> <II = 1> <Delay = 0.29> <FuncUnit> <Opcode : 'select'> <InPorts = 3> <OutPorts = 1>
ST_1 : Operation 144 [1/1] (0.00ns)   --->   "%zext_ln45_25 = zext i15 %datareg_V_25" [firmware/nnet_utils/nnet_activation.h:45]   --->   Operation 144 'zext' 'zext_ln45_25' <Predicate = true> <Delay = 0.00>
ST_1 : Operation 145 [1/1] (0.67ns)   --->   "%icmp_ln1649_26 = icmp_sgt  i16 %p_read_11, i16 0"   --->   Operation 145 'icmp' 'icmp_ln1649_26' <Predicate = true> <Delay = 0.67> <CoreInst = "Cmp">   --->   Core 9 'Cmp' <Latency = 0> <II = 1> <Delay = 0.67> <FuncUnit> <Opcode : 'icmp'> <InPorts = 2> <OutPorts = 1>
ST_1 : Operation 146 [1/1] (0.29ns)   --->   "%datareg_V_26 = select i1 %icmp_ln1649_26, i15 %trunc_ln40_5, i15 0" [firmware/nnet_utils/nnet_activation.h:45]   --->   Operation 146 'select' 'datareg_V_26' <Predicate = true> <Delay = 0.29> <CoreInst = "Sel">   --->   Core 73 'Sel' <Latency = 0> <II = 1> <Delay = 0.29> <FuncUnit> <Opcode : 'select'> <InPorts = 3> <OutPorts = 1>
ST_1 : Operation 147 [1/1] (0.00ns)   --->   "%zext_ln45_26 = zext i15 %datareg_V_26" [firmware/nnet_utils/nnet_activation.h:45]   --->   Operation 147 'zext' 'zext_ln45_26' <Predicate = true> <Delay = 0.00>
ST_1 : Operation 148 [1/1] (0.67ns)   --->   "%icmp_ln1649_27 = icmp_sgt  i16 %p_read_10, i16 0"   --->   Operation 148 'icmp' 'icmp_ln1649_27' <Predicate = true> <Delay = 0.67> <CoreInst = "Cmp">   --->   Core 9 'Cmp' <Latency = 0> <II = 1> <Delay = 0.67> <FuncUnit> <Opcode : 'icmp'> <InPorts = 2> <OutPorts = 1>
ST_1 : Operation 149 [1/1] (0.29ns)   --->   "%datareg_V_27 = select i1 %icmp_ln1649_27, i15 %trunc_ln40_4, i15 0" [firmware/nnet_utils/nnet_activation.h:45]   --->   Operation 149 'select' 'datareg_V_27' <Predicate = true> <Delay = 0.29> <CoreInst = "Sel">   --->   Core 73 'Sel' <Latency = 0> <II = 1> <Delay = 0.29> <FuncUnit> <Opcode : 'select'> <InPorts = 3> <OutPorts = 1>
ST_1 : Operation 150 [1/1] (0.00ns)   --->   "%zext_ln45_27 = zext i15 %datareg_V_27" [firmware/nnet_utils/nnet_activation.h:45]   --->   Operation 150 'zext' 'zext_ln45_27' <Predicate = true> <Delay = 0.00>
ST_1 : Operation 151 [1/1] (0.67ns)   --->   "%icmp_ln1649_28 = icmp_sgt  i16 %p_read_9, i16 0"   --->   Operation 151 'icmp' 'icmp_ln1649_28' <Predicate = true> <Delay = 0.67> <CoreInst = "Cmp">   --->   Core 9 'Cmp' <Latency = 0> <II = 1> <Delay = 0.67> <FuncUnit> <Opcode : 'icmp'> <InPorts = 2> <OutPorts = 1>
ST_1 : Operation 152 [1/1] (0.29ns)   --->   "%datareg_V_28 = select i1 %icmp_ln1649_28, i15 %trunc_ln40_3, i15 0" [firmware/nnet_utils/nnet_activation.h:45]   --->   Operation 152 'select' 'datareg_V_28' <Predicate = true> <Delay = 0.29> <CoreInst = "Sel">   --->   Core 73 'Sel' <Latency = 0> <II = 1> <Delay = 0.29> <FuncUnit> <Opcode : 'select'> <InPorts = 3> <OutPorts = 1>
ST_1 : Operation 153 [1/1] (0.00ns)   --->   "%zext_ln45_28 = zext i15 %datareg_V_28" [firmware/nnet_utils/nnet_activation.h:45]   --->   Operation 153 'zext' 'zext_ln45_28' <Predicate = true> <Delay = 0.00>
ST_1 : Operation 154 [1/1] (0.67ns)   --->   "%icmp_ln1649_29 = icmp_sgt  i16 %p_read_8, i16 0"   --->   Operation 154 'icmp' 'icmp_ln1649_29' <Predicate = true> <Delay = 0.67> <CoreInst = "Cmp">   --->   Core 9 'Cmp' <Latency = 0> <II = 1> <Delay = 0.67> <FuncUnit> <Opcode : 'icmp'> <InPorts = 2> <OutPorts = 1>
ST_1 : Operation 155 [1/1] (0.29ns)   --->   "%datareg_V_29 = select i1 %icmp_ln1649_29, i15 %trunc_ln40_2, i15 0" [firmware/nnet_utils/nnet_activation.h:45]   --->   Operation 155 'select' 'datareg_V_29' <Predicate = true> <Delay = 0.29> <CoreInst = "Sel">   --->   Core 73 'Sel' <Latency = 0> <II = 1> <Delay = 0.29> <FuncUnit> <Opcode : 'select'> <InPorts = 3> <OutPorts = 1>
ST_1 : Operation 156 [1/1] (0.00ns)   --->   "%zext_ln45_29 = zext i15 %datareg_V_29" [firmware/nnet_utils/nnet_activation.h:45]   --->   Operation 156 'zext' 'zext_ln45_29' <Predicate = true> <Delay = 0.00>
ST_1 : Operation 157 [1/1] (0.67ns)   --->   "%icmp_ln1649_30 = icmp_sgt  i16 %p_read_7, i16 0"   --->   Operation 157 'icmp' 'icmp_ln1649_30' <Predicate = true> <Delay = 0.67> <CoreInst = "Cmp">   --->   Core 9 'Cmp' <Latency = 0> <II = 1> <Delay = 0.67> <FuncUnit> <Opcode : 'icmp'> <InPorts = 2> <OutPorts = 1>
ST_1 : Operation 158 [1/1] (0.29ns)   --->   "%datareg_V_30 = select i1 %icmp_ln1649_30, i15 %trunc_ln40_1, i15 0" [firmware/nnet_utils/nnet_activation.h:45]   --->   Operation 158 'select' 'datareg_V_30' <Predicate = true> <Delay = 0.29> <CoreInst = "Sel">   --->   Core 73 'Sel' <Latency = 0> <II = 1> <Delay = 0.29> <FuncUnit> <Opcode : 'select'> <InPorts = 3> <OutPorts = 1>
ST_1 : Operation 159 [1/1] (0.00ns)   --->   "%zext_ln45_30 = zext i15 %datareg_V_30" [firmware/nnet_utils/nnet_activation.h:45]   --->   Operation 159 'zext' 'zext_ln45_30' <Predicate = true> <Delay = 0.00>
ST_1 : Operation 160 [1/1] (0.67ns)   --->   "%icmp_ln1649_31 = icmp_sgt  i16 %p_read_6, i16 0"   --->   Operation 160 'icmp' 'icmp_ln1649_31' <Predicate = true> <Delay = 0.67> <CoreInst = "Cmp">   --->   Core 9 'Cmp' <Latency = 0> <II = 1> <Delay = 0.67> <FuncUnit> <Opcode : 'icmp'> <InPorts = 2> <OutPorts = 1>
ST_1 : Operation 161 [1/1] (0.29ns)   --->   "%datareg_V_31 = select i1 %icmp_ln1649_31, i15 %trunc_ln40, i15 0" [firmware/nnet_utils/nnet_activation.h:45]   --->   Operation 161 'select' 'datareg_V_31' <Predicate = true> <Delay = 0.29> <CoreInst = "Sel">   --->   Core 73 'Sel' <Latency = 0> <II = 1> <Delay = 0.29> <FuncUnit> <Opcode : 'select'> <InPorts = 3> <OutPorts = 1>
ST_1 : Operation 162 [1/1] (0.00ns)   --->   "%zext_ln45_31 = zext i15 %datareg_V_31" [firmware/nnet_utils/nnet_activation.h:45]   --->   Operation 162 'zext' 'zext_ln45_31' <Predicate = true> <Delay = 0.00>
ST_1 : Operation 163 [1/1] (0.00ns)   --->   "%mrv = insertvalue i512 <undef>, i16 %zext_ln45" [firmware/nnet_utils/nnet_activation.h:50]   --->   Operation 163 'insertvalue' 'mrv' <Predicate = true> <Delay = 0.00>
ST_1 : Operation 164 [1/1] (0.00ns)   --->   "%mrv_1 = insertvalue i512 %mrv, i16 %zext_ln45_1" [firmware/nnet_utils/nnet_activation.h:50]   --->   Operation 164 'insertvalue' 'mrv_1' <Predicate = true> <Delay = 0.00>
ST_1 : Operation 165 [1/1] (0.00ns)   --->   "%mrv_2 = insertvalue i512 %mrv_1, i16 %zext_ln45_2" [firmware/nnet_utils/nnet_activation.h:50]   --->   Operation 165 'insertvalue' 'mrv_2' <Predicate = true> <Delay = 0.00>
ST_1 : Operation 166 [1/1] (0.00ns)   --->   "%mrv_3 = insertvalue i512 %mrv_2, i16 %zext_ln45_3" [firmware/nnet_utils/nnet_activation.h:50]   --->   Operation 166 'insertvalue' 'mrv_3' <Predicate = true> <Delay = 0.00>
ST_1 : Operation 167 [1/1] (0.00ns)   --->   "%mrv_4 = insertvalue i512 %mrv_3, i16 %zext_ln45_4" [firmware/nnet_utils/nnet_activation.h:50]   --->   Operation 167 'insertvalue' 'mrv_4' <Predicate = true> <Delay = 0.00>
ST_1 : Operation 168 [1/1] (0.00ns)   --->   "%mrv_5 = insertvalue i512 %mrv_4, i16 %zext_ln45_5" [firmware/nnet_utils/nnet_activation.h:50]   --->   Operation 168 'insertvalue' 'mrv_5' <Predicate = true> <Delay = 0.00>
ST_1 : Operation 169 [1/1] (0.00ns)   --->   "%mrv_6 = insertvalue i512 %mrv_5, i16 %zext_ln45_6" [firmware/nnet_utils/nnet_activation.h:50]   --->   Operation 169 'insertvalue' 'mrv_6' <Predicate = true> <Delay = 0.00>
ST_1 : Operation 170 [1/1] (0.00ns)   --->   "%mrv_7 = insertvalue i512 %mrv_6, i16 %zext_ln45_7" [firmware/nnet_utils/nnet_activation.h:50]   --->   Operation 170 'insertvalue' 'mrv_7' <Predicate = true> <Delay = 0.00>
ST_1 : Operation 171 [1/1] (0.00ns)   --->   "%mrv_8 = insertvalue i512 %mrv_7, i16 %zext_ln45_8" [firmware/nnet_utils/nnet_activation.h:50]   --->   Operation 171 'insertvalue' 'mrv_8' <Predicate = true> <Delay = 0.00>
ST_1 : Operation 172 [1/1] (0.00ns)   --->   "%mrv_9 = insertvalue i512 %mrv_8, i16 %zext_ln45_9" [firmware/nnet_utils/nnet_activation.h:50]   --->   Operation 172 'insertvalue' 'mrv_9' <Predicate = true> <Delay = 0.00>
ST_1 : Operation 173 [1/1] (0.00ns)   --->   "%mrv_s = insertvalue i512 %mrv_9, i16 %zext_ln45_10" [firmware/nnet_utils/nnet_activation.h:50]   --->   Operation 173 'insertvalue' 'mrv_s' <Predicate = true> <Delay = 0.00>
ST_1 : Operation 174 [1/1] (0.00ns)   --->   "%mrv_10 = insertvalue i512 %mrv_s, i16 %zext_ln45_11" [firmware/nnet_utils/nnet_activation.h:50]   --->   Operation 174 'insertvalue' 'mrv_10' <Predicate = true> <Delay = 0.00>
ST_1 : Operation 175 [1/1] (0.00ns)   --->   "%mrv_11 = insertvalue i512 %mrv_10, i16 %zext_ln45_12" [firmware/nnet_utils/nnet_activation.h:50]   --->   Operation 175 'insertvalue' 'mrv_11' <Predicate = true> <Delay = 0.00>
ST_1 : Operation 176 [1/1] (0.00ns)   --->   "%mrv_12 = insertvalue i512 %mrv_11, i16 %zext_ln45_13" [firmware/nnet_utils/nnet_activation.h:50]   --->   Operation 176 'insertvalue' 'mrv_12' <Predicate = true> <Delay = 0.00>
ST_1 : Operation 177 [1/1] (0.00ns)   --->   "%mrv_13 = insertvalue i512 %mrv_12, i16 %zext_ln45_14" [firmware/nnet_utils/nnet_activation.h:50]   --->   Operation 177 'insertvalue' 'mrv_13' <Predicate = true> <Delay = 0.00>
ST_1 : Operation 178 [1/1] (0.00ns)   --->   "%mrv_14 = insertvalue i512 %mrv_13, i16 %zext_ln45_15" [firmware/nnet_utils/nnet_activation.h:50]   --->   Operation 178 'insertvalue' 'mrv_14' <Predicate = true> <Delay = 0.00>
ST_1 : Operation 179 [1/1] (0.00ns)   --->   "%mrv_15 = insertvalue i512 %mrv_14, i16 %zext_ln45_16" [firmware/nnet_utils/nnet_activation.h:50]   --->   Operation 179 'insertvalue' 'mrv_15' <Predicate = true> <Delay = 0.00>
ST_1 : Operation 180 [1/1] (0.00ns)   --->   "%mrv_16 = insertvalue i512 %mrv_15, i16 %zext_ln45_17" [firmware/nnet_utils/nnet_activation.h:50]   --->   Operation 180 'insertvalue' 'mrv_16' <Predicate = true> <Delay = 0.00>
ST_1 : Operation 181 [1/1] (0.00ns)   --->   "%mrv_17 = insertvalue i512 %mrv_16, i16 %zext_ln45_18" [firmware/nnet_utils/nnet_activation.h:50]   --->   Operation 181 'insertvalue' 'mrv_17' <Predicate = true> <Delay = 0.00>
ST_1 : Operation 182 [1/1] (0.00ns)   --->   "%mrv_18 = insertvalue i512 %mrv_17, i16 %zext_ln45_19" [firmware/nnet_utils/nnet_activation.h:50]   --->   Operation 182 'insertvalue' 'mrv_18' <Predicate = true> <Delay = 0.00>
ST_1 : Operation 183 [1/1] (0.00ns)   --->   "%mrv_19 = insertvalue i512 %mrv_18, i16 %zext_ln45_20" [firmware/nnet_utils/nnet_activation.h:50]   --->   Operation 183 'insertvalue' 'mrv_19' <Predicate = true> <Delay = 0.00>
ST_1 : Operation 184 [1/1] (0.00ns)   --->   "%mrv_20 = insertvalue i512 %mrv_19, i16 %zext_ln45_21" [firmware/nnet_utils/nnet_activation.h:50]   --->   Operation 184 'insertvalue' 'mrv_20' <Predicate = true> <Delay = 0.00>
ST_1 : Operation 185 [1/1] (0.00ns)   --->   "%mrv_21 = insertvalue i512 %mrv_20, i16 %zext_ln45_22" [firmware/nnet_utils/nnet_activation.h:50]   --->   Operation 185 'insertvalue' 'mrv_21' <Predicate = true> <Delay = 0.00>
ST_1 : Operation 186 [1/1] (0.00ns)   --->   "%mrv_22 = insertvalue i512 %mrv_21, i16 %zext_ln45_23" [firmware/nnet_utils/nnet_activation.h:50]   --->   Operation 186 'insertvalue' 'mrv_22' <Predicate = true> <Delay = 0.00>
ST_1 : Operation 187 [1/1] (0.00ns)   --->   "%mrv_23 = insertvalue i512 %mrv_22, i16 %zext_ln45_24" [firmware/nnet_utils/nnet_activation.h:50]   --->   Operation 187 'insertvalue' 'mrv_23' <Predicate = true> <Delay = 0.00>
ST_1 : Operation 188 [1/1] (0.00ns)   --->   "%mrv_24 = insertvalue i512 %mrv_23, i16 %zext_ln45_25" [firmware/nnet_utils/nnet_activation.h:50]   --->   Operation 188 'insertvalue' 'mrv_24' <Predicate = true> <Delay = 0.00>
ST_1 : Operation 189 [1/1] (0.00ns)   --->   "%mrv_25 = insertvalue i512 %mrv_24, i16 %zext_ln45_26" [firmware/nnet_utils/nnet_activation.h:50]   --->   Operation 189 'insertvalue' 'mrv_25' <Predicate = true> <Delay = 0.00>
ST_1 : Operation 190 [1/1] (0.00ns)   --->   "%mrv_26 = insertvalue i512 %mrv_25, i16 %zext_ln45_27" [firmware/nnet_utils/nnet_activation.h:50]   --->   Operation 190 'insertvalue' 'mrv_26' <Predicate = true> <Delay = 0.00>
ST_1 : Operation 191 [1/1] (0.00ns)   --->   "%mrv_27 = insertvalue i512 %mrv_26, i16 %zext_ln45_28" [firmware/nnet_utils/nnet_activation.h:50]   --->   Operation 191 'insertvalue' 'mrv_27' <Predicate = true> <Delay = 0.00>
ST_1 : Operation 192 [1/1] (0.00ns)   --->   "%mrv_28 = insertvalue i512 %mrv_27, i16 %zext_ln45_29" [firmware/nnet_utils/nnet_activation.h:50]   --->   Operation 192 'insertvalue' 'mrv_28' <Predicate = true> <Delay = 0.00>
ST_1 : Operation 193 [1/1] (0.00ns)   --->   "%mrv_29 = insertvalue i512 %mrv_28, i16 %zext_ln45_30" [firmware/nnet_utils/nnet_activation.h:50]   --->   Operation 193 'insertvalue' 'mrv_29' <Predicate = true> <Delay = 0.00>
ST_1 : Operation 194 [1/1] (0.00ns)   --->   "%mrv_30 = insertvalue i512 %mrv_29, i16 %zext_ln45_31" [firmware/nnet_utils/nnet_activation.h:50]   --->   Operation 194 'insertvalue' 'mrv_30' <Predicate = true> <Delay = 0.00>
ST_1 : Operation 195 [1/1] (0.00ns)   --->   "%ret_ln50 = ret i512 %mrv_30" [firmware/nnet_utils/nnet_activation.h:50]   --->   Operation 195 'ret' 'ret_ln50' <Predicate = true> <Delay = 0.00>


============================================================
+ Verbose Summary: Timing violations
============================================================
Target clock period: 5ns, clock uncertainty: 1.35ns.

 <State 1>: 0.969ns
The critical path consists of the following:
	wire read operation ('p_read32', firmware/nnet_utils/nnet_activation.h:40) on port 'p_read' (firmware/nnet_utils/nnet_activation.h:40) [64]  (0 ns)
	'icmp' operation ('icmp_ln1649') [98]  (0.676 ns)
	'select' operation ('datareg.V', firmware/nnet_utils/nnet_activation.h:45) [99]  (0.292 ns)


============================================================
+ Verbose Summary: Binding
============================================================
N/A
* FSMD analyzer results:
  - Output states:
 - Input state : 
  - Chain level:
	State 1


============================================================
+ Verbose Summary: Datapath Resource usage 
============================================================
N/A
