

================================================================
== Vitis HLS Report for 'softmax_stable_ap_fixed_ap_fixed_16_6_5_3_0_softmax_config13_s'
================================================================
* Date:           Tue Jan 28 04:07:47 2025

* Version:        2022.2 (Build 3670227 on Oct 13 2022)
* Project:        myproject_prj
* Solution:       solution1 (Vivado IP Flow Target)
* Product family: virtexuplus
* Target device:  xcu250-figd2104-2L-e


================================================================
== Performance Estimates
================================================================
+ Timing: 
    * Summary: 
    +--------+---------+----------+------------+
    |  Clock |  Target | Estimated| Uncertainty|
    +--------+---------+----------+------------+
    |ap_clk  |  5.00 ns|  3.494 ns|     1.35 ns|
    +--------+---------+----------+------------+

+ Latency: 
    * Summary: 
    +---------+---------+-----------+-----------+-----+-----+---------+
    |  Latency (cycles) |   Latency (absolute)  |  Interval | Pipeline|
    |   min   |   max   |    min    |    max    | min | max |   Type  |
    +---------+---------+-----------+-----------+-----+-----+---------+
    |        5|        5|  25.000 ns|  25.000 ns|    1|    1|      yes|
    +---------+---------+-----------+-----------+-----+-----+---------+

    + Detail: 
        * Instance: 
        N/A

        * Loop: 
        N/A

============================================================
+ Verbose Summary: Synthesis Manager
============================================================
InlineROM: 1
ExposeGlobal: 0
============================================================
+ Verbose Summary: CDFG Model
============================================================
IsTopModel: 0
ResetActiveHigh: 1
IsCombinational: 0
IsDatapathOnly: 0
HasWiredReturn: 1
HasMFsm: 2
HasVarLatency: 0
IsPipeline: 1
IsRtlPipelined: 1
IsInstanceOverlapped: 0
IsDontTouch: 0
HasImplIP: 0
IsGatedGlobalClock: 0

+ Individual pipeline summary: 
  * Pipeline-0: initiation interval (II) = 1, depth = 6


============================================================
+ Verbose Summary: Schedule
============================================================
* Number of FSM states : 6
* Pipeline : 1
  Pipeline-0 : II = 1, D = 6, States = { 1 2 3 4 5 6 }
* Dataflow Pipeline: 0

* FSM state transitions: 
1 --> 2 
2 --> 3 
3 --> 4 
4 --> 5 
5 --> 6 
6 --> 

* FSM state operations: 

State 1 <SV = 0> <Delay = 1.83>
ST_1 : Operation 7 [1/1] (0.00ns)   --->   "%p_read_1 = read i16 @_ssdm_op_Read.ap_auto.i16, i16 %p_read4"   --->   Operation 7 'read' 'p_read_1' <Predicate = true> <Delay = 0.00>
ST_1 : Operation 8 [1/1] (0.00ns)   --->   "%p_read_2 = read i16 @_ssdm_op_Read.ap_auto.i16, i16 %p_read3"   --->   Operation 8 'read' 'p_read_2' <Predicate = true> <Delay = 0.00>
ST_1 : Operation 9 [1/1] (0.00ns)   --->   "%p_read_3 = read i16 @_ssdm_op_Read.ap_auto.i16, i16 %p_read2"   --->   Operation 9 'read' 'p_read_3' <Predicate = true> <Delay = 0.00>
ST_1 : Operation 10 [1/1] (0.00ns)   --->   "%p_read_4 = read i16 @_ssdm_op_Read.ap_auto.i16, i16 %p_read1"   --->   Operation 10 'read' 'p_read_4' <Predicate = true> <Delay = 0.00>
ST_1 : Operation 11 [1/1] (0.00ns)   --->   "%p_read_5 = read i16 @_ssdm_op_Read.ap_auto.i16, i16 %p_read"   --->   Operation 11 'read' 'p_read_5' <Predicate = true> <Delay = 0.00>
ST_1 : Operation 12 [1/1] (0.67ns)   --->   "%icmp_ln1651 = icmp_slt  i16 %p_read_5, i16 %p_read_4"   --->   Operation 12 'icmp' 'icmp_ln1651' <Predicate = true> <Delay = 0.67> <CoreInst = "Cmp">   --->   Core 9 'Cmp' <Latency = 0> <II = 1> <Delay = 0.67> <FuncUnit> <Opcode : 'icmp'> <InPorts = 2> <OutPorts = 1>
ST_1 : Operation 13 [1/1] (0.00ns) (grouped into LUT with out node select_ln66)   --->   "%xor_ln1651 = xor i1 %icmp_ln1651, i1 1"   --->   Operation 13 'xor' 'xor_ln1651' <Predicate = true> <Delay = 0.00> <CoreInst = "LogicGate">   --->   Core 74 'LogicGate' <Latency = 0> <II = 1> <Delay = 0.12> <FuncUnit> <Opcode : 'and' 'or' 'xor'> <InPorts = 2> <OutPorts = 1>
ST_1 : Operation 14 [1/1] (0.24ns) (out node of the LUT)   --->   "%select_ln66 = select i1 %xor_ln1651, i16 %p_read_5, i16 %p_read_4" [firmware/nnet_utils/nnet_common.h:66]   --->   Operation 14 'select' 'select_ln66' <Predicate = true> <Delay = 0.24> <CoreInst = "Sel">   --->   Core 73 'Sel' <Latency = 0> <II = 1> <Delay = 0.24> <FuncUnit> <Opcode : 'select'> <InPorts = 3> <OutPorts = 1>
ST_1 : Operation 15 [1/1] (0.67ns)   --->   "%icmp_ln1651_1 = icmp_slt  i16 %p_read_3, i16 %p_read_2"   --->   Operation 15 'icmp' 'icmp_ln1651_1' <Predicate = true> <Delay = 0.67> <CoreInst = "Cmp">   --->   Core 9 'Cmp' <Latency = 0> <II = 1> <Delay = 0.67> <FuncUnit> <Opcode : 'icmp'> <InPorts = 2> <OutPorts = 1>
ST_1 : Operation 16 [1/1] (0.00ns) (grouped into LUT with out node select_ln66_1)   --->   "%xor_ln1651_1 = xor i1 %icmp_ln1651_1, i1 1"   --->   Operation 16 'xor' 'xor_ln1651_1' <Predicate = true> <Delay = 0.00> <CoreInst = "LogicGate">   --->   Core 74 'LogicGate' <Latency = 0> <II = 1> <Delay = 0.12> <FuncUnit> <Opcode : 'and' 'or' 'xor'> <InPorts = 2> <OutPorts = 1>
ST_1 : Operation 17 [1/1] (0.24ns) (out node of the LUT)   --->   "%select_ln66_1 = select i1 %xor_ln1651_1, i16 %p_read_3, i16 %p_read_2" [firmware/nnet_utils/nnet_common.h:66]   --->   Operation 17 'select' 'select_ln66_1' <Predicate = true> <Delay = 0.24> <CoreInst = "Sel">   --->   Core 73 'Sel' <Latency = 0> <II = 1> <Delay = 0.24> <FuncUnit> <Opcode : 'select'> <InPorts = 3> <OutPorts = 1>
ST_1 : Operation 18 [1/1] (0.67ns)   --->   "%icmp_ln1651_2 = icmp_slt  i16 %select_ln66, i16 %select_ln66_1"   --->   Operation 18 'icmp' 'icmp_ln1651_2' <Predicate = true> <Delay = 0.67> <CoreInst = "Cmp">   --->   Core 9 'Cmp' <Latency = 0> <II = 1> <Delay = 0.67> <FuncUnit> <Opcode : 'icmp'> <InPorts = 2> <OutPorts = 1>
ST_1 : Operation 19 [1/1] (0.00ns) (grouped into LUT with out node select_ln66_2)   --->   "%xor_ln1651_2 = xor i1 %icmp_ln1651_2, i1 1"   --->   Operation 19 'xor' 'xor_ln1651_2' <Predicate = true> <Delay = 0.00> <CoreInst = "LogicGate">   --->   Core 74 'LogicGate' <Latency = 0> <II = 1> <Delay = 0.12> <FuncUnit> <Opcode : 'and' 'or' 'xor'> <InPorts = 2> <OutPorts = 1>
ST_1 : Operation 20 [1/1] (0.24ns) (out node of the LUT)   --->   "%select_ln66_2 = select i1 %xor_ln1651_2, i16 %select_ln66, i16 %select_ln66_1" [firmware/nnet_utils/nnet_common.h:66]   --->   Operation 20 'select' 'select_ln66_2' <Predicate = true> <Delay = 0.24> <CoreInst = "Sel">   --->   Core 73 'Sel' <Latency = 0> <II = 1> <Delay = 0.24> <FuncUnit> <Opcode : 'select'> <InPorts = 3> <OutPorts = 1>

State 2 <SV = 1> <Delay = 3.20>
ST_2 : Operation 21 [1/1] (0.67ns)   --->   "%icmp_ln1651_3 = icmp_slt  i16 %select_ln66_2, i16 %p_read_1"   --->   Operation 21 'icmp' 'icmp_ln1651_3' <Predicate = true> <Delay = 0.67> <CoreInst = "Cmp">   --->   Core 9 'Cmp' <Latency = 0> <II = 1> <Delay = 0.67> <FuncUnit> <Opcode : 'icmp'> <InPorts = 2> <OutPorts = 1>
ST_2 : Operation 22 [1/1] (0.00ns) (grouped into LUT with out node x_max_V)   --->   "%xor_ln1651_3 = xor i1 %icmp_ln1651_3, i1 1"   --->   Operation 22 'xor' 'xor_ln1651_3' <Predicate = true> <Delay = 0.00> <CoreInst = "LogicGate">   --->   Core 74 'LogicGate' <Latency = 0> <II = 1> <Delay = 0.12> <FuncUnit> <Opcode : 'and' 'or' 'xor'> <InPorts = 2> <OutPorts = 1>
ST_2 : Operation 23 [1/1] (0.24ns) (out node of the LUT)   --->   "%x_max_V = select i1 %xor_ln1651_3, i16 %select_ln66_2, i16 %p_read_1" [firmware/nnet_utils/nnet_common.h:66]   --->   Operation 23 'select' 'x_max_V' <Predicate = true> <Delay = 0.24> <CoreInst = "Sel">   --->   Core 73 'Sel' <Latency = 0> <II = 1> <Delay = 0.24> <FuncUnit> <Opcode : 'select'> <InPorts = 3> <OutPorts = 1>
ST_2 : Operation 24 [1/1] (0.00ns)   --->   "%sext_ln1348 = sext i16 %p_read_5"   --->   Operation 24 'sext' 'sext_ln1348' <Predicate = true> <Delay = 0.00>
ST_2 : Operation 25 [1/1] (0.00ns)   --->   "%sext_ln1348_1 = sext i16 %x_max_V"   --->   Operation 25 'sext' 'sext_ln1348_1' <Predicate = true> <Delay = 0.00>
ST_2 : Operation 26 [1/1] (0.78ns)   --->   "%ret_V = sub i17 %sext_ln1348, i17 %sext_ln1348_1"   --->   Operation 26 'sub' 'ret_V' <Predicate = true> <Delay = 0.78> <CoreInst = "Adder">   --->   Core 1 'Adder' <Latency = 0> <II = 1> <Delay = 0.78> <FuncUnit> <Opcode : 'add' 'sub'> <InPorts = 2> <OutPorts = 1>
ST_2 : Operation 27 [1/1] (0.00ns)   --->   "%p_Result_20 = bitselect i1 @_ssdm_op_BitSelect.i1.i17.i32, i17 %ret_V, i32 16"   --->   Operation 27 'bitselect' 'p_Result_20' <Predicate = true> <Delay = 0.00>
ST_2 : Operation 28 [1/1] (0.00ns)   --->   "%p_Result_21 = bitselect i1 @_ssdm_op_BitSelect.i1.i17.i32, i17 %ret_V, i32 15"   --->   Operation 28 'bitselect' 'p_Result_21' <Predicate = true> <Delay = 0.00>
ST_2 : Operation 29 [1/1] (0.00ns) (grouped into LUT with out node p_Result_s)   --->   "%xor_ln895 = xor i1 %p_Result_20, i1 1"   --->   Operation 29 'xor' 'xor_ln895' <Predicate = true> <Delay = 0.00> <CoreInst = "LogicGate">   --->   Core 74 'LogicGate' <Latency = 0> <II = 1> <Delay = 0.12> <FuncUnit> <Opcode : 'and' 'or' 'xor'> <InPorts = 2> <OutPorts = 1>
ST_2 : Operation 30 [1/1] (0.00ns) (grouped into LUT with out node p_Result_s)   --->   "%overflow = and i1 %p_Result_21, i1 %xor_ln895"   --->   Operation 30 'and' 'overflow' <Predicate = true> <Delay = 0.00> <CoreInst = "LogicGate">   --->   Core 74 'LogicGate' <Latency = 0> <II = 1> <Delay = 0.12> <FuncUnit> <Opcode : 'and' 'or' 'xor'> <InPorts = 2> <OutPorts = 1>
ST_2 : Operation 31 [1/1] (0.00ns) (grouped into LUT with out node p_Result_s)   --->   "%xor_ln302 = xor i1 %p_Result_20, i1 %p_Result_21"   --->   Operation 31 'xor' 'xor_ln302' <Predicate = true> <Delay = 0.00> <CoreInst = "LogicGate">   --->   Core 74 'LogicGate' <Latency = 0> <II = 1> <Delay = 0.12> <FuncUnit> <Opcode : 'and' 'or' 'xor'> <InPorts = 2> <OutPorts = 1>
ST_2 : Operation 32 [1/1] (0.00ns)   --->   "%sext_ln1348_2 = sext i16 %p_read_4"   --->   Operation 32 'sext' 'sext_ln1348_2' <Predicate = true> <Delay = 0.00>
ST_2 : Operation 33 [1/1] (0.78ns)   --->   "%ret_V_1 = sub i17 %sext_ln1348_2, i17 %sext_ln1348_1"   --->   Operation 33 'sub' 'ret_V_1' <Predicate = true> <Delay = 0.78> <CoreInst = "Adder">   --->   Core 1 'Adder' <Latency = 0> <II = 1> <Delay = 0.78> <FuncUnit> <Opcode : 'add' 'sub'> <InPorts = 2> <OutPorts = 1>
ST_2 : Operation 34 [1/1] (0.00ns)   --->   "%p_Result_22 = bitselect i1 @_ssdm_op_BitSelect.i1.i17.i32, i17 %ret_V_1, i32 16"   --->   Operation 34 'bitselect' 'p_Result_22' <Predicate = true> <Delay = 0.00>
ST_2 : Operation 35 [1/1] (0.00ns)   --->   "%p_Result_23 = bitselect i1 @_ssdm_op_BitSelect.i1.i17.i32, i17 %ret_V_1, i32 15"   --->   Operation 35 'bitselect' 'p_Result_23' <Predicate = true> <Delay = 0.00>
ST_2 : Operation 36 [1/1] (0.00ns) (grouped into LUT with out node p_Result_11)   --->   "%xor_ln895_1 = xor i1 %p_Result_22, i1 1"   --->   Operation 36 'xor' 'xor_ln895_1' <Predicate = true> <Delay = 0.00> <CoreInst = "LogicGate">   --->   Core 74 'LogicGate' <Latency = 0> <II = 1> <Delay = 0.12> <FuncUnit> <Opcode : 'and' 'or' 'xor'> <InPorts = 2> <OutPorts = 1>
ST_2 : Operation 37 [1/1] (0.00ns) (grouped into LUT with out node p_Result_11)   --->   "%overflow_1 = and i1 %p_Result_23, i1 %xor_ln895_1"   --->   Operation 37 'and' 'overflow_1' <Predicate = true> <Delay = 0.00> <CoreInst = "LogicGate">   --->   Core 74 'LogicGate' <Latency = 0> <II = 1> <Delay = 0.12> <FuncUnit> <Opcode : 'and' 'or' 'xor'> <InPorts = 2> <OutPorts = 1>
ST_2 : Operation 38 [1/1] (0.00ns) (grouped into LUT with out node p_Result_11)   --->   "%xor_ln302_1 = xor i1 %p_Result_22, i1 %p_Result_23"   --->   Operation 38 'xor' 'xor_ln302_1' <Predicate = true> <Delay = 0.00> <CoreInst = "LogicGate">   --->   Core 74 'LogicGate' <Latency = 0> <II = 1> <Delay = 0.12> <FuncUnit> <Opcode : 'and' 'or' 'xor'> <InPorts = 2> <OutPorts = 1>
ST_2 : Operation 39 [1/1] (0.00ns)   --->   "%sext_ln1348_3 = sext i16 %p_read_3"   --->   Operation 39 'sext' 'sext_ln1348_3' <Predicate = true> <Delay = 0.00>
ST_2 : Operation 40 [1/1] (0.78ns)   --->   "%ret_V_2 = sub i17 %sext_ln1348_3, i17 %sext_ln1348_1"   --->   Operation 40 'sub' 'ret_V_2' <Predicate = true> <Delay = 0.78> <CoreInst = "Adder">   --->   Core 1 'Adder' <Latency = 0> <II = 1> <Delay = 0.78> <FuncUnit> <Opcode : 'add' 'sub'> <InPorts = 2> <OutPorts = 1>
ST_2 : Operation 41 [1/1] (0.00ns)   --->   "%p_Result_24 = bitselect i1 @_ssdm_op_BitSelect.i1.i17.i32, i17 %ret_V_2, i32 16"   --->   Operation 41 'bitselect' 'p_Result_24' <Predicate = true> <Delay = 0.00>
ST_2 : Operation 42 [1/1] (0.00ns)   --->   "%p_Result_25 = bitselect i1 @_ssdm_op_BitSelect.i1.i17.i32, i17 %ret_V_2, i32 15"   --->   Operation 42 'bitselect' 'p_Result_25' <Predicate = true> <Delay = 0.00>
ST_2 : Operation 43 [1/1] (0.00ns) (grouped into LUT with out node p_Result_12)   --->   "%xor_ln895_2 = xor i1 %p_Result_24, i1 1"   --->   Operation 43 'xor' 'xor_ln895_2' <Predicate = true> <Delay = 0.00> <CoreInst = "LogicGate">   --->   Core 74 'LogicGate' <Latency = 0> <II = 1> <Delay = 0.12> <FuncUnit> <Opcode : 'and' 'or' 'xor'> <InPorts = 2> <OutPorts = 1>
ST_2 : Operation 44 [1/1] (0.00ns) (grouped into LUT with out node p_Result_12)   --->   "%overflow_2 = and i1 %p_Result_25, i1 %xor_ln895_2"   --->   Operation 44 'and' 'overflow_2' <Predicate = true> <Delay = 0.00> <CoreInst = "LogicGate">   --->   Core 74 'LogicGate' <Latency = 0> <II = 1> <Delay = 0.12> <FuncUnit> <Opcode : 'and' 'or' 'xor'> <InPorts = 2> <OutPorts = 1>
ST_2 : Operation 45 [1/1] (0.00ns) (grouped into LUT with out node p_Result_12)   --->   "%xor_ln302_2 = xor i1 %p_Result_24, i1 %p_Result_25"   --->   Operation 45 'xor' 'xor_ln302_2' <Predicate = true> <Delay = 0.00> <CoreInst = "LogicGate">   --->   Core 74 'LogicGate' <Latency = 0> <II = 1> <Delay = 0.12> <FuncUnit> <Opcode : 'and' 'or' 'xor'> <InPorts = 2> <OutPorts = 1>
ST_2 : Operation 46 [1/1] (0.00ns)   --->   "%sext_ln1348_4 = sext i16 %p_read_2"   --->   Operation 46 'sext' 'sext_ln1348_4' <Predicate = true> <Delay = 0.00>
ST_2 : Operation 47 [1/1] (0.78ns)   --->   "%ret_V_3 = sub i17 %sext_ln1348_4, i17 %sext_ln1348_1"   --->   Operation 47 'sub' 'ret_V_3' <Predicate = true> <Delay = 0.78> <CoreInst = "Adder">   --->   Core 1 'Adder' <Latency = 0> <II = 1> <Delay = 0.78> <FuncUnit> <Opcode : 'add' 'sub'> <InPorts = 2> <OutPorts = 1>
ST_2 : Operation 48 [1/1] (0.00ns)   --->   "%p_Result_26 = bitselect i1 @_ssdm_op_BitSelect.i1.i17.i32, i17 %ret_V_3, i32 16"   --->   Operation 48 'bitselect' 'p_Result_26' <Predicate = true> <Delay = 0.00>
ST_2 : Operation 49 [1/1] (0.00ns)   --->   "%p_Result_27 = bitselect i1 @_ssdm_op_BitSelect.i1.i17.i32, i17 %ret_V_3, i32 15"   --->   Operation 49 'bitselect' 'p_Result_27' <Predicate = true> <Delay = 0.00>
ST_2 : Operation 50 [1/1] (0.00ns) (grouped into LUT with out node p_Result_13)   --->   "%xor_ln895_3 = xor i1 %p_Result_26, i1 1"   --->   Operation 50 'xor' 'xor_ln895_3' <Predicate = true> <Delay = 0.00> <CoreInst = "LogicGate">   --->   Core 74 'LogicGate' <Latency = 0> <II = 1> <Delay = 0.12> <FuncUnit> <Opcode : 'and' 'or' 'xor'> <InPorts = 2> <OutPorts = 1>
ST_2 : Operation 51 [1/1] (0.00ns) (grouped into LUT with out node p_Result_13)   --->   "%overflow_3 = and i1 %p_Result_27, i1 %xor_ln895_3"   --->   Operation 51 'and' 'overflow_3' <Predicate = true> <Delay = 0.00> <CoreInst = "LogicGate">   --->   Core 74 'LogicGate' <Latency = 0> <II = 1> <Delay = 0.12> <FuncUnit> <Opcode : 'and' 'or' 'xor'> <InPorts = 2> <OutPorts = 1>
ST_2 : Operation 52 [1/1] (0.00ns) (grouped into LUT with out node p_Result_13)   --->   "%xor_ln302_3 = xor i1 %p_Result_26, i1 %p_Result_27"   --->   Operation 52 'xor' 'xor_ln302_3' <Predicate = true> <Delay = 0.00> <CoreInst = "LogicGate">   --->   Core 74 'LogicGate' <Latency = 0> <II = 1> <Delay = 0.12> <FuncUnit> <Opcode : 'and' 'or' 'xor'> <InPorts = 2> <OutPorts = 1>
ST_2 : Operation 53 [1/1] (0.00ns)   --->   "%sext_ln1348_5 = sext i16 %p_read_1"   --->   Operation 53 'sext' 'sext_ln1348_5' <Predicate = true> <Delay = 0.00>
ST_2 : Operation 54 [1/1] (0.78ns)   --->   "%ret_V_4 = sub i17 %sext_ln1348_5, i17 %sext_ln1348_1"   --->   Operation 54 'sub' 'ret_V_4' <Predicate = true> <Delay = 0.78> <CoreInst = "Adder">   --->   Core 1 'Adder' <Latency = 0> <II = 1> <Delay = 0.78> <FuncUnit> <Opcode : 'add' 'sub'> <InPorts = 2> <OutPorts = 1>
ST_2 : Operation 55 [1/1] (0.00ns)   --->   "%p_Result_28 = bitselect i1 @_ssdm_op_BitSelect.i1.i17.i32, i17 %ret_V_4, i32 16"   --->   Operation 55 'bitselect' 'p_Result_28' <Predicate = true> <Delay = 0.00>
ST_2 : Operation 56 [1/1] (0.00ns)   --->   "%p_Result_29 = bitselect i1 @_ssdm_op_BitSelect.i1.i17.i32, i17 %ret_V_4, i32 15"   --->   Operation 56 'bitselect' 'p_Result_29' <Predicate = true> <Delay = 0.00>
ST_2 : Operation 57 [1/1] (0.00ns) (grouped into LUT with out node p_Result_14)   --->   "%xor_ln895_4 = xor i1 %p_Result_28, i1 1"   --->   Operation 57 'xor' 'xor_ln895_4' <Predicate = true> <Delay = 0.00> <CoreInst = "LogicGate">   --->   Core 74 'LogicGate' <Latency = 0> <II = 1> <Delay = 0.12> <FuncUnit> <Opcode : 'and' 'or' 'xor'> <InPorts = 2> <OutPorts = 1>
ST_2 : Operation 58 [1/1] (0.00ns) (grouped into LUT with out node p_Result_14)   --->   "%overflow_4 = and i1 %p_Result_29, i1 %xor_ln895_4"   --->   Operation 58 'and' 'overflow_4' <Predicate = true> <Delay = 0.00> <CoreInst = "LogicGate">   --->   Core 74 'LogicGate' <Latency = 0> <II = 1> <Delay = 0.12> <FuncUnit> <Opcode : 'and' 'or' 'xor'> <InPorts = 2> <OutPorts = 1>
ST_2 : Operation 59 [1/1] (0.00ns) (grouped into LUT with out node p_Result_14)   --->   "%xor_ln302_4 = xor i1 %p_Result_28, i1 %p_Result_29"   --->   Operation 59 'xor' 'xor_ln302_4' <Predicate = true> <Delay = 0.00> <CoreInst = "LogicGate">   --->   Core 74 'LogicGate' <Latency = 0> <II = 1> <Delay = 0.12> <FuncUnit> <Opcode : 'and' 'or' 'xor'> <InPorts = 2> <OutPorts = 1>
ST_2 : Operation 60 [1/1] (0.00ns) (grouped into LUT with out node p_Result_s)   --->   "%select_ln346 = select i1 %overflow, i10 511, i10 512"   --->   Operation 60 'select' 'select_ln346' <Predicate = true> <Delay = 0.00> <CoreInst = "Sel">   --->   Core 73 'Sel' <Latency = 0> <II = 1> <Delay = 0.30> <FuncUnit> <Opcode : 'select'> <InPorts = 3> <OutPorts = 1>
ST_2 : Operation 61 [1/1] (0.00ns) (grouped into LUT with out node p_Result_s)   --->   "%tmp = partselect i10 @_ssdm_op_PartSelect.i10.i17.i32.i32, i17 %ret_V, i32 6, i32 15"   --->   Operation 61 'partselect' 'tmp' <Predicate = true> <Delay = 0.00>
ST_2 : Operation 62 [1/1] (0.30ns) (out node of the LUT)   --->   "%p_Result_s = select i1 %xor_ln302, i10 %select_ln346, i10 %tmp"   --->   Operation 62 'select' 'p_Result_s' <Predicate = true> <Delay = 0.30> <CoreInst = "Sel">   --->   Core 73 'Sel' <Latency = 0> <II = 1> <Delay = 0.30> <FuncUnit> <Opcode : 'select'> <InPorts = 3> <OutPorts = 1>
ST_2 : Operation 63 [1/1] (0.00ns)   --->   "%zext_ln255 = zext i10 %p_Result_s" [firmware/nnet_utils/nnet_activation.h:255]   --->   Operation 63 'zext' 'zext_ln255' <Predicate = true> <Delay = 0.00>
ST_2 : Operation 64 [1/1] (0.00ns)   --->   "%exp_table_addr = getelementptr i17 %exp_table, i64 0, i64 %zext_ln255" [firmware/nnet_utils/nnet_activation.h:255]   --->   Operation 64 'getelementptr' 'exp_table_addr' <Predicate = true> <Delay = 0.00>
ST_2 : Operation 65 [2/2] (1.20ns)   --->   "%exp_res_V = load i10 %exp_table_addr" [firmware/nnet_utils/nnet_activation.h:255]   --->   Operation 65 'load' 'exp_res_V' <Predicate = true> <Delay = 1.20> <CoreInst = "ROM">   --->   Core 101 'ROM' <Latency = 1> <II = 1> <Delay = 1.20> <Storage> <Opcode : 'load'> <Ports = 0> <Width = 17> <Depth = 1024> <ROM>
ST_2 : Operation 66 [1/1] (0.00ns) (grouped into LUT with out node p_Result_11)   --->   "%select_ln346_1 = select i1 %overflow_1, i10 511, i10 512"   --->   Operation 66 'select' 'select_ln346_1' <Predicate = true> <Delay = 0.00> <CoreInst = "Sel">   --->   Core 73 'Sel' <Latency = 0> <II = 1> <Delay = 0.30> <FuncUnit> <Opcode : 'select'> <InPorts = 3> <OutPorts = 1>
ST_2 : Operation 67 [1/1] (0.00ns) (grouped into LUT with out node p_Result_11)   --->   "%tmp_1 = partselect i10 @_ssdm_op_PartSelect.i10.i17.i32.i32, i17 %ret_V_1, i32 6, i32 15"   --->   Operation 67 'partselect' 'tmp_1' <Predicate = true> <Delay = 0.00>
ST_2 : Operation 68 [1/1] (0.30ns) (out node of the LUT)   --->   "%p_Result_11 = select i1 %xor_ln302_1, i10 %select_ln346_1, i10 %tmp_1"   --->   Operation 68 'select' 'p_Result_11' <Predicate = true> <Delay = 0.30> <CoreInst = "Sel">   --->   Core 73 'Sel' <Latency = 0> <II = 1> <Delay = 0.30> <FuncUnit> <Opcode : 'select'> <InPorts = 3> <OutPorts = 1>
ST_2 : Operation 69 [1/1] (0.00ns)   --->   "%zext_ln255_1 = zext i10 %p_Result_11" [firmware/nnet_utils/nnet_activation.h:255]   --->   Operation 69 'zext' 'zext_ln255_1' <Predicate = true> <Delay = 0.00>
ST_2 : Operation 70 [1/1] (0.00ns)   --->   "%exp_table_addr_1 = getelementptr i17 %exp_table, i64 0, i64 %zext_ln255_1" [firmware/nnet_utils/nnet_activation.h:255]   --->   Operation 70 'getelementptr' 'exp_table_addr_1' <Predicate = true> <Delay = 0.00>
ST_2 : Operation 71 [2/2] (1.20ns)   --->   "%exp_res_V_5 = load i10 %exp_table_addr_1" [firmware/nnet_utils/nnet_activation.h:255]   --->   Operation 71 'load' 'exp_res_V_5' <Predicate = true> <Delay = 1.20> <CoreInst = "ROM">   --->   Core 101 'ROM' <Latency = 1> <II = 1> <Delay = 1.20> <Storage> <Opcode : 'load'> <Ports = 0> <Width = 17> <Depth = 1024> <ROM>
ST_2 : Operation 72 [1/1] (0.00ns) (grouped into LUT with out node p_Result_12)   --->   "%select_ln346_2 = select i1 %overflow_2, i10 511, i10 512"   --->   Operation 72 'select' 'select_ln346_2' <Predicate = true> <Delay = 0.00> <CoreInst = "Sel">   --->   Core 73 'Sel' <Latency = 0> <II = 1> <Delay = 0.30> <FuncUnit> <Opcode : 'select'> <InPorts = 3> <OutPorts = 1>
ST_2 : Operation 73 [1/1] (0.00ns) (grouped into LUT with out node p_Result_12)   --->   "%tmp_2 = partselect i10 @_ssdm_op_PartSelect.i10.i17.i32.i32, i17 %ret_V_2, i32 6, i32 15"   --->   Operation 73 'partselect' 'tmp_2' <Predicate = true> <Delay = 0.00>
ST_2 : Operation 74 [1/1] (0.30ns) (out node of the LUT)   --->   "%p_Result_12 = select i1 %xor_ln302_2, i10 %select_ln346_2, i10 %tmp_2"   --->   Operation 74 'select' 'p_Result_12' <Predicate = true> <Delay = 0.30> <CoreInst = "Sel">   --->   Core 73 'Sel' <Latency = 0> <II = 1> <Delay = 0.30> <FuncUnit> <Opcode : 'select'> <InPorts = 3> <OutPorts = 1>
ST_2 : Operation 75 [1/1] (0.00ns)   --->   "%zext_ln255_2 = zext i10 %p_Result_12" [firmware/nnet_utils/nnet_activation.h:255]   --->   Operation 75 'zext' 'zext_ln255_2' <Predicate = true> <Delay = 0.00>
ST_2 : Operation 76 [1/1] (0.00ns)   --->   "%exp_table_addr_2 = getelementptr i17 %exp_table, i64 0, i64 %zext_ln255_2" [firmware/nnet_utils/nnet_activation.h:255]   --->   Operation 76 'getelementptr' 'exp_table_addr_2' <Predicate = true> <Delay = 0.00>
ST_2 : Operation 77 [2/2] (1.20ns)   --->   "%exp_res_V_6 = load i10 %exp_table_addr_2" [firmware/nnet_utils/nnet_activation.h:255]   --->   Operation 77 'load' 'exp_res_V_6' <Predicate = true> <Delay = 1.20> <CoreInst = "ROM">   --->   Core 101 'ROM' <Latency = 1> <II = 1> <Delay = 1.20> <Storage> <Opcode : 'load'> <Ports = 0> <Width = 17> <Depth = 1024> <ROM>
ST_2 : Operation 78 [1/1] (0.00ns) (grouped into LUT with out node p_Result_13)   --->   "%select_ln346_3 = select i1 %overflow_3, i10 511, i10 512"   --->   Operation 78 'select' 'select_ln346_3' <Predicate = true> <Delay = 0.00> <CoreInst = "Sel">   --->   Core 73 'Sel' <Latency = 0> <II = 1> <Delay = 0.30> <FuncUnit> <Opcode : 'select'> <InPorts = 3> <OutPorts = 1>
ST_2 : Operation 79 [1/1] (0.00ns) (grouped into LUT with out node p_Result_13)   --->   "%tmp_3 = partselect i10 @_ssdm_op_PartSelect.i10.i17.i32.i32, i17 %ret_V_3, i32 6, i32 15"   --->   Operation 79 'partselect' 'tmp_3' <Predicate = true> <Delay = 0.00>
ST_2 : Operation 80 [1/1] (0.30ns) (out node of the LUT)   --->   "%p_Result_13 = select i1 %xor_ln302_3, i10 %select_ln346_3, i10 %tmp_3"   --->   Operation 80 'select' 'p_Result_13' <Predicate = true> <Delay = 0.30> <CoreInst = "Sel">   --->   Core 73 'Sel' <Latency = 0> <II = 1> <Delay = 0.30> <FuncUnit> <Opcode : 'select'> <InPorts = 3> <OutPorts = 1>
ST_2 : Operation 81 [1/1] (0.00ns)   --->   "%zext_ln255_3 = zext i10 %p_Result_13" [firmware/nnet_utils/nnet_activation.h:255]   --->   Operation 81 'zext' 'zext_ln255_3' <Predicate = true> <Delay = 0.00>
ST_2 : Operation 82 [1/1] (0.00ns)   --->   "%exp_table_addr_3 = getelementptr i17 %exp_table, i64 0, i64 %zext_ln255_3" [firmware/nnet_utils/nnet_activation.h:255]   --->   Operation 82 'getelementptr' 'exp_table_addr_3' <Predicate = true> <Delay = 0.00>
ST_2 : Operation 83 [2/2] (1.20ns)   --->   "%exp_res_V_7 = load i10 %exp_table_addr_3" [firmware/nnet_utils/nnet_activation.h:255]   --->   Operation 83 'load' 'exp_res_V_7' <Predicate = true> <Delay = 1.20> <CoreInst = "ROM">   --->   Core 101 'ROM' <Latency = 1> <II = 1> <Delay = 1.20> <Storage> <Opcode : 'load'> <Ports = 0> <Width = 17> <Depth = 1024> <ROM>
ST_2 : Operation 84 [1/1] (0.00ns) (grouped into LUT with out node p_Result_14)   --->   "%select_ln346_4 = select i1 %overflow_4, i10 511, i10 512"   --->   Operation 84 'select' 'select_ln346_4' <Predicate = true> <Delay = 0.00> <CoreInst = "Sel">   --->   Core 73 'Sel' <Latency = 0> <II = 1> <Delay = 0.30> <FuncUnit> <Opcode : 'select'> <InPorts = 3> <OutPorts = 1>
ST_2 : Operation 85 [1/1] (0.00ns) (grouped into LUT with out node p_Result_14)   --->   "%tmp_4 = partselect i10 @_ssdm_op_PartSelect.i10.i17.i32.i32, i17 %ret_V_4, i32 6, i32 15"   --->   Operation 85 'partselect' 'tmp_4' <Predicate = true> <Delay = 0.00>
ST_2 : Operation 86 [1/1] (0.30ns) (out node of the LUT)   --->   "%p_Result_14 = select i1 %xor_ln302_4, i10 %select_ln346_4, i10 %tmp_4"   --->   Operation 86 'select' 'p_Result_14' <Predicate = true> <Delay = 0.30> <CoreInst = "Sel">   --->   Core 73 'Sel' <Latency = 0> <II = 1> <Delay = 0.30> <FuncUnit> <Opcode : 'select'> <InPorts = 3> <OutPorts = 1>

State 3 <SV = 2> <Delay = 2.25>
ST_3 : Operation 87 [1/2] (1.20ns)   --->   "%exp_res_V = load i10 %exp_table_addr" [firmware/nnet_utils/nnet_activation.h:255]   --->   Operation 87 'load' 'exp_res_V' <Predicate = true> <Delay = 1.20> <CoreInst = "ROM">   --->   Core 101 'ROM' <Latency = 1> <II = 1> <Delay = 1.20> <Storage> <Opcode : 'load'> <Ports = 0> <Width = 17> <Depth = 1024> <ROM>
ST_3 : Operation 88 [1/1] (0.00ns)   --->   "%zext_ln255_5 = zext i17 %exp_res_V" [firmware/nnet_utils/nnet_activation.h:255]   --->   Operation 88 'zext' 'zext_ln255_5' <Predicate = true> <Delay = 0.00>
ST_3 : Operation 89 [1/2] (1.20ns)   --->   "%exp_res_V_5 = load i10 %exp_table_addr_1" [firmware/nnet_utils/nnet_activation.h:255]   --->   Operation 89 'load' 'exp_res_V_5' <Predicate = true> <Delay = 1.20> <CoreInst = "ROM">   --->   Core 101 'ROM' <Latency = 1> <II = 1> <Delay = 1.20> <Storage> <Opcode : 'load'> <Ports = 0> <Width = 17> <Depth = 1024> <ROM>
ST_3 : Operation 90 [1/1] (0.00ns)   --->   "%zext_ln255_6 = zext i17 %exp_res_V_5" [firmware/nnet_utils/nnet_activation.h:255]   --->   Operation 90 'zext' 'zext_ln255_6' <Predicate = true> <Delay = 0.00>
ST_3 : Operation 91 [1/2] (1.20ns)   --->   "%exp_res_V_6 = load i10 %exp_table_addr_2" [firmware/nnet_utils/nnet_activation.h:255]   --->   Operation 91 'load' 'exp_res_V_6' <Predicate = true> <Delay = 1.20> <CoreInst = "ROM">   --->   Core 101 'ROM' <Latency = 1> <II = 1> <Delay = 1.20> <Storage> <Opcode : 'load'> <Ports = 0> <Width = 17> <Depth = 1024> <ROM>
ST_3 : Operation 92 [1/1] (0.00ns)   --->   "%zext_ln255_7 = zext i17 %exp_res_V_6" [firmware/nnet_utils/nnet_activation.h:255]   --->   Operation 92 'zext' 'zext_ln255_7' <Predicate = true> <Delay = 0.00>
ST_3 : Operation 93 [1/2] (1.20ns)   --->   "%exp_res_V_7 = load i10 %exp_table_addr_3" [firmware/nnet_utils/nnet_activation.h:255]   --->   Operation 93 'load' 'exp_res_V_7' <Predicate = true> <Delay = 1.20> <CoreInst = "ROM">   --->   Core 101 'ROM' <Latency = 1> <II = 1> <Delay = 1.20> <Storage> <Opcode : 'load'> <Ports = 0> <Width = 17> <Depth = 1024> <ROM>
ST_3 : Operation 94 [1/1] (0.00ns)   --->   "%zext_ln255_8 = zext i17 %exp_res_V_7" [firmware/nnet_utils/nnet_activation.h:255]   --->   Operation 94 'zext' 'zext_ln255_8' <Predicate = true> <Delay = 0.00>
ST_3 : Operation 95 [1/1] (0.00ns)   --->   "%zext_ln255_4 = zext i10 %p_Result_14" [firmware/nnet_utils/nnet_activation.h:255]   --->   Operation 95 'zext' 'zext_ln255_4' <Predicate = true> <Delay = 0.00>
ST_3 : Operation 96 [1/1] (0.00ns)   --->   "%exp_table_addr_4 = getelementptr i17 %exp_table, i64 0, i64 %zext_ln255_4" [firmware/nnet_utils/nnet_activation.h:255]   --->   Operation 96 'getelementptr' 'exp_table_addr_4' <Predicate = true> <Delay = 0.00>
ST_3 : Operation 97 [2/2] (1.20ns)   --->   "%exp_res_V_8 = load i10 %exp_table_addr_4" [firmware/nnet_utils/nnet_activation.h:255]   --->   Operation 97 'load' 'exp_res_V_8' <Predicate = true> <Delay = 1.20> <CoreInst = "ROM">   --->   Core 101 'ROM' <Latency = 1> <II = 1> <Delay = 1.20> <Storage> <Opcode : 'load'> <Ports = 0> <Width = 17> <Depth = 1024> <ROM>
ST_3 : Operation 98 [1/1] (0.79ns)   --->   "%p_Val2_5 = add i18 %zext_ln255_6, i18 %zext_ln255_5"   --->   Operation 98 'add' 'p_Val2_5' <Predicate = true> <Delay = 0.79> <CoreInst = "Adder">   --->   Core 1 'Adder' <Latency = 0> <II = 1> <Delay = 0.79> <FuncUnit> <Opcode : 'add' 'sub'> <InPorts = 2> <OutPorts = 1>
ST_3 : Operation 99 [1/1] (0.79ns)   --->   "%add_ln856 = add i17 %exp_res_V_5, i17 %exp_res_V"   --->   Operation 99 'add' 'add_ln856' <Predicate = true> <Delay = 0.79> <CoreInst = "Adder">   --->   Core 1 'Adder' <Latency = 0> <II = 1> <Delay = 0.79> <FuncUnit> <Opcode : 'add' 'sub'> <InPorts = 2> <OutPorts = 1>
ST_3 : Operation 100 [1/1] (0.00ns)   --->   "%p_Result_30 = bitselect i1 @_ssdm_op_BitSelect.i1.i18.i32, i18 %p_Val2_5, i32 17"   --->   Operation 100 'bitselect' 'p_Result_30' <Predicate = true> <Delay = 0.00>
ST_3 : Operation 101 [1/1] (0.26ns)   --->   "%select_ln302 = select i1 %p_Result_30, i17 131071, i17 %add_ln856"   --->   Operation 101 'select' 'select_ln302' <Predicate = true> <Delay = 0.26> <CoreInst = "Sel">   --->   Core 73 'Sel' <Latency = 0> <II = 1> <Delay = 0.26> <FuncUnit> <Opcode : 'select'> <InPorts = 3> <OutPorts = 1>
ST_3 : Operation 102 [1/1] (0.79ns)   --->   "%p_Val2_6 = add i18 %zext_ln255_8, i18 %zext_ln255_7"   --->   Operation 102 'add' 'p_Val2_6' <Predicate = true> <Delay = 0.79> <CoreInst = "Adder">   --->   Core 1 'Adder' <Latency = 0> <II = 1> <Delay = 0.79> <FuncUnit> <Opcode : 'add' 'sub'> <InPorts = 2> <OutPorts = 1>
ST_3 : Operation 103 [1/1] (0.79ns)   --->   "%add_ln856_1 = add i17 %exp_res_V_7, i17 %exp_res_V_6"   --->   Operation 103 'add' 'add_ln856_1' <Predicate = true> <Delay = 0.79> <CoreInst = "Adder">   --->   Core 1 'Adder' <Latency = 0> <II = 1> <Delay = 0.79> <FuncUnit> <Opcode : 'add' 'sub'> <InPorts = 2> <OutPorts = 1>
ST_3 : Operation 104 [1/1] (0.00ns)   --->   "%p_Result_31 = bitselect i1 @_ssdm_op_BitSelect.i1.i18.i32, i18 %p_Val2_6, i32 17"   --->   Operation 104 'bitselect' 'p_Result_31' <Predicate = true> <Delay = 0.00>
ST_3 : Operation 105 [1/1] (0.26ns)   --->   "%select_ln302_1 = select i1 %p_Result_31, i17 131071, i17 %add_ln856_1"   --->   Operation 105 'select' 'select_ln302_1' <Predicate = true> <Delay = 0.26> <CoreInst = "Sel">   --->   Core 73 'Sel' <Latency = 0> <II = 1> <Delay = 0.26> <FuncUnit> <Opcode : 'select'> <InPorts = 3> <OutPorts = 1>

State 4 <SV = 3> <Delay = 3.49>
ST_4 : Operation 106 [1/2] (1.20ns)   --->   "%exp_res_V_8 = load i10 %exp_table_addr_4" [firmware/nnet_utils/nnet_activation.h:255]   --->   Operation 106 'load' 'exp_res_V_8' <Predicate = true> <Delay = 1.20> <CoreInst = "ROM">   --->   Core 101 'ROM' <Latency = 1> <II = 1> <Delay = 1.20> <Storage> <Opcode : 'load'> <Ports = 0> <Width = 17> <Depth = 1024> <ROM>
ST_4 : Operation 107 [1/1] (0.00ns) (grouped into LUT with out node p_Val2_8)   --->   "%zext_ln249 = zext i17 %exp_res_V_8" [firmware/nnet_utils/nnet_activation.h:249]   --->   Operation 107 'zext' 'zext_ln249' <Predicate = true> <Delay = 0.00>
ST_4 : Operation 108 [1/1] (0.00ns)   --->   "%zext_ln813 = zext i17 %select_ln302"   --->   Operation 108 'zext' 'zext_ln813' <Predicate = true> <Delay = 0.00>
ST_4 : Operation 109 [1/1] (0.00ns)   --->   "%zext_ln813_1 = zext i17 %select_ln302_1"   --->   Operation 109 'zext' 'zext_ln813_1' <Predicate = true> <Delay = 0.00>
ST_4 : Operation 110 [1/1] (0.79ns)   --->   "%p_Val2_7 = add i18 %zext_ln813_1, i18 %zext_ln813"   --->   Operation 110 'add' 'p_Val2_7' <Predicate = true> <Delay = 0.79> <CoreInst = "Adder">   --->   Core 1 'Adder' <Latency = 0> <II = 1> <Delay = 0.79> <FuncUnit> <Opcode : 'add' 'sub'> <InPorts = 2> <OutPorts = 1>
ST_4 : Operation 111 [1/1] (0.79ns)   --->   "%add_ln856_2 = add i17 %select_ln302_1, i17 %select_ln302"   --->   Operation 111 'add' 'add_ln856_2' <Predicate = true> <Delay = 0.79> <CoreInst = "Adder">   --->   Core 1 'Adder' <Latency = 0> <II = 1> <Delay = 0.79> <FuncUnit> <Opcode : 'add' 'sub'> <InPorts = 2> <OutPorts = 1>
ST_4 : Operation 112 [1/1] (0.00ns) (grouped into LUT with out node p_Val2_8)   --->   "%p_Result_32 = bitselect i1 @_ssdm_op_BitSelect.i1.i18.i32, i18 %p_Val2_7, i32 17"   --->   Operation 112 'bitselect' 'p_Result_32' <Predicate = true> <Delay = 0.00>
ST_4 : Operation 113 [1/1] (0.00ns) (grouped into LUT with out node p_Val2_8)   --->   "%lhs = select i1 %p_Result_32, i17 131071, i17 %add_ln856_2"   --->   Operation 113 'select' 'lhs' <Predicate = true> <Delay = 0.00> <CoreInst = "Sel">   --->   Core 73 'Sel' <Latency = 0> <II = 1> <Delay = 0.26> <FuncUnit> <Opcode : 'select'> <InPorts = 3> <OutPorts = 1>
ST_4 : Operation 114 [1/1] (0.00ns) (grouped into LUT with out node p_Val2_8)   --->   "%zext_ln813_2 = zext i17 %lhs"   --->   Operation 114 'zext' 'zext_ln813_2' <Predicate = true> <Delay = 0.00>
ST_4 : Operation 115 [1/1] (0.79ns) (out node of the LUT)   --->   "%p_Val2_8 = add i18 %zext_ln249, i18 %zext_ln813_2"   --->   Operation 115 'add' 'p_Val2_8' <Predicate = true> <Delay = 0.79> <CoreInst = "Adder">   --->   Core 1 'Adder' <Latency = 0> <II = 1> <Delay = 0.79> <FuncUnit> <Opcode : 'add' 'sub'> <InPorts = 2> <OutPorts = 1>
ST_4 : Operation 116 [1/1] (0.00ns)   --->   "%p_Result_33 = bitselect i1 @_ssdm_op_BitSelect.i1.i18.i32, i18 %p_Val2_8, i32 17"   --->   Operation 116 'bitselect' 'p_Result_33' <Predicate = true> <Delay = 0.00>
ST_4 : Operation 117 [1/1] (0.00ns)   --->   "%tmp_5 = partselect i10 @_ssdm_op_PartSelect.i10.i18.i32.i32, i18 %p_Val2_8, i32 8, i32 17"   --->   Operation 117 'partselect' 'tmp_5' <Predicate = true> <Delay = 0.00>
ST_4 : Operation 118 [1/1] (0.30ns)   --->   "%p_Result_19 = select i1 %p_Result_33, i10 511, i10 %tmp_5"   --->   Operation 118 'select' 'p_Result_19' <Predicate = true> <Delay = 0.30> <CoreInst = "Sel">   --->   Core 73 'Sel' <Latency = 0> <II = 1> <Delay = 0.30> <FuncUnit> <Opcode : 'select'> <InPorts = 3> <OutPorts = 1>
ST_4 : Operation 119 [1/1] (0.00ns)   --->   "%zext_ln265 = zext i10 %p_Result_19" [firmware/nnet_utils/nnet_activation.h:265]   --->   Operation 119 'zext' 'zext_ln265' <Predicate = true> <Delay = 0.00>
ST_4 : Operation 120 [1/1] (0.00ns)   --->   "%invert_table_addr = getelementptr i18 %invert_table, i64 0, i64 %zext_ln265" [firmware/nnet_utils/nnet_activation.h:265]   --->   Operation 120 'getelementptr' 'invert_table_addr' <Predicate = true> <Delay = 0.00>
ST_4 : Operation 121 [2/2] (1.20ns)   --->   "%inv_exp_sum_V = load i10 %invert_table_addr" [firmware/nnet_utils/nnet_activation.h:265]   --->   Operation 121 'load' 'inv_exp_sum_V' <Predicate = true> <Delay = 1.20> <CoreInst = "ROM">   --->   Core 101 'ROM' <Latency = 1> <II = 1> <Delay = 1.20> <Storage> <Opcode : 'load'> <Ports = 0> <Width = 18> <Depth = 1024> <ROM>

State 5 <SV = 4> <Delay = 1.20>
ST_5 : Operation 122 [1/2] (1.20ns)   --->   "%inv_exp_sum_V = load i10 %invert_table_addr" [firmware/nnet_utils/nnet_activation.h:265]   --->   Operation 122 'load' 'inv_exp_sum_V' <Predicate = true> <Delay = 1.20> <CoreInst = "ROM">   --->   Core 101 'ROM' <Latency = 1> <II = 1> <Delay = 1.20> <Storage> <Opcode : 'load'> <Ports = 0> <Width = 18> <Depth = 1024> <ROM>

State 6 <SV = 5> <Delay = 2.53>
ST_6 : Operation 123 [1/1] (0.00ns)   --->   "%specpipeline_ln217 = specpipeline void @_ssdm_op_SpecPipeline, i32 4294967295, i32 0, i32 0, i32 0, void @empty_0" [firmware/nnet_utils/nnet_activation.h:217]   --->   Operation 123 'specpipeline' 'specpipeline_ln217' <Predicate = true> <Delay = 0.00>
ST_6 : Operation 124 [1/1] (0.00ns)   --->   "%sext_ln1273 = sext i18 %inv_exp_sum_V"   --->   Operation 124 'sext' 'sext_ln1273' <Predicate = true> <Delay = 0.00>
ST_6 : Operation 125 [1/1] (0.00ns)   --->   "%zext_ln1273 = zext i17 %exp_res_V"   --->   Operation 125 'zext' 'zext_ln1273' <Predicate = true> <Delay = 0.00>
ST_6 : Operation 126 [1/1] (2.53ns) (root node of the DSP)   --->   "%mul_ln1270 = mul i26 %sext_ln1273, i26 %zext_ln1273"   --->   Operation 126 'mul' 'mul_ln1270' <Predicate = true> <Delay = 2.53> <CoreInst = "DSP48">   --->   Core 127 'DSP48' <Latency = 0> <II = 1> <Delay = 2.53> <IPBlock> <Opcode : 'mul' 'add' 'sub' 'select'> <InPorts = 0> <OutPorts = 1> <Sync> <CReg>
ST_6 : Operation 127 [1/1] (0.00ns)   --->   "%trunc_ln = partselect i16 @_ssdm_op_PartSelect.i16.i26.i32.i32, i26 %mul_ln1270, i32 10, i32 25"   --->   Operation 127 'partselect' 'trunc_ln' <Predicate = true> <Delay = 0.00>
ST_6 : Operation 128 [1/1] (0.00ns)   --->   "%zext_ln1273_1 = zext i17 %exp_res_V_5"   --->   Operation 128 'zext' 'zext_ln1273_1' <Predicate = true> <Delay = 0.00>
ST_6 : Operation 129 [1/1] (2.53ns) (root node of the DSP)   --->   "%mul_ln1270_1 = mul i26 %sext_ln1273, i26 %zext_ln1273_1"   --->   Operation 129 'mul' 'mul_ln1270_1' <Predicate = true> <Delay = 2.53> <CoreInst = "DSP48">   --->   Core 127 'DSP48' <Latency = 0> <II = 1> <Delay = 2.53> <IPBlock> <Opcode : 'mul' 'add' 'sub' 'select'> <InPorts = 0> <OutPorts = 1> <Sync> <CReg>
ST_6 : Operation 130 [1/1] (0.00ns)   --->   "%trunc_ln818_1 = partselect i16 @_ssdm_op_PartSelect.i16.i26.i32.i32, i26 %mul_ln1270_1, i32 10, i32 25"   --->   Operation 130 'partselect' 'trunc_ln818_1' <Predicate = true> <Delay = 0.00>
ST_6 : Operation 131 [1/1] (0.00ns)   --->   "%zext_ln1273_2 = zext i17 %exp_res_V_6"   --->   Operation 131 'zext' 'zext_ln1273_2' <Predicate = true> <Delay = 0.00>
ST_6 : Operation 132 [1/1] (2.53ns) (root node of the DSP)   --->   "%mul_ln1270_2 = mul i26 %sext_ln1273, i26 %zext_ln1273_2"   --->   Operation 132 'mul' 'mul_ln1270_2' <Predicate = true> <Delay = 2.53> <CoreInst = "DSP48">   --->   Core 127 'DSP48' <Latency = 0> <II = 1> <Delay = 2.53> <IPBlock> <Opcode : 'mul' 'add' 'sub' 'select'> <InPorts = 0> <OutPorts = 1> <Sync> <CReg>
ST_6 : Operation 133 [1/1] (0.00ns)   --->   "%trunc_ln818_2 = partselect i16 @_ssdm_op_PartSelect.i16.i26.i32.i32, i26 %mul_ln1270_2, i32 10, i32 25"   --->   Operation 133 'partselect' 'trunc_ln818_2' <Predicate = true> <Delay = 0.00>
ST_6 : Operation 134 [1/1] (0.00ns)   --->   "%zext_ln1273_3 = zext i17 %exp_res_V_7"   --->   Operation 134 'zext' 'zext_ln1273_3' <Predicate = true> <Delay = 0.00>
ST_6 : Operation 135 [1/1] (2.53ns) (root node of the DSP)   --->   "%mul_ln1270_3 = mul i26 %sext_ln1273, i26 %zext_ln1273_3"   --->   Operation 135 'mul' 'mul_ln1270_3' <Predicate = true> <Delay = 2.53> <CoreInst = "DSP48">   --->   Core 127 'DSP48' <Latency = 0> <II = 1> <Delay = 2.53> <IPBlock> <Opcode : 'mul' 'add' 'sub' 'select'> <InPorts = 0> <OutPorts = 1> <Sync> <CReg>
ST_6 : Operation 136 [1/1] (0.00ns)   --->   "%trunc_ln818_3 = partselect i16 @_ssdm_op_PartSelect.i16.i26.i32.i32, i26 %mul_ln1270_3, i32 10, i32 25"   --->   Operation 136 'partselect' 'trunc_ln818_3' <Predicate = true> <Delay = 0.00>
ST_6 : Operation 137 [1/1] (0.00ns)   --->   "%zext_ln1273_4 = zext i17 %exp_res_V_8"   --->   Operation 137 'zext' 'zext_ln1273_4' <Predicate = true> <Delay = 0.00>
ST_6 : Operation 138 [1/1] (2.53ns) (root node of the DSP)   --->   "%mul_ln1270_4 = mul i26 %sext_ln1273, i26 %zext_ln1273_4"   --->   Operation 138 'mul' 'mul_ln1270_4' <Predicate = true> <Delay = 2.53> <CoreInst = "DSP48">   --->   Core 127 'DSP48' <Latency = 0> <II = 1> <Delay = 2.53> <IPBlock> <Opcode : 'mul' 'add' 'sub' 'select'> <InPorts = 0> <OutPorts = 1> <Sync> <CReg>
ST_6 : Operation 139 [1/1] (0.00ns)   --->   "%trunc_ln818_4 = partselect i16 @_ssdm_op_PartSelect.i16.i26.i32.i32, i26 %mul_ln1270_4, i32 10, i32 25"   --->   Operation 139 'partselect' 'trunc_ln818_4' <Predicate = true> <Delay = 0.00>
ST_6 : Operation 140 [1/1] (0.00ns)   --->   "%mrv = insertvalue i80 <undef>, i16 %trunc_ln" [firmware/nnet_utils/nnet_activation.h:270]   --->   Operation 140 'insertvalue' 'mrv' <Predicate = true> <Delay = 0.00>
ST_6 : Operation 141 [1/1] (0.00ns)   --->   "%mrv_1 = insertvalue i80 %mrv, i16 %trunc_ln818_1" [firmware/nnet_utils/nnet_activation.h:270]   --->   Operation 141 'insertvalue' 'mrv_1' <Predicate = true> <Delay = 0.00>
ST_6 : Operation 142 [1/1] (0.00ns)   --->   "%mrv_2 = insertvalue i80 %mrv_1, i16 %trunc_ln818_2" [firmware/nnet_utils/nnet_activation.h:270]   --->   Operation 142 'insertvalue' 'mrv_2' <Predicate = true> <Delay = 0.00>
ST_6 : Operation 143 [1/1] (0.00ns)   --->   "%mrv_3 = insertvalue i80 %mrv_2, i16 %trunc_ln818_3" [firmware/nnet_utils/nnet_activation.h:270]   --->   Operation 143 'insertvalue' 'mrv_3' <Predicate = true> <Delay = 0.00>
ST_6 : Operation 144 [1/1] (0.00ns)   --->   "%mrv_4 = insertvalue i80 %mrv_3, i16 %trunc_ln818_4" [firmware/nnet_utils/nnet_activation.h:270]   --->   Operation 144 'insertvalue' 'mrv_4' <Predicate = true> <Delay = 0.00>
ST_6 : Operation 145 [1/1] (0.00ns)   --->   "%ret_ln270 = ret i80 %mrv_4" [firmware/nnet_utils/nnet_activation.h:270]   --->   Operation 145 'ret' 'ret_ln270' <Predicate = true> <Delay = 0.00>


============================================================
+ Verbose Summary: Timing violations
============================================================
Target clock period: 5ns, clock uncertainty: 1.35ns.

 <State 1>: 1.84ns
The critical path consists of the following:
	wire read operation ('p_read_2') on port 'p_read3' [10]  (0 ns)
	'icmp' operation ('icmp_ln1651_1') [17]  (0.676 ns)
	'xor' operation ('xor_ln1651_1') [18]  (0 ns)
	'select' operation ('select_ln66_1', firmware/nnet_utils/nnet_common.h:66) [19]  (0.243 ns)
	'icmp' operation ('icmp_ln1651_2') [20]  (0.676 ns)
	'xor' operation ('xor_ln1651_2') [21]  (0 ns)
	'select' operation ('select_ln66_2', firmware/nnet_utils/nnet_common.h:66) [22]  (0.243 ns)

 <State 2>: 3.21ns
The critical path consists of the following:
	'icmp' operation ('icmp_ln1651_3') [23]  (0.676 ns)
	'xor' operation ('xor_ln1651_3') [24]  (0 ns)
	'select' operation ('x_max.V', firmware/nnet_utils/nnet_common.h:66) [25]  (0.243 ns)
	'sub' operation ('ret.V') [28]  (0.785 ns)
	'select' operation ('__Result__') [64]  (0.303 ns)
	'getelementptr' operation ('exp_table_addr', firmware/nnet_utils/nnet_activation.h:255) [66]  (0 ns)
	'load' operation ('exp_res.V', firmware/nnet_utils/nnet_activation.h:255) on array 'exp_table' [67]  (1.2 ns)

 <State 3>: 2.26ns
The critical path consists of the following:
	'load' operation ('exp_res.V', firmware/nnet_utils/nnet_activation.h:255) on array 'exp_table' [67]  (1.2 ns)
	'add' operation ('add_ln856') [98]  (0.791 ns)
	'select' operation ('select_ln302') [100]  (0.268 ns)

 <State 4>: 3.49ns
The critical path consists of the following:
	'load' operation ('exp_res.V', firmware/nnet_utils/nnet_activation.h:255) on array 'exp_table' [95]  (1.2 ns)
	'add' operation ('__Val2__') [112]  (0.791 ns)
	'select' operation ('__Result__') [115]  (0.303 ns)
	'getelementptr' operation ('invert_table_addr', firmware/nnet_utils/nnet_activation.h:265) [117]  (0 ns)
	'load' operation ('inv_exp_sum.V', firmware/nnet_utils/nnet_activation.h:265) on array 'invert_table' [118]  (1.2 ns)

 <State 5>: 1.2ns
The critical path consists of the following:
	'load' operation ('inv_exp_sum.V', firmware/nnet_utils/nnet_activation.h:265) on array 'invert_table' [118]  (1.2 ns)

 <State 6>: 2.53ns
The critical path consists of the following:
	'mul' operation of DSP[121] ('mul_ln1270') [121]  (2.53 ns)


============================================================
+ Verbose Summary: Binding
============================================================
N/A
* FSMD analyzer results:
  - Output states:
 - Input state : 
  - Chain level:
	State 1
	State 2
	State 3
	State 4
	State 5
	State 6


============================================================
+ Verbose Summary: Datapath Resource usage 
============================================================
N/A
